{"logTime": "0502/143257", "correlationVector":"zVyZnULweWWtpK8MzGE97b.1","action":"SyncServerConnectionManagerRequest", "result":"SYNC_SERVER_OK", "context":{"environment":"Prod_southeastasia_prod-s01-064-apac-southeastasia", "migrationStage":"NotStarted", "server":"akswtt00000000i"}}
{"logTime": "0502/143257", "correlationVector":"zVyZnULweWWtpK8MzGE97b.2","action":"ProcessGetUpdates", "result":"Done", "context":{"dataType":"Encryption Keys", "deleted":"0", "process_failed_to_decrypt":"0", "process_pending_decryption":"0", "process_success":"1", "total":"1"}}
{"logTime": "0502/143258", "correlationVector":"FeG5ziDFC7z/dahO2/O/o9","action":"SyncServerConnectionManagerRequest", "result":"SYNC_SERVER_OK", "context":{"environment":"", "migrationStage":"", "server":""}}
{"logTime": "0502/143258", "correlationVector":"FeG5ziDFC7z/dahO2/O/o9.0","action":"EncryptionKeysFetcher.DownloadKeys:", "result":"Success", "context":Key count: 2, Last key timestamp: 2026-04-10T04:49:46Z}
{"logTime": "0502/143258", "correlationVector":"FeG5ziDFC7z/dahO2/O/o9.1","action":"EncryptionKeysManager::SetEncryptionKeys:", "result":"Success", "context":Key names[2]:[R7uWqS9nIuwx0tZuPj/2qidwqCDHtM9IVIlAtB2Q4sAWGbN/gotkCYxeYROJ3la9+8ARP6Bh5IMUSmOXm9GoJg==][IrKgzMCQpvC5yVBXj/1WQ/xWtC3ZxtPdPzaoovZgxy6JvUPS32l+QT2MhbfQZqMGjBndgmleGhyCAd9KUQTzPw==]}
{"logTime": "0502/143258", "correlationVector":"FeG5ziDFC7z/dahO2/O/o9.2","action":"EncryptionKeysManager::SetEncryptionKeysWithTimestamps:", "result":"Success", "context":Key timestamps[2]:[2025-10-11T10:39:28Z][2026-04-10T04:49:46Z]}
{"logTime": "0502/143258", "correlationVector":"zVyZnULweWWtpK8MzGE97b","action":"Initial GetUpdates", "result":"", "context":Reason: NEW_CLIENT. cV=zVyZnULweWWtpK8MzGE97b}
{"logTime": "0502/143258", "correlationVector":"zVyZnULweWWtpK8MzGE97b.3","action":"GetUpdates Response", "result":"Success", "context":Received 1 update(s). cV=zVyZnULweWWtpK8MzGE97b.0;server=akswtt00000000i;cloudType=Consumer;environment=Prod_southeastasia_prod-s01-064-apac-southeastasia;migrationStage=NotStarted}
{"logTime": "0502/143258", "correlationVector":"PBlWPgezEOK56466W4Vz8c","action":"Initial GetUpdates", "result":"", "context":Reason: NEWLY_SUPPORTED_DATATYPE. cV=PBlWPgezEOK56466W4Vz8c}
{"logTime": "0502/143258", "correlationVector":"PBlWPgezEOK56466W4Vz8c.1","action":"SyncServerConnectionManagerRequest", "result":"SYNC_SERVER_OK", "context":{"environment":"Prod_southeastasia_prod-s01-064-apac-southeastasia", "migrationStage":"NotStarted", "server":"akswtt00000000j"}}
{"logTime": "0502/143258", "correlationVector":"PBlWPgezEOK56466W4Vz8c.2","action":"ProcessGetUpdates", "result":"Done", "context":{"dataType":"Preferences", "deleted":"0", "process_failed_to_decrypt":"0", "process_pending_decryption":"0", "process_success":"49", "total":"49"}}
{"logTime": "0502/143258", "correlationVector":"PBlWPgezEOK56466W4Vz8c.3","action":"ProcessGetUpdates", "result":"Done", "context":{"dataType":"Passwords", "deleted":"0", "process_failed_to_decrypt":"0", "process_pending_decryption":"0", "process_success":"13", "total":"13"}}
{"logTime": "0502/143258", "correlationVector":"PBlWPgezEOK56466W4Vz8c.4","action":"ProcessGetUpdates", "result":"Done", "context":{"dataType":"Device Info", "deleted":"0", "process_failed_to_decrypt":"0", "process_pending_decryption":"0", "process_success":"13", "total":"13"}}
{"logTime": "0502/143258", "correlationVector":"PBlWPgezEOK56466W4Vz8c.5","action":"GetUpdates Response", "result":"Success", "context":Received 75 update(s). cV=PBlWPgezEOK56466W4Vz8c.0;server=akswtt00000000j;cloudType=Consumer;environment=Prod_southeastasia_prod-s01-064-apac-southeastasia;migrationStage=NotStarted}
{"logTime": "0502/143258", "correlationVector":"i4mmOQVy2V2VHoUsHoYJbq","action":"Initial GetUpdates", "result":"", "context":Reason: NEWLY_SUPPORTED_DATATYPE. cV=i4mmOQVy2V2VHoUsHoYJbq}
{"logTime": "0502/143258", "correlationVector":"i4mmOQVy2V2VHoUsHoYJbq.1","action":"SyncServerConnectionManagerRequest", "result":"SYNC_SERVER_OK", "context":{"environment":"Prod_southeastasia_prod-s01-064-apac-southeastasia", "migrationStage":"NotStarted", "server":"akswtt00000000q"}}
{"logTime": "0502/143258", "correlationVector":"i4mmOQVy2V2VHoUsHoYJbq.2","action":"ProcessGetUpdates", "result":"Done", "context":{"dataType":"Bookmarks", "deleted":"0", "process_failed_to_decrypt":"0", "process_pending_decryption":"0", "process_success":"6", "total":"6"}}
{"logTime": "0502/143258", "correlationVector":"i4mmOQVy2V2VHoUsHoYJbq.3","action":"GetUpdates Response", "result":"Success", "context":Received 6 update(s). cV=i4mmOQVy2V2VHoUsHoYJbq.0;server=akswtt00000000q;cloudType=Consumer;environment=Prod_southeastasia_prod-s01-064-apac-southeastasia;migrationStage=NotStarted}
{"logTime": "0502/143258", "correlationVector":"LvaZHr/tddI7RdwWGMrvAd","action":"Initial GetUpdates", "result":"", "context":Reason: NEWLY_SUPPORTED_DATATYPE. cV=LvaZHr/tddI7RdwWGMrvAd}
{"logTime": "0502/143258", "correlationVector":"LvaZHr/tddI7RdwWGMrvAd.1","action":"SyncServerConnectionManagerRequest", "result":"SYNC_SERVER_OK", "context":{"environment":"Prod_southeastasia_prod-s01-064-apac-southeastasia", "migrationStage":"NotStarted", "server":"akswtt000000007"}}
{"logTime": "0502/143258", "correlationVector":"LvaZHr/tddI7RdwWGMrvAd.2","action":"ProcessGetUpdates", "result":"Done", "context":{"dataType":"Autofill Profiles", "deleted":"2", "process_failed_to_decrypt":"0", "process_pending_decryption":"0", "process_success":"3", "total":"3"}}
{"logTime": "0502/143258", "correlationVector":"LvaZHr/tddI7RdwWGMrvAd.3","action":"ProcessGetUpdates", "result":"Done", "context":{"dataType":"Autofill", "deleted":"0", "process_failed_to_decrypt":"0", "process_pending_decryption":"0", "process_success":"81", "total":"81"}}
{"logTime": "0502/143258", "correlationVector":"LvaZHr/tddI7RdwWGMrvAd.4","action":"ProcessGetUpdates", "result":"Done", "context":{"dataType":"Sessions", "deleted":"103", "process_failed_to_decrypt":"0", "process_pending_decryption":"0", "process_success":"113", "total":"113"}}
{"logTime": "0502/143258", "correlationVector":"LvaZHr/tddI7RdwWGMrvAd.5","action":"ProcessGetUpdates", "result":"Done", "context":{"dataType":"Saved Tab Group", "deleted":"0", "process_failed_to_decrypt":"0", "process_pending_decryption":"0", "process_success":"2", "total":"2"}}
{"logTime": "0502/143258", "correlationVector":"LvaZHr/tddI7RdwWGMrvAd.6","action":"ProcessGetUpdates", "result":"Done", "context":{"dataType":"Edge Hub App Usage", "deleted":"1", "process_failed_to_decrypt":"0", "process_pending_decryption":"0", "process_success":"25", "total":"25"}}
{"logTime": "0502/143258", "correlationVector":"LvaZHr/tddI7RdwWGMrvAd.7","action":"GetUpdates Response", "result":"Success", "context":Received 224 update(s). cV=LvaZHr/tddI7RdwWGMrvAd.0;server=akswtt000000007;cloudType=Consumer;environment=Prod_southeastasia_prod-s01-064-apac-southeastasia;migrationStage=NotStarted}
{"logTime": "0502/143258", "correlationVector":"ZMwi/6+vE2LVRgUg95HcpY","action":"Initial GetUpdates", "result":"", "context":Reason: NEWLY_SUPPORTED_DATATYPE. cV=ZMwi/6+vE2LVRgUg95HcpY}
{"logTime": "0502/143259", "correlationVector":"ZMwi/6+vE2LVRgUg95HcpY.1","action":"SyncServerConnectionManagerRequest", "result":"SYNC_SERVER_OK", "context":{"environment":"Prod_southeastasia_prod-s01-064-apac-southeastasia", "migrationStage":"NotStarted", "server":"akswtt00000000i"}}
{"logTime": "0502/143259", "correlationVector":"ZMwi/6+vE2LVRgUg95HcpY.2","action":"ProcessGetUpdates", "result":"Done", "context":{"dataType":"History", "deleted":"0", "process_failed_to_decrypt":"0", "process_pending_decryption":"0", "process_success":"250", "total":"250"}}
{"logTime": "0502/143259", "correlationVector":"ZMwi/6+vE2LVRgUg95HcpY.3","action":"GetUpdates Response", "result":"Success", "context":Received 250 update(s). cV=ZMwi/6+vE2LVRgUg95HcpY.0;server=akswtt00000000i;cloudType=Consumer;environment=Prod_southeastasia_prod-s01-064-apac-southeastasia;migrationStage=NotStarted Some updates remain.}
{"logTime": "0502/143259", "correlationVector":"PPqNuTLogO8xCGHVhJGMrm","action":"Initial GetUpdates", "result":"", "context":Reason: NEWLY_SUPPORTED_DATATYPE. cV=PPqNuTLogO8xCGHVhJGMrm}
{"logTime": "0502/143259", "correlationVector":"PPqNuTLogO8xCGHVhJGMrm.1","action":"SyncServerConnectionManagerRequest", "result":"SYNC_SERVER_OK", "context":{"environment":"Prod_southeastasia_prod-s01-064-apac-southeastasia", "migrationStage":"NotStarted", "server":"akswtt00000000m"}}
{"logTime": "0502/143259", "correlationVector":"PPqNuTLogO8xCGHVhJGMrm.2","action":"ProcessGetUpdates", "result":"Done", "context":{"dataType":"History", "deleted":"0", "process_failed_to_decrypt":"0", "process_pending_decryption":"0", "process_success":"8", "total":"8"}}
{"logTime": "0502/143259", "correlationVector":"PPqNuTLogO8xCGHVhJGMrm.3","action":"GetUpdates Response", "result":"Success", "context":Received 8 update(s). cV=PPqNuTLogO8xCGHVhJGMrm.0;server=akswtt00000000m;cloudType=Consumer;environment=Prod_southeastasia_prod-s01-064-apac-southeastasia;migrationStage=NotStarted}
{"logTime": "0502/143259", "correlationVector":"O+YTe2ZagoqROXIWHZ4QuW","action":"Normal GetUpdate request", "result":"", "context":cV=O+YTe2ZagoqROXIWHZ4QuW
Nudged types: Sessions, Device Info, User Consents
Refresh requested types: Bookmarks, Preferences, Passwords, Autofill Profiles, Autofill, Extensions, Sessions, Extension settings, History Delete Directives, Device Info, User Consents, Send Tab To Self, Web Apps, History, Saved Tab Group, WebAuthn Credentials, Collection, Edge E Drop, Edge Hub App Usage, Edge Wallet, Edge Workspace, Encryption Keys}
{"logTime": "0502/143259", "correlationVector":"O+YTe2ZagoqROXIWHZ4QuW.1","action":"SyncServerConnectionManagerRequest", "result":"SYNC_SERVER_OK", "context":{"environment":"Prod_southeastasia_prod-s01-064-apac-southeastasia", "migrationStage":"NotStarted", "server":"akswtt00000000n"}}
{"logTime": "0502/143259", "correlationVector":"O+YTe2ZagoqROXIWHZ4QuW.2","action":"GetUpdates Response", "result":"Success", "context":Received 0 update(s). cV=O+YTe2ZagoqROXIWHZ4QuW.0;server=akswtt00000000n;cloudType=Consumer;environment=Prod_southeastasia_prod-s01-064-apac-southeastasia;migrationStage=NotStarted}
{"logTime": "0502/143259", "correlationVector":"ECSZc/LWqYYLXGClUzoQ13","action":"DoCompareDataConsistency requsted types: ", "result":"Bookmarks, Preferences, Passwords, Extensions, Extension settings, History Delete Directives, Send Tab To Self, Web Apps, History, Saved Tab Group, WebAuthn Credentials, Collection, Edge E Drop, Edge Wallet, Edge Workspace, Encryption Keys"}
{"logTime": "0502/143259", "correlationVector":"ECSZc/LWqYYLXGClUzoQ13.0","action":"CompareDataConsistency result: ", "result":"Compare result: Encryption Keys is consistent. local entities count is: 1 local entities hash is: vULO9hFjsMhQaN82yO7WyqSBivg="}
{"logTime": "0502/143259", "correlationVector":"ECSZc/LWqYYLXGClUzoQ13.1","action":"CompareDataConsistency result: ", "result":"Compare result: Bookmarks is consistent. local entities count is: 0 local entities hash is: "}
{"logTime": "0502/143259", "correlationVector":"ECSZc/LWqYYLXGClUzoQ13.2","action":"CompareDataConsistency result: ", "result":"Compare result: Preferences is consistent. local entities count is: 49 local entities hash is: pjbejlSFNfIp5j+BAWOkr3koWzQ="}
{"logTime": "0502/143259", "correlationVector":"ECSZc/LWqYYLXGClUzoQ13.3","action":"CompareDataConsistency result: ", "result":"Compare result: Extensions is consistent. local entities count is: 0 local entities hash is: "}
{"logTime": "0502/143259", "correlationVector":"ECSZc/LWqYYLXGClUzoQ13.4","action":"CompareDataConsistency result: ", "result":"Compare result: Extension settings is consistent. local entities count is: 0 local entities hash is: "}
{"logTime": "0502/143259", "correlationVector":"ECSZc/LWqYYLXGClUzoQ13.5","action":"CompareDataConsistency result: ", "result":"Compare result: History Delete Directives is consistent. local entities count is: 0 local entities hash is: "}
{"logTime": "0502/143259", "correlationVector":"ECSZc/LWqYYLXGClUzoQ13.6","action":"CompareDataConsistency result: ", "result":"Server did not send this Send Tab To Self local entities count is: 0 local entities hash is: "}
{"logTime": "0502/143259", "correlationVector":"ECSZc/LWqYYLXGClUzoQ13.7","action":"CompareDataConsistency result: ", "result":"Compare result: Web Apps is consistent. local entities count is: 0 local entities hash is: "}
{"logTime": "0502/143259", "correlationVector":"ECSZc/LWqYYLXGClUzoQ13.8","action":"CompareDataConsistency result: ", "result":"Server did not send this History local entities count is: 0 local entities hash is: "}
{"logTime": "0502/143259", "correlationVector":"ECSZc/LWqYYLXGClUzoQ13.9","action":"CompareDataConsistency result: ", "result":"Compare result: Saved Tab Group is consistent. local entities count is: 2 local entities hash is: wsCLcDb+nKmz4lxxXpTl+nBtKMs="}
{"logTime": "0502/143259", "correlationVector":"ECSZc/LWqYYLXGClUzoQ13.10","action":"CompareDataConsistency result: ", "result":"Server did not send this WebAuthn Credentials local entities count is: 0 local entities hash is: "}
{"logTime": "0502/143259", "correlationVector":"ECSZc/LWqYYLXGClUzoQ13.11","action":"CompareDataConsistency result: ", "result":"Compare result: Collection is consistent. local entities count is: 0 local entities hash is: "}
{"logTime": "0502/143259", "correlationVector":"ECSZc/LWqYYLXGClUzoQ13.12","action":"CompareDataConsistency result: ", "result":"Compare result: Edge E Drop is consistent. local entities count is: 0 local entities hash is: "}
{"logTime": "0502/143259", "correlationVector":"ECSZc/LWqYYLXGClUzoQ13.13","action":"CompareDataConsistency result: ", "result":"Compare result: Edge Wallet is consistent. local entities count is: 0 local entities hash is: "}
{"logTime": "0502/143259", "correlationVector":"ECSZc/LWqYYLXGClUzoQ13.14","action":"CompareDataConsistency result: ", "result":"Server did not send this Edge Workspace local entities count is: 0 local entities hash is: "}
{"logTime": "0502/143259", "correlationVector":"ECSZc/LWqYYLXGClUzoQ13.15","action":"CompareDataConsistency result: ", "result":"Compare result: Passwords is consistent. local entities count is: 13 local entities hash is: WS2PtwfkyHeQ314hF0luLOZpwY4="}
{"logTime": "0502/143259", "correlationVector":"rkrMoYxzuKqcybNZx8J5Hw","action":"Commit Request", "result":"", "context":Item count: 4
Contributing types: Sessions, Device Info, User Consents}
{"logTime": "0502/143259", "correlationVector":"rkrMoYxzuKqcybNZx8J5Hw.1","action":"SyncServerConnectionManagerRequest", "result":"SYNC_SERVER_OK", "context":{"environment":"Prod_southeastasia_prod-s01-064-apac-southeastasia", "migrationStage":"NotStarted", "server":"akswtt000000001"}}
{"logTime": "0502/143259", "correlationVector":"rkrMoYxzuKqcybNZx8J5Hw.2","action":"Commit Response", "result":"Success", "context":Result: Success. cV=rkrMoYxzuKqcybNZx8J5Hw.0;server=akswtt000000001;cloudType=Consumer;environment=Prod_southeastasia_prod-s01-064-apac-southeastasia;migrationStage=NotStarted}
{"logTime": "0502/143259", "correlationVector":"","action":"DIAGNOSTIC_REQUEST|v1/diagnosticData/Diagnostic.SendCheckResult()|SUCCESS", "result":""}
{"logTime": "0502/143300", "correlationVector":"STYkRmT0ESw9u+6+vKva/i","action":"Commit Request", "result":"", "context":Item count: 1
Contributing types: Edge Hub App Usage}
{"logTime": "0502/143300", "correlationVector":"STYkRmT0ESw9u+6+vKva/i.1","action":"SyncServerConnectionManagerRequest", "result":"SYNC_SERVER_OK", "context":{"environment":"Prod_southeastasia_prod-s01-064-apac-southeastasia", "migrationStage":"NotStarted", "server":"akswtt00000000c"}}
{"logTime": "0502/143300", "correlationVector":"STYkRmT0ESw9u+6+vKva/i.2","action":"Commit Response", "result":"Success", "context":Result: Success. cV=STYkRmT0ESw9u+6+vKva/i.0;server=akswtt00000000c;cloudType=Consumer;environment=Prod_southeastasia_prod-s01-064-apac-southeastasia;migrationStage=NotStarted}
{"logTime": "0502/143353", "correlationVector":"NUCaH7GQG+mPaKfZ1eJZdb","action":"Commit Request", "result":"", "context":Item count: 3
Contributing types: Passwords, Sessions, History}
{"logTime": "0502/143353", "correlationVector":"NUCaH7GQG+mPaKfZ1eJZdb.1","action":"SyncServerConnectionManagerRequest", "result":"SYNC_SERVER_OK", "context":{"environment":"Prod_southeastasia_prod-s01-064-apac-southeastasia", "migrationStage":"NotStarted", "server":"akswtt00000000j"}}
{"logTime": "0502/143353", "correlationVector":"NUCaH7GQG+mPaKfZ1eJZdb.2","action":"Commit Response", "result":"Success", "context":Result: Success. cV=NUCaH7GQG+mPaKfZ1eJZdb.0;server=akswtt00000000j;cloudType=Consumer;environment=Prod_southeastasia_prod-s01-064-apac-southeastasia;migrationStage=NotStarted}
{"logTime": "0502/143644", "correlationVector":"oBe+jLBrNqvGVX3aZLaahK.1","action":"SyncServerConnectionManagerRequest", "result":"SYNC_SERVER_OK", "context":{"environment":"Prod_southeastasia_prod-s01-065-apac-southeastasia", "migrationStage":"NotStarted", "server":"akswtt00000000a"}}
{"logTime": "0502/143644", "correlationVector":"oBe+jLBrNqvGVX3aZLaahK.2","action":"ProcessGetUpdates", "result":"Done", "context":{"dataType":"Encryption Keys", "deleted":"0", "process_failed_to_decrypt":"0", "process_pending_decryption":"0", "process_success":"1", "total":"1"}}
{"logTime": "0502/143645", "correlationVector":"G5NbAarGMVU7C+7SebsFym","action":"SyncServerConnectionManagerRequest", "result":"SYNC_SERVER_OK", "context":{"environment":"", "migrationStage":"", "server":""}}
{"logTime": "0502/143645", "correlationVector":"G5NbAarGMVU7C+7SebsFym.0","action":"EncryptionKeysFetcher.DownloadKeys:", "result":"Success", "context":Key count: 2, Last key timestamp: 2026-04-10T04:49:46Z}
{"logTime": "0502/143645", "correlationVector":"G5NbAarGMVU7C+7SebsFym.1","action":"EncryptionKeysManager::SetEncryptionKeys:", "result":"Success", "context":Key names[2]:[R7uWqS9nIuwx0tZuPj/2qidwqCDHtM9IVIlAtB2Q4sAWGbN/gotkCYxeYROJ3la9+8ARP6Bh5IMUSmOXm9GoJg==][IrKgzMCQpvC5yVBXj/1WQ/xWtC3ZxtPdPzaoovZgxy6JvUPS32l+QT2MhbfQZqMGjBndgmleGhyCAd9KUQTzPw==]}
{"logTime": "0502/143645", "correlationVector":"G5NbAarGMVU7C+7SebsFym.2","action":"EncryptionKeysManager::SetEncryptionKeysWithTimestamps:", "result":"Success", "context":Key timestamps[2]:[2025-10-11T10:39:28Z][2026-04-10T04:49:46Z]}
{"logTime": "0502/143645", "correlationVector":"oBe+jLBrNqvGVX3aZLaahK","action":"Initial GetUpdates", "result":"", "context":Reason: NEW_CLIENT. cV=oBe+jLBrNqvGVX3aZLaahK}
{"logTime": "0502/143645", "correlationVector":"oBe+jLBrNqvGVX3aZLaahK.3","action":"GetUpdates Response", "result":"Success", "context":Received 1 update(s). cV=oBe+jLBrNqvGVX3aZLaahK.0;server=akswtt00000000a;cloudType=Consumer;environment=Prod_southeastasia_prod-s01-065-apac-southeastasia;migrationStage=NotStarted}
{"logTime": "0502/143645", "correlationVector":"/54p9aYMA0sgiBMZOV8F1z","action":"Initial GetUpdates", "result":"", "context":Reason: NEWLY_SUPPORTED_DATATYPE. cV=/54p9aYMA0sgiBMZOV8F1z}
{"logTime": "0502/143645", "correlationVector":"/54p9aYMA0sgiBMZOV8F1z.1","action":"SyncServerConnectionManagerRequest", "result":"SYNC_SERVER_OK", "context":{"environment":"Prod_southeastasia_prod-s01-065-apac-southeastasia", "migrationStage":"NotStarted", "server":"akswtt00000000k"}}
{"logTime": "0502/143645", "correlationVector":"/54p9aYMA0sgiBMZOV8F1z.2","action":"ProcessGetUpdates", "result":"Done", "context":{"dataType":"Passwords", "deleted":"0", "process_failed_to_decrypt":"0", "process_pending_decryption":"0", "process_success":"13", "total":"13"}}
{"logTime": "0502/143645", "correlationVector":"/54p9aYMA0sgiBMZOV8F1z.3","action":"GetUpdates Response", "result":"Success", "context":Received 13 update(s). cV=/54p9aYMA0sgiBMZOV8F1z.0;server=akswtt00000000k;cloudType=Consumer;environment=Prod_southeastasia_prod-s01-065-apac-southeastasia;migrationStage=NotStarted}
{"logTime": "0502/143645", "correlationVector":"pz4o4UiZzKJ55JS4bgV7LY","action":"Normal GetUpdate request", "result":"", "context":cV=pz4o4UiZzKJ55JS4bgV7LY
Nudged types: Sessions, Device Info, History
Refresh requested types: Bookmarks, Preferences, Passwords, Autofill Profiles, Autofill, Extensions, Sessions, Extension settings, History Delete Directives, Device Info, User Consents, Send Tab To Self, Web Apps, History, Saved Tab Group, WebAuthn Credentials, Collection, Edge E Drop, Edge Hub App Usage, Edge Wallet, Edge Workspace, Encryption Keys}
{"logTime": "0502/143645", "correlationVector":"pz4o4UiZzKJ55JS4bgV7LY.1","action":"SyncServerConnectionManagerRequest", "result":"SYNC_SERVER_OK", "context":{"environment":"Prod_southeastasia_prod-s01-065-apac-southeastasia", "migrationStage":"NotStarted", "server":"akswtt00000000a"}}
{"logTime": "0502/143645", "correlationVector":"pz4o4UiZzKJ55JS4bgV7LY.2","action":"ProcessGetUpdates", "result":"Done", "context":{"dataType":"Sessions", "deleted":"0", "process_failed_to_decrypt":"0", "process_pending_decryption":"0", "process_success":"2", "total":"2"}}
{"logTime": "0502/143645", "correlationVector":"pz4o4UiZzKJ55JS4bgV7LY.3","action":"ProcessGetUpdates", "result":"Done", "context":{"dataType":"Device Info", "deleted":"0", "process_failed_to_decrypt":"0", "process_pending_decryption":"0", "process_success":"1", "total":"1"}}
{"logTime": "0502/143645", "correlationVector":"pz4o4UiZzKJ55JS4bgV7LY.4","action":"ProcessGetUpdates", "result":"Done", "context":{"dataType":"History", "deleted":"0", "process_failed_to_decrypt":"0", "process_pending_decryption":"0", "process_success":"1", "total":"1"}}
{"logTime": "0502/143645", "correlationVector":"pz4o4UiZzKJ55JS4bgV7LY.5","action":"ProcessGetUpdates", "result":"Done", "context":{"dataType":"Edge Hub App Usage", "deleted":"0", "process_failed_to_decrypt":"0", "process_pending_decryption":"0", "process_success":"1", "total":"1"}}
{"logTime": "0502/143645", "correlationVector":"pz4o4UiZzKJ55JS4bgV7LY.6","action":"GetUpdates Response", "result":"Success", "context":Received 5 update(s). cV=pz4o4UiZzKJ55JS4bgV7LY.0;server=akswtt00000000a;cloudType=Consumer;environment=Prod_southeastasia_prod-s01-065-apac-southeastasia;migrationStage=NotStarted}
{"logTime": "0502/143645", "correlationVector":"CrHo+RZwGOGKDD2Z75zSLE","action":"Commit Request", "result":"", "context":Item count: 4
Contributing types: Sessions, Device Info, History}
{"logTime": "0502/143646", "correlationVector":"CrHo+RZwGOGKDD2Z75zSLE.1","action":"SyncServerConnectionManagerRequest", "result":"SYNC_SERVER_OK", "context":{"environment":"Prod_southeastasia_prod-s01-065-apac-southeastasia", "migrationStage":"NotStarted", "server":"akswtt000000011"}}
{"logTime": "0502/143646", "correlationVector":"CrHo+RZwGOGKDD2Z75zSLE.2","action":"Commit Response", "result":"Success", "context":Result: Success. cV=CrHo+RZwGOGKDD2Z75zSLE.0;server=akswtt000000011;cloudType=Consumer;environment=Prod_southeastasia_prod-s01-065-apac-southeastasia;migrationStage=NotStarted}
{"logTime": "0502/143751", "correlationVector":"fKw4ub/deYjjkH677mfWL2","action":"Commit Request", "result":"", "context":Item count: 2
Contributing types: Sessions, History}
{"logTime": "0502/143752", "correlationVector":"fKw4ub/deYjjkH677mfWL2.1","action":"SyncServerConnectionManagerRequest", "result":"SYNC_SERVER_OK", "context":{"environment":"Prod_southeastasia_prod-s01-065-apac-southeastasia", "migrationStage":"NotStarted", "server":"akswtt00000000p"}}
{"logTime": "0502/143752", "correlationVector":"fKw4ub/deYjjkH677mfWL2.2","action":"Commit Response", "result":"Success", "context":Result: Success. cV=fKw4ub/deYjjkH677mfWL2.0;server=akswtt00000000p;cloudType=Consumer;environment=Prod_southeastasia_prod-s01-065-apac-southeastasia;migrationStage=NotStarted}
{"logTime": "0502/144343", "correlationVector":"l3OMN8Eov8QqoeeKvmTdZ4.1","action":"SyncServerConnectionManagerRequest", "result":"SYNC_SERVER_OK", "context":{"environment":"Prod_southeastasia_prod-s01-064-apac-southeastasia", "migrationStage":"NotStarted", "server":"akswtt000000001"}}
{"logTime": "0502/144343", "correlationVector":"l3OMN8Eov8QqoeeKvmTdZ4.2","action":"ProcessGetUpdates", "result":"Done", "context":{"dataType":"Encryption Keys", "deleted":"0", "process_failed_to_decrypt":"0", "process_pending_decryption":"0", "process_success":"1", "total":"1"}}
{"logTime": "0502/144343", "correlationVector":"0r59RNTbHNs5NtkNCGdKRF","action":"SyncServerConnectionManagerRequest", "result":"SYNC_SERVER_OK", "context":{"environment":"", "migrationStage":"", "server":""}}
{"logTime": "0502/144343", "correlationVector":"0r59RNTbHNs5NtkNCGdKRF.0","action":"EncryptionKeysFetcher.DownloadKeys:", "result":"Success", "context":Key count: 2, Last key timestamp: 2026-04-10T04:49:46Z}
{"logTime": "0502/144343", "correlationVector":"0r59RNTbHNs5NtkNCGdKRF.1","action":"EncryptionKeysManager::SetEncryptionKeys:", "result":"Success", "context":Key names[2]:[R7uWqS9nIuwx0tZuPj/2qidwqCDHtM9IVIlAtB2Q4sAWGbN/gotkCYxeYROJ3la9+8ARP6Bh5IMUSmOXm9GoJg==][IrKgzMCQpvC5yVBXj/1WQ/xWtC3ZxtPdPzaoovZgxy6JvUPS32l+QT2MhbfQZqMGjBndgmleGhyCAd9KUQTzPw==]}
{"logTime": "0502/144343", "correlationVector":"0r59RNTbHNs5NtkNCGdKRF.2","action":"EncryptionKeysManager::SetEncryptionKeysWithTimestamps:", "result":"Success", "context":Key timestamps[2]:[2025-10-11T10:39:28Z][2026-04-10T04:49:46Z]}
{"logTime": "0502/144343", "correlationVector":"l3OMN8Eov8QqoeeKvmTdZ4","action":"Initial GetUpdates", "result":"", "context":Reason: NEW_CLIENT. cV=l3OMN8Eov8QqoeeKvmTdZ4}
{"logTime": "0502/144343", "correlationVector":"l3OMN8Eov8QqoeeKvmTdZ4.3","action":"GetUpdates Response", "result":"Success", "context":Received 1 update(s). cV=l3OMN8Eov8QqoeeKvmTdZ4.0;server=akswtt000000001;cloudType=Consumer;environment=Prod_southeastasia_prod-s01-064-apac-southeastasia;migrationStage=NotStarted}
{"logTime": "0502/144343", "correlationVector":"3UuJ9lfbiHumKS6Q9CHYHR","action":"Initial GetUpdates", "result":"", "context":Reason: NEWLY_SUPPORTED_DATATYPE. cV=3UuJ9lfbiHumKS6Q9CHYHR}
{"logTime": "0502/144343", "correlationVector":"3UuJ9lfbiHumKS6Q9CHYHR.1","action":"SyncServerConnectionManagerRequest", "result":"SYNC_SERVER_OK", "context":{"environment":"Prod_southeastasia_prod-s01-064-apac-southeastasia", "migrationStage":"NotStarted", "server":"akswtt000000001"}}
{"logTime": "0502/144343", "correlationVector":"3UuJ9lfbiHumKS6Q9CHYHR.2","action":"ProcessGetUpdates", "result":"Done", "context":{"dataType":"Preferences", "deleted":"0", "process_failed_to_decrypt":"0", "process_pending_decryption":"0", "process_success":"49", "total":"49"}}
{"logTime": "0502/144343", "correlationVector":"3UuJ9lfbiHumKS6Q9CHYHR.3","action":"ProcessGetUpdates", "result":"Done", "context":{"dataType":"Passwords", "deleted":"0", "process_failed_to_decrypt":"0", "process_pending_decryption":"0", "process_success":"13", "total":"13"}}
{"logTime": "0502/144343", "correlationVector":"3UuJ9lfbiHumKS6Q9CHYHR.4","action":"ProcessGetUpdates", "result":"Done", "context":{"dataType":"Device Info", "deleted":"0", "process_failed_to_decrypt":"0", "process_pending_decryption":"0", "process_success":"14", "total":"14"}}
{"logTime": "0502/144343", "correlationVector":"3UuJ9lfbiHumKS6Q9CHYHR.5","action":"GetUpdates Response", "result":"Success", "context":Received 76 update(s). cV=3UuJ9lfbiHumKS6Q9CHYHR.0;server=akswtt000000001;cloudType=Consumer;environment=Prod_southeastasia_prod-s01-064-apac-southeastasia;migrationStage=NotStarted}
{"logTime": "0502/144343", "correlationVector":"GY+DLGQ0lS+UQA3Wb41jY4","action":"Initial GetUpdates", "result":"", "context":Reason: NEWLY_SUPPORTED_DATATYPE. cV=GY+DLGQ0lS+UQA3Wb41jY4}
{"logTime": "0502/144343", "correlationVector":"GY+DLGQ0lS+UQA3Wb41jY4.1","action":"SyncServerConnectionManagerRequest", "result":"SYNC_SERVER_OK", "context":{"environment":"Prod_southeastasia_prod-s01-064-apac-southeastasia", "migrationStage":"NotStarted", "server":"akswtt00000000b"}}
{"logTime": "0502/144343", "correlationVector":"GY+DLGQ0lS+UQA3Wb41jY4.2","action":"ProcessGetUpdates", "result":"Done", "context":{"dataType":"Bookmarks", "deleted":"0", "process_failed_to_decrypt":"0", "process_pending_decryption":"0", "process_success":"6", "total":"6"}}
{"logTime": "0502/144343", "correlationVector":"GY+DLGQ0lS+UQA3Wb41jY4.3","action":"GetUpdates Response", "result":"Success", "context":Received 6 update(s). cV=GY+DLGQ0lS+UQA3Wb41jY4.0;server=akswtt00000000b;cloudType=Consumer;environment=Prod_southeastasia_prod-s01-064-apac-southeastasia;migrationStage=NotStarted}
{"logTime": "0502/144343", "correlationVector":"C9lLhrFl8yUrv8WTcpVoBJ","action":"Initial GetUpdates", "result":"", "context":Reason: NEWLY_SUPPORTED_DATATYPE. cV=C9lLhrFl8yUrv8WTcpVoBJ}
{"logTime": "0502/144344", "correlationVector":"C9lLhrFl8yUrv8WTcpVoBJ.1","action":"SyncServerConnectionManagerRequest", "result":"SYNC_SERVER_OK", "context":{"environment":"Prod_southeastasia_prod-s01-064-apac-southeastasia", "migrationStage":"NotStarted", "server":"akswtt000000004"}}
{"logTime": "0502/144344", "correlationVector":"C9lLhrFl8yUrv8WTcpVoBJ.2","action":"ProcessGetUpdates", "result":"Done", "context":{"dataType":"Autofill Profiles", "deleted":"2", "process_failed_to_decrypt":"0", "process_pending_decryption":"0", "process_success":"3", "total":"3"}}
{"logTime": "0502/144344", "correlationVector":"C9lLhrFl8yUrv8WTcpVoBJ.3","action":"ProcessGetUpdates", "result":"Done", "context":{"dataType":"Autofill", "deleted":"0", "process_failed_to_decrypt":"0", "process_pending_decryption":"0", "process_success":"81", "total":"81"}}
{"logTime": "0502/144344", "correlationVector":"C9lLhrFl8yUrv8WTcpVoBJ.4","action":"ProcessGetUpdates", "result":"Done", "context":{"dataType":"Sessions", "deleted":"103", "process_failed_to_decrypt":"0", "process_pending_decryption":"0", "process_success":"115", "total":"115"}}
{"logTime": "0502/144344", "correlationVector":"C9lLhrFl8yUrv8WTcpVoBJ.5","action":"ProcessGetUpdates", "result":"Done", "context":{"dataType":"Saved Tab Group", "deleted":"0", "process_failed_to_decrypt":"0", "process_pending_decryption":"0", "process_success":"2", "total":"2"}}
{"logTime": "0502/144344", "correlationVector":"C9lLhrFl8yUrv8WTcpVoBJ.6","action":"ProcessGetUpdates", "result":"Done", "context":{"dataType":"Edge Hub App Usage", "deleted":"1", "process_failed_to_decrypt":"0", "process_pending_decryption":"0", "process_success":"26", "total":"26"}}
{"logTime": "0502/144344", "correlationVector":"C9lLhrFl8yUrv8WTcpVoBJ.7","action":"GetUpdates Response", "result":"Success", "context":Received 227 update(s). cV=C9lLhrFl8yUrv8WTcpVoBJ.0;server=akswtt000000004;cloudType=Consumer;environment=Prod_southeastasia_prod-s01-064-apac-southeastasia;migrationStage=NotStarted}
{"logTime": "0502/144344", "correlationVector":"92Vij33MSIrzLch0aGZLZv","action":"Initial GetUpdates", "result":"", "context":Reason: NEWLY_SUPPORTED_DATATYPE. cV=92Vij33MSIrzLch0aGZLZv}
{"logTime": "0502/144344", "correlationVector":"92Vij33MSIrzLch0aGZLZv.1","action":"SyncServerConnectionManagerRequest", "result":"SYNC_SERVER_OK", "context":{"environment":"Prod_southeastasia_prod-s01-064-apac-southeastasia", "migrationStage":"NotStarted", "server":"akswtt000000003"}}
{"logTime": "0502/144344", "correlationVector":"92Vij33MSIrzLch0aGZLZv.2","action":"ProcessGetUpdates", "result":"Done", "context":{"dataType":"History", "deleted":"0", "process_failed_to_decrypt":"0", "process_pending_decryption":"0", "process_success":"250", "total":"250"}}
{"logTime": "0502/144344", "correlationVector":"92Vij33MSIrzLch0aGZLZv.3","action":"GetUpdates Response", "result":"Success", "context":Received 250 update(s). cV=92Vij33MSIrzLch0aGZLZv.0;server=akswtt000000003;cloudType=Consumer;environment=Prod_southeastasia_prod-s01-064-apac-southeastasia;migrationStage=NotStarted Some updates remain.}
{"logTime": "0502/144344", "correlationVector":"6oyK/clyXWGq4UH1ehwfVD","action":"Initial GetUpdates", "result":"", "context":Reason: NEWLY_SUPPORTED_DATATYPE. cV=6oyK/clyXWGq4UH1ehwfVD}
{"logTime": "0502/144344", "correlationVector":"6oyK/clyXWGq4UH1ehwfVD.1","action":"SyncServerConnectionManagerRequest", "result":"SYNC_SERVER_OK", "context":{"environment":"Prod_southeastasia_prod-s01-064-apac-southeastasia", "migrationStage":"NotStarted", "server":"akswtt00000000b"}}
{"logTime": "0502/144344", "correlationVector":"6oyK/clyXWGq4UH1ehwfVD.2","action":"ProcessGetUpdates", "result":"Done", "context":{"dataType":"History", "deleted":"0", "process_failed_to_decrypt":"0", "process_pending_decryption":"0", "process_success":"10", "total":"10"}}
{"logTime": "0502/144344", "correlationVector":"6oyK/clyXWGq4UH1ehwfVD.3","action":"GetUpdates Response", "result":"Success", "context":Received 10 update(s). cV=6oyK/clyXWGq4UH1ehwfVD.0;server=akswtt00000000b;cloudType=Consumer;environment=Prod_southeastasia_prod-s01-064-apac-southeastasia;migrationStage=NotStarted}
{"logTime": "0502/144344", "correlationVector":"4yJ1h/5p5Hj5a/RaK3+3v4","action":"Normal GetUpdate request", "result":"", "context":cV=4yJ1h/5p5Hj5a/RaK3+3v4
Nudged types: Sessions, Device Info
Refresh requested types: Bookmarks, Preferences, Passwords, Autofill Profiles, Autofill, Extensions, Sessions, Extension settings, History Delete Directives, Device Info, User Consents, Send Tab To Self, Web Apps, History, Saved Tab Group, WebAuthn Credentials, Collection, Edge E Drop, Edge Hub App Usage, Edge Wallet, Edge Workspace, Encryption Keys}
{"logTime": "0502/144344", "correlationVector":"4yJ1h/5p5Hj5a/RaK3+3v4.1","action":"SyncServerConnectionManagerRequest", "result":"SYNC_SERVER_OK", "context":{"environment":"Prod_southeastasia_prod-s01-064-apac-southeastasia", "migrationStage":"NotStarted", "server":"akswtt000000004"}}
{"logTime": "0502/144344", "correlationVector":"4yJ1h/5p5Hj5a/RaK3+3v4.2","action":"GetUpdates Response", "result":"Success", "context":Received 0 update(s). cV=4yJ1h/5p5Hj5a/RaK3+3v4.0;server=akswtt000000004;cloudType=Consumer;environment=Prod_southeastasia_prod-s01-064-apac-southeastasia;migrationStage=NotStarted}
{"logTime": "0502/144344", "correlationVector":"QsIpNTVcJnO+KrXohqeIvm","action":"Commit Request", "result":"", "context":Item count: 3
Contributing types: Sessions, Device Info}
{"logTime": "0502/144345", "correlationVector":"QsIpNTVcJnO+KrXohqeIvm.1","action":"SyncServerConnectionManagerRequest", "result":"SYNC_SERVER_OK", "context":{"environment":"Prod_southeastasia_prod-s01-064-apac-southeastasia", "migrationStage":"NotStarted", "server":"akswtt000000004"}}
{"logTime": "0502/144345", "correlationVector":"QsIpNTVcJnO+KrXohqeIvm.2","action":"Commit Response", "result":"Success", "context":Result: Success. cV=QsIpNTVcJnO+KrXohqeIvm.0;server=akswtt000000004;cloudType=Consumer;environment=Prod_southeastasia_prod-s01-064-apac-southeastasia;migrationStage=NotStarted}
{"logTime": "0502/144450", "correlationVector":"cjvrh8tvWJIyi8naLm7sJq","action":"Commit Request", "result":"", "context":Item count: 2
Contributing types: Sessions, History}
{"logTime": "0502/144450", "correlationVector":"cjvrh8tvWJIyi8naLm7sJq.1","action":"SyncServerConnectionManagerRequest", "result":"SYNC_SERVER_OK", "context":{"environment":"Prod_southeastasia_prod-s01-064-apac-southeastasia", "migrationStage":"NotStarted", "server":"akswtt00000000b"}}
{"logTime": "0502/144450", "correlationVector":"cjvrh8tvWJIyi8naLm7sJq.2","action":"Commit Response", "result":"Success", "context":Result: Success. cV=cjvrh8tvWJIyi8naLm7sJq.0;server=akswtt00000000b;cloudType=Consumer;environment=Prod_southeastasia_prod-s01-064-apac-southeastasia;migrationStage=NotStarted}
{"logTime": "0502/145316", "correlationVector":"gmSBG1hBCN9IrqcU5YwQzB.1","action":"SyncServerConnectionManagerRequest", "result":"SYNC_SERVER_OK", "context":{"environment":"Prod_southeastasia_prod-s01-065-apac-southeastasia", "migrationStage":"NotStarted", "server":"akswtt00000000s"}}
{"logTime": "0502/145316", "correlationVector":"gmSBG1hBCN9IrqcU5YwQzB.2","action":"ProcessGetUpdates", "result":"Done", "context":{"dataType":"Encryption Keys", "deleted":"0", "process_failed_to_decrypt":"0", "process_pending_decryption":"0", "process_success":"1", "total":"1"}}
{"logTime": "0502/145316", "correlationVector":"+Hu/QniO/vQcBl3fjg25bq","action":"SyncServerConnectionManagerRequest", "result":"SYNC_SERVER_OK", "context":{"environment":"", "migrationStage":"", "server":""}}
{"logTime": "0502/145316", "correlationVector":"+Hu/QniO/vQcBl3fjg25bq.0","action":"EncryptionKeysFetcher.DownloadKeys:", "result":"Success", "context":Key count: 2, Last key timestamp: 2026-04-10T04:49:46Z}
{"logTime": "0502/145316", "correlationVector":"+Hu/QniO/vQcBl3fjg25bq.1","action":"EncryptionKeysManager::SetEncryptionKeys:", "result":"Success", "context":Key names[2]:[R7uWqS9nIuwx0tZuPj/2qidwqCDHtM9IVIlAtB2Q4sAWGbN/gotkCYxeYROJ3la9+8ARP6Bh5IMUSmOXm9GoJg==][IrKgzMCQpvC5yVBXj/1WQ/xWtC3ZxtPdPzaoovZgxy6JvUPS32l+QT2MhbfQZqMGjBndgmleGhyCAd9KUQTzPw==]}
{"logTime": "0502/145316", "correlationVector":"+Hu/QniO/vQcBl3fjg25bq.2","action":"EncryptionKeysManager::SetEncryptionKeysWithTimestamps:", "result":"Success", "context":Key timestamps[2]:[2025-10-11T10:39:28Z][2026-04-10T04:49:46Z]}
{"logTime": "0502/145316", "correlationVector":"gmSBG1hBCN9IrqcU5YwQzB","action":"Initial GetUpdates", "result":"", "context":Reason: NEW_CLIENT. cV=gmSBG1hBCN9IrqcU5YwQzB}
{"logTime": "0502/145316", "correlationVector":"gmSBG1hBCN9IrqcU5YwQzB.3","action":"GetUpdates Response", "result":"Success", "context":Received 1 update(s). cV=gmSBG1hBCN9IrqcU5YwQzB.0;server=akswtt00000000s;cloudType=Consumer;environment=Prod_southeastasia_prod-s01-065-apac-southeastasia;migrationStage=NotStarted}
{"logTime": "0502/145316", "correlationVector":"vJNyBJZ5HBFYzL468lVogY","action":"Initial GetUpdates", "result":"", "context":Reason: NEWLY_SUPPORTED_DATATYPE. cV=vJNyBJZ5HBFYzL468lVogY}
{"logTime": "0502/145317", "correlationVector":"vJNyBJZ5HBFYzL468lVogY.1","action":"SyncServerConnectionManagerRequest", "result":"SYNC_SERVER_OK", "context":{"environment":"Prod_southeastasia_prod-s01-065-apac-southeastasia", "migrationStage":"NotStarted", "server":"akswtt00000000d"}}
{"logTime": "0502/145317", "correlationVector":"vJNyBJZ5HBFYzL468lVogY.2","action":"ProcessGetUpdates", "result":"Done", "context":{"dataType":"Passwords", "deleted":"0", "process_failed_to_decrypt":"0", "process_pending_decryption":"0", "process_success":"13", "total":"13"}}
{"logTime": "0502/145317", "correlationVector":"vJNyBJZ5HBFYzL468lVogY.3","action":"GetUpdates Response", "result":"Success", "context":Received 13 update(s). cV=vJNyBJZ5HBFYzL468lVogY.0;server=akswtt00000000d;cloudType=Consumer;environment=Prod_southeastasia_prod-s01-065-apac-southeastasia;migrationStage=NotStarted}
{"logTime": "0502/145317", "correlationVector":"tWJrhK4Af07UFqt2XUq53D","action":"Normal GetUpdate request", "result":"", "context":cV=tWJrhK4Af07UFqt2XUq53D
Nudged types: Sessions, Device Info, History
Refresh requested types: Bookmarks, Preferences, Passwords, Autofill Profiles, Autofill, Extensions, Sessions, Extension settings, History Delete Directives, Device Info, User Consents, Send Tab To Self, Web Apps, History, Saved Tab Group, WebAuthn Credentials, Collection, Edge E Drop, Edge Hub App Usage, Edge Wallet, Edge Workspace, Encryption Keys}
{"logTime": "0502/145317", "correlationVector":"tWJrhK4Af07UFqt2XUq53D.1","action":"SyncServerConnectionManagerRequest", "result":"SYNC_SERVER_OK", "context":{"environment":"Prod_southeastasia_prod-s01-065-apac-southeastasia", "migrationStage":"NotStarted", "server":"akswtt00000000h"}}
{"logTime": "0502/145317", "correlationVector":"tWJrhK4Af07UFqt2XUq53D.2","action":"ProcessGetUpdates", "result":"Done", "context":{"dataType":"Sessions", "deleted":"0", "process_failed_to_decrypt":"0", "process_pending_decryption":"0", "process_success":"2", "total":"2"}}
{"logTime": "0502/145317", "correlationVector":"tWJrhK4Af07UFqt2XUq53D.3","action":"ProcessGetUpdates", "result":"Done", "context":{"dataType":"Device Info", "deleted":"0", "process_failed_to_decrypt":"0", "process_pending_decryption":"0", "process_success":"1", "total":"1"}}
{"logTime": "0502/145317", "correlationVector":"tWJrhK4Af07UFqt2XUq53D.4","action":"ProcessGetUpdates", "result":"Done", "context":{"dataType":"History", "deleted":"0", "process_failed_to_decrypt":"0", "process_pending_decryption":"0", "process_success":"1", "total":"1"}}
{"logTime": "0502/145317", "correlationVector":"tWJrhK4Af07UFqt2XUq53D.5","action":"GetUpdates Response", "result":"Success", "context":Received 4 update(s). cV=tWJrhK4Af07UFqt2XUq53D.0;server=akswtt00000000h;cloudType=Consumer;environment=Prod_southeastasia_prod-s01-065-apac-southeastasia;migrationStage=NotStarted}
{"logTime": "0502/145317", "correlationVector":"LR5jdZWmT2i1mtAHgoVHs/","action":"Commit Request", "result":"", "context":Item count: 4
Contributing types: Sessions, Device Info, History}
{"logTime": "0502/145317", "correlationVector":"LR5jdZWmT2i1mtAHgoVHs/.1","action":"SyncServerConnectionManagerRequest", "result":"SYNC_SERVER_OK", "context":{"environment":"Prod_southeastasia_prod-s01-065-apac-southeastasia", "migrationStage":"NotStarted", "server":"akswtt00000000i"}}
{"logTime": "0502/145317", "correlationVector":"LR5jdZWmT2i1mtAHgoVHs/.2","action":"Commit Response", "result":"Success", "context":Result: Success. cV=LR5jdZWmT2i1mtAHgoVHs/.0;server=akswtt00000000i;cloudType=Consumer;environment=Prod_southeastasia_prod-s01-065-apac-southeastasia;migrationStage=NotStarted}
{"logTime": "0502/145423", "correlationVector":"jHPEpi6bOULUBQ7HVJUDk8","action":"Commit Request", "result":"", "context":Item count: 2
Contributing types: Sessions, History}
{"logTime": "0502/145423", "correlationVector":"jHPEpi6bOULUBQ7HVJUDk8.1","action":"SyncServerConnectionManagerRequest", "result":"SYNC_SERVER_OK", "context":{"environment":"Prod_southeastasia_prod-s01-065-apac-southeastasia", "migrationStage":"NotStarted", "server":"akswtt000000007"}}
{"logTime": "0502/145423", "correlationVector":"jHPEpi6bOULUBQ7HVJUDk8.2","action":"Commit Response", "result":"Success", "context":Result: Success. cV=jHPEpi6bOULUBQ7HVJUDk8.0;server=akswtt000000007;cloudType=Consumer;environment=Prod_southeastasia_prod-s01-065-apac-southeastasia;migrationStage=NotStarted}
{"logTime": "0502/145919", "correlationVector":"Cp6wDjovtRjmsXafBMICrs.1","action":"SyncServerConnectionManagerRequest", "result":"SYNC_SERVER_OK", "context":{"environment":"Prod_southeastasia_prod-s01-065-apac-southeastasia", "migrationStage":"NotStarted", "server":"akswtt00000000e"}}
{"logTime": "0502/145919", "correlationVector":"Cp6wDjovtRjmsXafBMICrs.2","action":"ProcessGetUpdates", "result":"Done", "context":{"dataType":"Encryption Keys", "deleted":"0", "process_failed_to_decrypt":"0", "process_pending_decryption":"0", "process_success":"1", "total":"1"}}
{"logTime": "0502/145920", "correlationVector":"QTnNX7h5ARh0hNIZ3tJsad","action":"SyncServerConnectionManagerRequest", "result":"SYNC_SERVER_OK", "context":{"environment":"", "migrationStage":"", "server":""}}
{"logTime": "0502/145920", "correlationVector":"QTnNX7h5ARh0hNIZ3tJsad.0","action":"EncryptionKeysFetcher.DownloadKeys:", "result":"Success", "context":Key count: 2, Last key timestamp: 2026-04-10T04:49:46Z}
{"logTime": "0502/145920", "correlationVector":"QTnNX7h5ARh0hNIZ3tJsad.1","action":"EncryptionKeysManager::SetEncryptionKeys:", "result":"Success", "context":Key names[2]:[R7uWqS9nIuwx0tZuPj/2qidwqCDHtM9IVIlAtB2Q4sAWGbN/gotkCYxeYROJ3la9+8ARP6Bh5IMUSmOXm9GoJg==][IrKgzMCQpvC5yVBXj/1WQ/xWtC3ZxtPdPzaoovZgxy6JvUPS32l+QT2MhbfQZqMGjBndgmleGhyCAd9KUQTzPw==]}
{"logTime": "0502/145920", "correlationVector":"QTnNX7h5ARh0hNIZ3tJsad.2","action":"EncryptionKeysManager::SetEncryptionKeysWithTimestamps:", "result":"Success", "context":Key timestamps[2]:[2025-10-11T10:39:28Z][2026-04-10T04:49:46Z]}
{"logTime": "0502/145920", "correlationVector":"Cp6wDjovtRjmsXafBMICrs","action":"Initial GetUpdates", "result":"", "context":Reason: NEW_CLIENT. cV=Cp6wDjovtRjmsXafBMICrs}
{"logTime": "0502/145920", "correlationVector":"Cp6wDjovtRjmsXafBMICrs.3","action":"GetUpdates Response", "result":"Success", "context":Received 1 update(s). cV=Cp6wDjovtRjmsXafBMICrs.0;server=akswtt00000000e;cloudType=Consumer;environment=Prod_southeastasia_prod-s01-065-apac-southeastasia;migrationStage=NotStarted}
{"logTime": "0502/145920", "correlationVector":"u7uZKQARiYha+ZZPizCbZG","action":"Initial GetUpdates", "result":"", "context":Reason: NEWLY_SUPPORTED_DATATYPE. cV=u7uZKQARiYha+ZZPizCbZG}
{"logTime": "0502/145920", "correlationVector":"u7uZKQARiYha+ZZPizCbZG.1","action":"SyncServerConnectionManagerRequest", "result":"SYNC_SERVER_OK", "context":{"environment":"Prod_southeastasia_prod-s01-065-apac-southeastasia", "migrationStage":"NotStarted", "server":"akswtt00000000s"}}
{"logTime": "0502/145920", "correlationVector":"u7uZKQARiYha+ZZPizCbZG.2","action":"ProcessGetUpdates", "result":"Done", "context":{"dataType":"Preferences", "deleted":"0", "process_failed_to_decrypt":"0", "process_pending_decryption":"0", "process_success":"49", "total":"49"}}
{"logTime": "0502/145920", "correlationVector":"u7uZKQARiYha+ZZPizCbZG.3","action":"ProcessGetUpdates", "result":"Done", "context":{"dataType":"Passwords", "deleted":"0", "process_failed_to_decrypt":"0", "process_pending_decryption":"0", "process_success":"13", "total":"13"}}
{"logTime": "0502/145920", "correlationVector":"u7uZKQARiYha+ZZPizCbZG.4","action":"ProcessGetUpdates", "result":"Done", "context":{"dataType":"Device Info", "deleted":"0", "process_failed_to_decrypt":"0", "process_pending_decryption":"0", "process_success":"14", "total":"14"}}
{"logTime": "0502/145920", "correlationVector":"u7uZKQARiYha+ZZPizCbZG.5","action":"GetUpdates Response", "result":"Success", "context":Received 76 update(s). cV=u7uZKQARiYha+ZZPizCbZG.0;server=akswtt00000000s;cloudType=Consumer;environment=Prod_southeastasia_prod-s01-065-apac-southeastasia;migrationStage=NotStarted}
{"logTime": "0502/145920", "correlationVector":"j7rE9kTet5KADfsWnCw3XT","action":"Initial GetUpdates", "result":"", "context":Reason: NEWLY_SUPPORTED_DATATYPE. cV=j7rE9kTet5KADfsWnCw3XT}
{"logTime": "0502/145920", "correlationVector":"j7rE9kTet5KADfsWnCw3XT.1","action":"SyncServerConnectionManagerRequest", "result":"SYNC_SERVER_OK", "context":{"environment":"Prod_southeastasia_prod-s01-065-apac-southeastasia", "migrationStage":"NotStarted", "server":"akswtt00000000e"}}
{"logTime": "0502/145920", "correlationVector":"j7rE9kTet5KADfsWnCw3XT.2","action":"ProcessGetUpdates", "result":"Done", "context":{"dataType":"Bookmarks", "deleted":"0", "process_failed_to_decrypt":"0", "process_pending_decryption":"0", "process_success":"6", "total":"6"}}
{"logTime": "0502/145920", "correlationVector":"j7rE9kTet5KADfsWnCw3XT.3","action":"GetUpdates Response", "result":"Success", "context":Received 6 update(s). cV=j7rE9kTet5KADfsWnCw3XT.0;server=akswtt00000000e;cloudType=Consumer;environment=Prod_southeastasia_prod-s01-065-apac-southeastasia;migrationStage=NotStarted}
{"logTime": "0502/145920", "correlationVector":"nth94f1f0sztlnvkGivFkj","action":"Initial GetUpdates", "result":"", "context":Reason: NEWLY_SUPPORTED_DATATYPE. cV=nth94f1f0sztlnvkGivFkj}
{"logTime": "0502/145920", "correlationVector":"nth94f1f0sztlnvkGivFkj.1","action":"SyncServerConnectionManagerRequest", "result":"SYNC_SERVER_OK", "context":{"environment":"Prod_southeastasia_prod-s01-065-apac-southeastasia", "migrationStage":"NotStarted", "server":"akswtt000000007"}}
{"logTime": "0502/145921", "correlationVector":"nth94f1f0sztlnvkGivFkj.2","action":"ProcessGetUpdates", "result":"Done", "context":{"dataType":"Autofill Profiles", "deleted":"2", "process_failed_to_decrypt":"0", "process_pending_decryption":"0", "process_success":"3", "total":"3"}}
{"logTime": "0502/145921", "correlationVector":"nth94f1f0sztlnvkGivFkj.3","action":"ProcessGetUpdates", "result":"Done", "context":{"dataType":"Autofill", "deleted":"0", "process_failed_to_decrypt":"0", "process_pending_decryption":"0", "process_success":"81", "total":"81"}}
{"logTime": "0502/145921", "correlationVector":"nth94f1f0sztlnvkGivFkj.4","action":"ProcessGetUpdates", "result":"Done", "context":{"dataType":"Sessions", "deleted":"103", "process_failed_to_decrypt":"0", "process_pending_decryption":"0", "process_success":"115", "total":"115"}}
{"logTime": "0502/145921", "correlationVector":"nth94f1f0sztlnvkGivFkj.5","action":"ProcessGetUpdates", "result":"Done", "context":{"dataType":"Saved Tab Group", "deleted":"0", "process_failed_to_decrypt":"0", "process_pending_decryption":"0", "process_success":"2", "total":"2"}}
{"logTime": "0502/145921", "correlationVector":"nth94f1f0sztlnvkGivFkj.6","action":"ProcessGetUpdates", "result":"Done", "context":{"dataType":"Edge Hub App Usage", "deleted":"1", "process_failed_to_decrypt":"0", "process_pending_decryption":"0", "process_success":"26", "total":"26"}}
{"logTime": "0502/145921", "correlationVector":"nth94f1f0sztlnvkGivFkj.7","action":"GetUpdates Response", "result":"Success", "context":Received 227 update(s). cV=nth94f1f0sztlnvkGivFkj.0;server=akswtt000000007;cloudType=Consumer;environment=Prod_southeastasia_prod-s01-065-apac-southeastasia;migrationStage=NotStarted}
{"logTime": "0502/145921", "correlationVector":"nm07NwsEonUM0P8BpHBGLv","action":"Initial GetUpdates", "result":"", "context":Reason: NEWLY_SUPPORTED_DATATYPE. cV=nm07NwsEonUM0P8BpHBGLv}
{"logTime": "0502/145921", "correlationVector":"nm07NwsEonUM0P8BpHBGLv.1","action":"SyncServerConnectionManagerRequest", "result":"SYNC_SERVER_OK", "context":{"environment":"Prod_southeastasia_prod-s01-065-apac-southeastasia", "migrationStage":"NotStarted", "server":"akswtt00000000s"}}
{"logTime": "0502/145921", "correlationVector":"nm07NwsEonUM0P8BpHBGLv.2","action":"ProcessGetUpdates", "result":"Done", "context":{"dataType":"History", "deleted":"0", "process_failed_to_decrypt":"0", "process_pending_decryption":"0", "process_success":"250", "total":"250"}}
{"logTime": "0502/145921", "correlationVector":"nm07NwsEonUM0P8BpHBGLv.3","action":"GetUpdates Response", "result":"Success", "context":Received 250 update(s). cV=nm07NwsEonUM0P8BpHBGLv.0;server=akswtt00000000s;cloudType=Consumer;environment=Prod_southeastasia_prod-s01-065-apac-southeastasia;migrationStage=NotStarted Some updates remain.}
{"logTime": "0502/145921", "correlationVector":"7o2+NnfZWcZi3Zzih9ILPQ","action":"Initial GetUpdates", "result":"", "context":Reason: NEWLY_SUPPORTED_DATATYPE. cV=7o2+NnfZWcZi3Zzih9ILPQ}
{"logTime": "0502/145921", "correlationVector":"7o2+NnfZWcZi3Zzih9ILPQ.1","action":"SyncServerConnectionManagerRequest", "result":"SYNC_SERVER_OK", "context":{"environment":"Prod_southeastasia_prod-s01-065-apac-southeastasia", "migrationStage":"NotStarted", "server":"akswtt000000005"}}
{"logTime": "0502/145921", "correlationVector":"7o2+NnfZWcZi3Zzih9ILPQ.2","action":"ProcessGetUpdates", "result":"Done", "context":{"dataType":"History", "deleted":"0", "process_failed_to_decrypt":"0", "process_pending_decryption":"0", "process_success":"12", "total":"12"}}
{"logTime": "0502/145921", "correlationVector":"7o2+NnfZWcZi3Zzih9ILPQ.3","action":"GetUpdates Response", "result":"Success", "context":Received 12 update(s). cV=7o2+NnfZWcZi3Zzih9ILPQ.0;server=akswtt000000005;cloudType=Consumer;environment=Prod_southeastasia_prod-s01-065-apac-southeastasia;migrationStage=NotStarted}
{"logTime": "0502/145921", "correlationVector":"9nj29HU/eiixv08Fkyz44+","action":"Normal GetUpdate request", "result":"", "context":cV=9nj29HU/eiixv08Fkyz44+
Nudged types: Sessions, Device Info
Refresh requested types: Bookmarks, Preferences, Passwords, Autofill Profiles, Autofill, Extensions, Sessions, Extension settings, History Delete Directives, Device Info, User Consents, Send Tab To Self, Web Apps, History, Saved Tab Group, WebAuthn Credentials, Collection, Edge E Drop, Edge Hub App Usage, Edge Wallet, Edge Workspace, Encryption Keys}
{"logTime": "0502/145921", "correlationVector":"9nj29HU/eiixv08Fkyz44+.1","action":"SyncServerConnectionManagerRequest", "result":"SYNC_SERVER_OK", "context":{"environment":"Prod_southeastasia_prod-s01-065-apac-southeastasia", "migrationStage":"NotStarted", "server":"akswtt00000000e"}}
{"logTime": "0502/145921", "correlationVector":"9nj29HU/eiixv08Fkyz44+.2","action":"GetUpdates Response", "result":"Success", "context":Received 0 update(s). cV=9nj29HU/eiixv08Fkyz44+.0;server=akswtt00000000e;cloudType=Consumer;environment=Prod_southeastasia_prod-s01-065-apac-southeastasia;migrationStage=NotStarted}
{"logTime": "0502/145921", "correlationVector":"b2Xw7Iq84bqxAvuiairQbV","action":"Commit Request", "result":"", "context":Item count: 3
Contributing types: Sessions, Device Info}
{"logTime": "0502/145921", "correlationVector":"b2Xw7Iq84bqxAvuiairQbV.1","action":"SyncServerConnectionManagerRequest", "result":"SYNC_SERVER_OK", "context":{"environment":"Prod_southeastasia_prod-s01-065-apac-southeastasia", "migrationStage":"NotStarted", "server":"akswtt00000000j"}}
{"logTime": "0502/145921", "correlationVector":"b2Xw7Iq84bqxAvuiairQbV.2","action":"Commit Response", "result":"Success", "context":Result: Success. cV=b2Xw7Iq84bqxAvuiairQbV.0;server=akswtt00000000j;cloudType=Consumer;environment=Prod_southeastasia_prod-s01-065-apac-southeastasia;migrationStage=NotStarted}
{"logTime": "0502/150027", "correlationVector":"at5w5t2ZTnnzddbIll+R/q","action":"Commit Request", "result":"", "context":Item count: 2
Contributing types: Sessions, History}
{"logTime": "0502/150027", "correlationVector":"at5w5t2ZTnnzddbIll+R/q.1","action":"SyncServerConnectionManagerRequest", "result":"SYNC_SERVER_OK", "context":{"environment":"Prod_southeastasia_prod-s01-065-apac-southeastasia", "migrationStage":"NotStarted", "server":"akswtt00000000t"}}
{"logTime": "0502/150027", "correlationVector":"at5w5t2ZTnnzddbIll+R/q.2","action":"Commit Response", "result":"Success", "context":Result: Success. cV=at5w5t2ZTnnzddbIll+R/q.0;server=akswtt00000000t;cloudType=Consumer;environment=Prod_southeastasia_prod-s01-065-apac-southeastasia;migrationStage=NotStarted}
{"logTime": "0502/151739", "correlationVector":"RNeeKWGTtslOUxYJ4qEsKO","action":"Commit Request", "result":"", "context":Item count: 1
Contributing types: Sessions}
{"logTime": "0502/151740", "correlationVector":"RNeeKWGTtslOUxYJ4qEsKO.1","action":"SyncServerConnectionManagerRequest", "result":"SYNC_SERVER_OK", "context":{"environment":"Prod_southeastasia_prod-s01-065-apac-southeastasia", "migrationStage":"NotStarted", "server":"akswtt00000000p"}}
{"logTime": "0502/151740", "correlationVector":"RNeeKWGTtslOUxYJ4qEsKO.2","action":"Commit Response", "result":"Success", "context":Result: Success. cV=RNeeKWGTtslOUxYJ4qEsKO.0;server=akswtt00000000p;cloudType=Consumer;environment=Prod_southeastasia_prod-s01-065-apac-southeastasia;migrationStage=NotStarted}
{"logTime": "0502/152922", "correlationVector":"hxwzeKgfH2FZA8U0TLyKuj.1","action":"SyncServerConnectionManagerRequest", "result":"SYNC_SERVER_OK", "context":{"environment":"Prod_southeastasia_prod-s01-064-apac-southeastasia", "migrationStage":"NotStarted", "server":"akswtt00000000j"}}
{"logTime": "0502/152922", "correlationVector":"hxwzeKgfH2FZA8U0TLyKuj.2","action":"ProcessGetUpdates", "result":"Done", "context":{"dataType":"Encryption Keys", "deleted":"0", "process_failed_to_decrypt":"0", "process_pending_decryption":"0", "process_success":"1", "total":"1"}}
{"logTime": "0502/152923", "correlationVector":"sdi35TndUb54wiNbCLG6fQ","action":"SyncServerConnectionManagerRequest", "result":"SYNC_SERVER_OK", "context":{"environment":"", "migrationStage":"", "server":""}}
{"logTime": "0502/152923", "correlationVector":"sdi35TndUb54wiNbCLG6fQ.0","action":"EncryptionKeysFetcher.DownloadKeys:", "result":"Success", "context":Key count: 2, Last key timestamp: 2026-04-10T04:49:46Z}
{"logTime": "0502/152923", "correlationVector":"sdi35TndUb54wiNbCLG6fQ.1","action":"EncryptionKeysManager::SetEncryptionKeys:", "result":"Success", "context":Key names[2]:[R7uWqS9nIuwx0tZuPj/2qidwqCDHtM9IVIlAtB2Q4sAWGbN/gotkCYxeYROJ3la9+8ARP6Bh5IMUSmOXm9GoJg==][IrKgzMCQpvC5yVBXj/1WQ/xWtC3ZxtPdPzaoovZgxy6JvUPS32l+QT2MhbfQZqMGjBndgmleGhyCAd9KUQTzPw==]}
{"logTime": "0502/152923", "correlationVector":"sdi35TndUb54wiNbCLG6fQ.2","action":"EncryptionKeysManager::SetEncryptionKeysWithTimestamps:", "result":"Success", "context":Key timestamps[2]:[2025-10-11T10:39:28Z][2026-04-10T04:49:46Z]}
{"logTime": "0502/152923", "correlationVector":"hxwzeKgfH2FZA8U0TLyKuj","action":"Initial GetUpdates", "result":"", "context":Reason: NEW_CLIENT. cV=hxwzeKgfH2FZA8U0TLyKuj}
{"logTime": "0502/152923", "correlationVector":"hxwzeKgfH2FZA8U0TLyKuj.3","action":"GetUpdates Response", "result":"Success", "context":Received 1 update(s). cV=hxwzeKgfH2FZA8U0TLyKuj.0;server=akswtt00000000j;cloudType=Consumer;environment=Prod_southeastasia_prod-s01-064-apac-southeastasia;migrationStage=NotStarted}
{"logTime": "0502/152923", "correlationVector":"u1u+02UADJVGqUnp2kTLlC","action":"Initial GetUpdates", "result":"", "context":Reason: NEWLY_SUPPORTED_DATATYPE. cV=u1u+02UADJVGqUnp2kTLlC}
{"logTime": "0502/152923", "correlationVector":"u1u+02UADJVGqUnp2kTLlC.1","action":"SyncServerConnectionManagerRequest", "result":"SYNC_SERVER_OK", "context":{"environment":"Prod_southeastasia_prod-s01-064-apac-southeastasia", "migrationStage":"NotStarted", "server":"akswtt00000000c"}}
{"logTime": "0502/152923", "correlationVector":"u1u+02UADJVGqUnp2kTLlC.2","action":"ProcessGetUpdates", "result":"Done", "context":{"dataType":"Passwords", "deleted":"0", "process_failed_to_decrypt":"0", "process_pending_decryption":"0", "process_success":"13", "total":"13"}}
{"logTime": "0502/152923", "correlationVector":"u1u+02UADJVGqUnp2kTLlC.3","action":"GetUpdates Response", "result":"Success", "context":Received 13 update(s). cV=u1u+02UADJVGqUnp2kTLlC.0;server=akswtt00000000c;cloudType=Consumer;environment=Prod_southeastasia_prod-s01-064-apac-southeastasia;migrationStage=NotStarted}
{"logTime": "0502/152923", "correlationVector":"rBmGRhNboi09vyI6WB66vu","action":"Normal GetUpdate request", "result":"", "context":cV=rBmGRhNboi09vyI6WB66vu
Nudged types: Sessions, Device Info, History
Refresh requested types: Bookmarks, Preferences, Passwords, Autofill Profiles, Autofill, Extensions, Sessions, Extension settings, History Delete Directives, Device Info, User Consents, Send Tab To Self, Web Apps, History, Saved Tab Group, WebAuthn Credentials, Collection, Edge E Drop, Edge Hub App Usage, Edge Wallet, Edge Workspace, Encryption Keys}
{"logTime": "0502/152923", "correlationVector":"rBmGRhNboi09vyI6WB66vu.1","action":"SyncServerConnectionManagerRequest", "result":"SYNC_SERVER_OK", "context":{"environment":"Prod_southeastasia_prod-s01-064-apac-southeastasia", "migrationStage":"NotStarted", "server":"akswtt00000000u"}}
{"logTime": "0502/152923", "correlationVector":"rBmGRhNboi09vyI6WB66vu.2","action":"ProcessGetUpdates", "result":"Done", "context":{"dataType":"Sessions", "deleted":"0", "process_failed_to_decrypt":"0", "process_pending_decryption":"0", "process_success":"2", "total":"2"}}
{"logTime": "0502/152923", "correlationVector":"rBmGRhNboi09vyI6WB66vu.3","action":"ProcessGetUpdates", "result":"Done", "context":{"dataType":"Device Info", "deleted":"0", "process_failed_to_decrypt":"0", "process_pending_decryption":"0", "process_success":"1", "total":"1"}}
{"logTime": "0502/152923", "correlationVector":"rBmGRhNboi09vyI6WB66vu.4","action":"ProcessGetUpdates", "result":"Done", "context":{"dataType":"History", "deleted":"0", "process_failed_to_decrypt":"0", "process_pending_decryption":"0", "process_success":"1", "total":"1"}}
{"logTime": "0502/152923", "correlationVector":"rBmGRhNboi09vyI6WB66vu.5","action":"GetUpdates Response", "result":"Success", "context":Received 4 update(s). cV=rBmGRhNboi09vyI6WB66vu.0;server=akswtt00000000u;cloudType=Consumer;environment=Prod_southeastasia_prod-s01-064-apac-southeastasia;migrationStage=NotStarted}
{"logTime": "0502/152923", "correlationVector":"lJDwjGTeDKRnK7ieykjtmp","action":"Commit Request", "result":"", "context":Item count: 4
Contributing types: Sessions, Device Info, History}
{"logTime": "0502/152924", "correlationVector":"lJDwjGTeDKRnK7ieykjtmp.1","action":"SyncServerConnectionManagerRequest", "result":"SYNC_SERVER_OK", "context":{"environment":"Prod_southeastasia_prod-s01-064-apac-southeastasia", "migrationStage":"NotStarted", "server":"akswtt000000000"}}
{"logTime": "0502/152924", "correlationVector":"lJDwjGTeDKRnK7ieykjtmp.2","action":"Commit Response", "result":"Success", "context":Result: Success. cV=lJDwjGTeDKRnK7ieykjtmp.0;server=akswtt000000000;cloudType=Consumer;environment=Prod_southeastasia_prod-s01-064-apac-southeastasia;migrationStage=NotStarted}
{"logTime": "0502/153025", "correlationVector":"IF2jfKK4fK6sRCByQHlWko","action":"Commit Request", "result":"", "context":Item count: 2
Contributing types: Sessions, History}
{"logTime": "0502/153026", "correlationVector":"IF2jfKK4fK6sRCByQHlWko.1","action":"SyncServerConnectionManagerRequest", "result":"SYNC_SERVER_OK", "context":{"environment":"Prod_southeastasia_prod-s01-064-apac-southeastasia", "migrationStage":"NotStarted", "server":"akswtt00000000r"}}
{"logTime": "0502/153026", "correlationVector":"IF2jfKK4fK6sRCByQHlWko.2","action":"Commit Response", "result":"Success", "context":Result: Success. cV=IF2jfKK4fK6sRCByQHlWko.0;server=akswtt00000000r;cloudType=Consumer;environment=Prod_southeastasia_prod-s01-064-apac-southeastasia;migrationStage=NotStarted}
{"logTime": "0502/153231", "correlationVector":"Uu5AxCL6ZY5H+PAaGQ26ZV","action":"Commit Request", "result":"", "context":Item count: 3
Contributing types: Sessions, History}
{"logTime": "0502/153232", "correlationVector":"Uu5AxCL6ZY5H+PAaGQ26ZV.1","action":"SyncServerConnectionManagerRequest", "result":"SYNC_SERVER_OK", "context":{"environment":"Prod_southeastasia_prod-s01-064-apac-southeastasia", "migrationStage":"NotStarted", "server":"akswtt00000000o"}}
{"logTime": "0502/153232", "correlationVector":"Uu5AxCL6ZY5H+PAaGQ26ZV.2","action":"Commit Response", "result":"Success", "context":Result: Success. cV=Uu5AxCL6ZY5H+PAaGQ26ZV.0;server=akswtt00000000o;cloudType=Consumer;environment=Prod_southeastasia_prod-s01-064-apac-southeastasia;migrationStage=NotStarted}
{"logTime": "0502/153456", "correlationVector":"i42pba0/gpQQZDgv70zMFL.1","action":"SyncServerConnectionManagerRequest", "result":"SYNC_SERVER_OK", "context":{"environment":"Prod_southeastasia_prod-s01-064-apac-southeastasia", "migrationStage":"NotStarted", "server":"akswtt00000000u"}}
{"logTime": "0502/153456", "correlationVector":"i42pba0/gpQQZDgv70zMFL.2","action":"ProcessGetUpdates", "result":"Done", "context":{"dataType":"Encryption Keys", "deleted":"0", "process_failed_to_decrypt":"0", "process_pending_decryption":"0", "process_success":"1", "total":"1"}}
{"logTime": "0502/153457", "correlationVector":"zKXMqWiHuasjkTG21IzPBO","action":"SyncServerConnectionManagerRequest", "result":"SYNC_SERVER_OK", "context":{"environment":"", "migrationStage":"", "server":""}}
{"logTime": "0502/153457", "correlationVector":"zKXMqWiHuasjkTG21IzPBO.0","action":"EncryptionKeysFetcher.DownloadKeys:", "result":"Success", "context":Key count: 2, Last key timestamp: 2026-04-10T04:49:46Z}
{"logTime": "0502/153457", "correlationVector":"zKXMqWiHuasjkTG21IzPBO.1","action":"EncryptionKeysManager::SetEncryptionKeys:", "result":"Success", "context":Key names[2]:[R7uWqS9nIuwx0tZuPj/2qidwqCDHtM9IVIlAtB2Q4sAWGbN/gotkCYxeYROJ3la9+8ARP6Bh5IMUSmOXm9GoJg==][IrKgzMCQpvC5yVBXj/1WQ/xWtC3ZxtPdPzaoovZgxy6JvUPS32l+QT2MhbfQZqMGjBndgmleGhyCAd9KUQTzPw==]}
{"logTime": "0502/153457", "correlationVector":"zKXMqWiHuasjkTG21IzPBO.2","action":"EncryptionKeysManager::SetEncryptionKeysWithTimestamps:", "result":"Success", "context":Key timestamps[2]:[2025-10-11T10:39:28Z][2026-04-10T04:49:46Z]}
{"logTime": "0502/153457", "correlationVector":"i42pba0/gpQQZDgv70zMFL","action":"Initial GetUpdates", "result":"", "context":Reason: NEW_CLIENT. cV=i42pba0/gpQQZDgv70zMFL}
{"logTime": "0502/153457", "correlationVector":"i42pba0/gpQQZDgv70zMFL.3","action":"GetUpdates Response", "result":"Success", "context":Received 1 update(s). cV=i42pba0/gpQQZDgv70zMFL.0;server=akswtt00000000u;cloudType=Consumer;environment=Prod_southeastasia_prod-s01-064-apac-southeastasia;migrationStage=NotStarted}
{"logTime": "0502/153457", "correlationVector":"xtg+P+hCOSQ76PPCmZnL9M","action":"Initial GetUpdates", "result":"", "context":Reason: NEWLY_SUPPORTED_DATATYPE. cV=xtg+P+hCOSQ76PPCmZnL9M}
{"logTime": "0502/153457", "correlationVector":"xtg+P+hCOSQ76PPCmZnL9M.1","action":"SyncServerConnectionManagerRequest", "result":"SYNC_SERVER_OK", "context":{"environment":"Prod_southeastasia_prod-s01-064-apac-southeastasia", "migrationStage":"NotStarted", "server":"akswtt000000011"}}
{"logTime": "0502/153457", "correlationVector":"xtg+P+hCOSQ76PPCmZnL9M.2","action":"ProcessGetUpdates", "result":"Done", "context":{"dataType":"Preferences", "deleted":"0", "process_failed_to_decrypt":"0", "process_pending_decryption":"0", "process_success":"49", "total":"49"}}
{"logTime": "0502/153457", "correlationVector":"xtg+P+hCOSQ76PPCmZnL9M.3","action":"ProcessGetUpdates", "result":"Done", "context":{"dataType":"Passwords", "deleted":"0", "process_failed_to_decrypt":"0", "process_pending_decryption":"0", "process_success":"13", "total":"13"}}
{"logTime": "0502/153457", "correlationVector":"xtg+P+hCOSQ76PPCmZnL9M.4","action":"ProcessGetUpdates", "result":"Done", "context":{"dataType":"Device Info", "deleted":"0", "process_failed_to_decrypt":"0", "process_pending_decryption":"0", "process_success":"14", "total":"14"}}
{"logTime": "0502/153457", "correlationVector":"xtg+P+hCOSQ76PPCmZnL9M.5","action":"GetUpdates Response", "result":"Success", "context":Received 76 update(s). cV=xtg+P+hCOSQ76PPCmZnL9M.0;server=akswtt000000011;cloudType=Consumer;environment=Prod_southeastasia_prod-s01-064-apac-southeastasia;migrationStage=NotStarted}
{"logTime": "0502/153457", "correlationVector":"xqnFd8cZf8RKUKaqxF+XZt","action":"Initial GetUpdates", "result":"", "context":Reason: NEWLY_SUPPORTED_DATATYPE. cV=xqnFd8cZf8RKUKaqxF+XZt}
{"logTime": "0502/153457", "correlationVector":"xqnFd8cZf8RKUKaqxF+XZt.1","action":"SyncServerConnectionManagerRequest", "result":"SYNC_SERVER_OK", "context":{"environment":"Prod_southeastasia_prod-s01-064-apac-southeastasia", "migrationStage":"NotStarted", "server":"akswtt00000000u"}}
{"logTime": "0502/153457", "correlationVector":"xqnFd8cZf8RKUKaqxF+XZt.2","action":"ProcessGetUpdates", "result":"Done", "context":{"dataType":"Bookmarks", "deleted":"0", "process_failed_to_decrypt":"0", "process_pending_decryption":"0", "process_success":"6", "total":"6"}}
{"logTime": "0502/153457", "correlationVector":"xqnFd8cZf8RKUKaqxF+XZt.3","action":"GetUpdates Response", "result":"Success", "context":Received 6 update(s). cV=xqnFd8cZf8RKUKaqxF+XZt.0;server=akswtt00000000u;cloudType=Consumer;environment=Prod_southeastasia_prod-s01-064-apac-southeastasia;migrationStage=NotStarted}
{"logTime": "0502/153457", "correlationVector":"W6KBRvh3SCmMDCxOC89kUJ","action":"Initial GetUpdates", "result":"", "context":Reason: NEWLY_SUPPORTED_DATATYPE. cV=W6KBRvh3SCmMDCxOC89kUJ}
{"logTime": "0502/153458", "correlationVector":"W6KBRvh3SCmMDCxOC89kUJ.1","action":"SyncServerConnectionManagerRequest", "result":"SYNC_SERVER_OK", "context":{"environment":"Prod_southeastasia_prod-s01-064-apac-southeastasia", "migrationStage":"NotStarted", "server":"akswtt000000004"}}
{"logTime": "0502/153458", "correlationVector":"W6KBRvh3SCmMDCxOC89kUJ.2","action":"ProcessGetUpdates", "result":"Done", "context":{"dataType":"Autofill Profiles", "deleted":"2", "process_failed_to_decrypt":"0", "process_pending_decryption":"0", "process_success":"3", "total":"3"}}
{"logTime": "0502/153458", "correlationVector":"W6KBRvh3SCmMDCxOC89kUJ.3","action":"ProcessGetUpdates", "result":"Done", "context":{"dataType":"Autofill", "deleted":"0", "process_failed_to_decrypt":"0", "process_pending_decryption":"0", "process_success":"81", "total":"81"}}
{"logTime": "0502/153458", "correlationVector":"W6KBRvh3SCmMDCxOC89kUJ.4","action":"ProcessGetUpdates", "result":"Done", "context":{"dataType":"Sessions", "deleted":"103", "process_failed_to_decrypt":"0", "process_pending_decryption":"0", "process_success":"115", "total":"115"}}
{"logTime": "0502/153458", "correlationVector":"W6KBRvh3SCmMDCxOC89kUJ.5","action":"ProcessGetUpdates", "result":"Done", "context":{"dataType":"Saved Tab Group", "deleted":"0", "process_failed_to_decrypt":"0", "process_pending_decryption":"0", "process_success":"2", "total":"2"}}
{"logTime": "0502/153458", "correlationVector":"W6KBRvh3SCmMDCxOC89kUJ.6","action":"ProcessGetUpdates", "result":"Done", "context":{"dataType":"Edge Hub App Usage", "deleted":"1", "process_failed_to_decrypt":"0", "process_pending_decryption":"0", "process_success":"26", "total":"26"}}
{"logTime": "0502/153458", "correlationVector":"W6KBRvh3SCmMDCxOC89kUJ.7","action":"GetUpdates Response", "result":"Success", "context":Received 227 update(s). cV=W6KBRvh3SCmMDCxOC89kUJ.0;server=akswtt000000004;cloudType=Consumer;environment=Prod_southeastasia_prod-s01-064-apac-southeastasia;migrationStage=NotStarted}
{"logTime": "0502/153458", "correlationVector":"pPldQLwIKVm78wl4i1u7y1","action":"Initial GetUpdates", "result":"", "context":Reason: NEWLY_SUPPORTED_DATATYPE. cV=pPldQLwIKVm78wl4i1u7y1}
{"logTime": "0502/153458", "correlationVector":"pPldQLwIKVm78wl4i1u7y1.1","action":"SyncServerConnectionManagerRequest", "result":"SYNC_SERVER_OK", "context":{"environment":"Prod_southeastasia_prod-s01-064-apac-southeastasia", "migrationStage":"NotStarted", "server":"akswtt000000009"}}
{"logTime": "0502/153458", "correlationVector":"pPldQLwIKVm78wl4i1u7y1.2","action":"ProcessGetUpdates", "result":"Done", "context":{"dataType":"History", "deleted":"0", "process_failed_to_decrypt":"0", "process_pending_decryption":"0", "process_success":"250", "total":"250"}}
{"logTime": "0502/153458", "correlationVector":"pPldQLwIKVm78wl4i1u7y1.3","action":"GetUpdates Response", "result":"Success", "context":Received 250 update(s). cV=pPldQLwIKVm78wl4i1u7y1.0;server=akswtt000000009;cloudType=Consumer;environment=Prod_southeastasia_prod-s01-064-apac-southeastasia;migrationStage=NotStarted Some updates remain.}
{"logTime": "0502/153458", "correlationVector":"Sk/qhAp88+RIwa+lyneeqL","action":"Initial GetUpdates", "result":"", "context":Reason: NEWLY_SUPPORTED_DATATYPE. cV=Sk/qhAp88+RIwa+lyneeqL}
{"logTime": "0502/153458", "correlationVector":"Sk/qhAp88+RIwa+lyneeqL.1","action":"SyncServerConnectionManagerRequest", "result":"SYNC_SERVER_OK", "context":{"environment":"Prod_southeastasia_prod-s01-064-apac-southeastasia", "migrationStage":"NotStarted", "server":"akswtt00000000f"}}
{"logTime": "0502/153458", "correlationVector":"Sk/qhAp88+RIwa+lyneeqL.2","action":"ProcessGetUpdates", "result":"Done", "context":{"dataType":"History", "deleted":"0", "process_failed_to_decrypt":"0", "process_pending_decryption":"0", "process_success":"15", "total":"15"}}
{"logTime": "0502/153458", "correlationVector":"Sk/qhAp88+RIwa+lyneeqL.3","action":"GetUpdates Response", "result":"Success", "context":Received 15 update(s). cV=Sk/qhAp88+RIwa+lyneeqL.0;server=akswtt00000000f;cloudType=Consumer;environment=Prod_southeastasia_prod-s01-064-apac-southeastasia;migrationStage=NotStarted}
{"logTime": "0502/153458", "correlationVector":"y/2pq7/AvcL9Tm2GcURUVz","action":"Normal GetUpdate request", "result":"", "context":cV=y/2pq7/AvcL9Tm2GcURUVz
Nudged types: Sessions, Device Info
Refresh requested types: Bookmarks, Preferences, Passwords, Autofill Profiles, Autofill, Extensions, Sessions, Extension settings, History Delete Directives, Device Info, User Consents, Send Tab To Self, Web Apps, History, Saved Tab Group, WebAuthn Credentials, Collection, Edge E Drop, Edge Hub App Usage, Edge Wallet, Edge Workspace, Encryption Keys}
{"logTime": "0502/153458", "correlationVector":"y/2pq7/AvcL9Tm2GcURUVz.1","action":"SyncServerConnectionManagerRequest", "result":"SYNC_SERVER_OK", "context":{"environment":"Prod_southeastasia_prod-s01-064-apac-southeastasia", "migrationStage":"NotStarted", "server":"akswtt00000000f"}}
{"logTime": "0502/153458", "correlationVector":"y/2pq7/AvcL9Tm2GcURUVz.2","action":"GetUpdates Response", "result":"Success", "context":Received 0 update(s). cV=y/2pq7/AvcL9Tm2GcURUVz.0;server=akswtt00000000f;cloudType=Consumer;environment=Prod_southeastasia_prod-s01-064-apac-southeastasia;migrationStage=NotStarted}
{"logTime": "0502/153458", "correlationVector":"OtyU9vpsDAUVkczLwZ83kr","action":"Commit Request", "result":"", "context":Item count: 3
Contributing types: Sessions, Device Info}
{"logTime": "0502/153458", "correlationVector":"OtyU9vpsDAUVkczLwZ83kr.1","action":"SyncServerConnectionManagerRequest", "result":"SYNC_SERVER_OK", "context":{"environment":"Prod_southeastasia_prod-s01-064-apac-southeastasia", "migrationStage":"NotStarted", "server":"akswtt000000007"}}
{"logTime": "0502/153458", "correlationVector":"OtyU9vpsDAUVkczLwZ83kr.2","action":"Commit Response", "result":"Success", "context":Result: Success. cV=OtyU9vpsDAUVkczLwZ83kr.0;server=akswtt000000007;cloudType=Consumer;environment=Prod_southeastasia_prod-s01-064-apac-southeastasia;migrationStage=NotStarted}
{"logTime": "0502/153559", "correlationVector":"3vty0iWUtdm6ExX8z+5NEX","action":"Commit Request", "result":"", "context":Item count: 7
Contributing types: Sessions, History}
{"logTime": "0502/153559", "correlationVector":"3vty0iWUtdm6ExX8z+5NEX.1","action":"SyncServerConnectionManagerRequest", "result":"SYNC_SERVER_OK", "context":{"environment":"Prod_southeastasia_prod-s01-064-apac-southeastasia", "migrationStage":"NotStarted", "server":"akswtt00000000u"}}
{"logTime": "0502/153559", "correlationVector":"3vty0iWUtdm6ExX8z+5NEX.2","action":"Commit Response", "result":"Success", "context":Result: Success. cV=3vty0iWUtdm6ExX8z+5NEX.0;server=akswtt00000000u;cloudType=Consumer;environment=Prod_southeastasia_prod-s01-064-apac-southeastasia;migrationStage=NotStarted}
{"logTime": "0502/153902", "correlationVector":"2zXGU0ruCJOpnE6BnJxEC2","action":"Commit Request", "result":"", "context":Item count: 1
Contributing types: Sessions}
{"logTime": "0502/153902", "correlationVector":"2zXGU0ruCJOpnE6BnJxEC2.1","action":"SyncServerConnectionManagerRequest", "result":"SYNC_SERVER_OK", "context":{"environment":"Prod_southeastasia_prod-s01-064-apac-southeastasia", "migrationStage":"NotStarted", "server":"akswtt00000000f"}}
{"logTime": "0502/153902", "correlationVector":"2zXGU0ruCJOpnE6BnJxEC2.2","action":"Commit Response", "result":"Success", "context":Result: Success. cV=2zXGU0ruCJOpnE6BnJxEC2.0;server=akswtt00000000f;cloudType=Consumer;environment=Prod_southeastasia_prod-s01-064-apac-southeastasia;migrationStage=NotStarted}
{"logTime": "0502/154020", "correlationVector":"ZmiLPnQvUR+ab/CIJcJekA","action":"Commit Request", "result":"", "context":Item count: 1
Contributing types: Sessions}
{"logTime": "0502/154020", "correlationVector":"ZmiLPnQvUR+ab/CIJcJekA.1","action":"SyncServerConnectionManagerRequest", "result":"SYNC_SERVER_OK", "context":{"environment":"Prod_southeastasia_prod-s01-064-apac-southeastasia", "migrationStage":"NotStarted", "server":"akswtt00000000q"}}
{"logTime": "0502/154020", "correlationVector":"ZmiLPnQvUR+ab/CIJcJekA.2","action":"Commit Response", "result":"Success", "context":Result: Success. cV=ZmiLPnQvUR+ab/CIJcJekA.0;server=akswtt00000000q;cloudType=Consumer;environment=Prod_southeastasia_prod-s01-064-apac-southeastasia;migrationStage=NotStarted}
{"logTime": "0502/154229", "correlationVector":"fWG/V1wFjEm3bDzc/UBYas","action":"Commit Request", "result":"", "context":Item count: 1
Contributing types: Sessions}
{"logTime": "0502/154229", "correlationVector":"fWG/V1wFjEm3bDzc/UBYas.1","action":"SyncServerConnectionManagerRequest", "result":"SYNC_SERVER_OK", "context":{"environment":"Prod_southeastasia_prod-s01-065-apac-southeastasia", "migrationStage":"NotStarted", "server":"akswtt00000000j"}}
{"logTime": "0502/154229", "correlationVector":"fWG/V1wFjEm3bDzc/UBYas.2","action":"Commit Response", "result":"Success", "context":Result: Success. cV=fWG/V1wFjEm3bDzc/UBYas.0;server=akswtt00000000j;cloudType=Consumer;environment=Prod_southeastasia_prod-s01-065-apac-southeastasia;migrationStage=NotStarted}
{"logTime": "0502/154555", "correlationVector":"NTXGpcbF2HCs+uJkSZniA8","action":"Commit Request", "result":"", "context":Item count: 1
Contributing types: Sessions}
{"logTime": "0502/154555", "correlationVector":"NTXGpcbF2HCs+uJkSZniA8.1","action":"SyncServerConnectionManagerRequest", "result":"SYNC_SERVER_OK", "context":{"environment":"Prod_southeastasia_prod-s01-065-apac-southeastasia", "migrationStage":"NotStarted", "server":"akswtt000000007"}}
{"logTime": "0502/154555", "correlationVector":"NTXGpcbF2HCs+uJkSZniA8.2","action":"Commit Response", "result":"Success", "context":Result: Success. cV=NTXGpcbF2HCs+uJkSZniA8.0;server=akswtt000000007;cloudType=Consumer;environment=Prod_southeastasia_prod-s01-065-apac-southeastasia;migrationStage=NotStarted}
{"logTime": "0502/155319", "correlationVector":"XjU6zn2F1cKfPsWKjcBWmu.1","action":"SyncServerConnectionManagerRequest", "result":"SYNC_SERVER_OK", "context":{"environment":"Prod_southeastasia_prod-s01-065-apac-southeastasia", "migrationStage":"NotStarted", "server":"akswtt00000000a"}}
{"logTime": "0502/155319", "correlationVector":"XjU6zn2F1cKfPsWKjcBWmu.2","action":"ProcessGetUpdates", "result":"Done", "context":{"dataType":"Encryption Keys", "deleted":"0", "process_failed_to_decrypt":"0", "process_pending_decryption":"0", "process_success":"1", "total":"1"}}
{"logTime": "0502/155320", "correlationVector":"F2wWbNwOX70cZpfmeBEoQX","action":"SyncServerConnectionManagerRequest", "result":"SYNC_SERVER_OK", "context":{"environment":"", "migrationStage":"", "server":""}}
{"logTime": "0502/155320", "correlationVector":"F2wWbNwOX70cZpfmeBEoQX.0","action":"EncryptionKeysFetcher.DownloadKeys:", "result":"Success", "context":Key count: 2, Last key timestamp: 2026-04-10T04:49:46Z}
{"logTime": "0502/155320", "correlationVector":"F2wWbNwOX70cZpfmeBEoQX.1","action":"EncryptionKeysManager::SetEncryptionKeys:", "result":"Success", "context":Key names[2]:[R7uWqS9nIuwx0tZuPj/2qidwqCDHtM9IVIlAtB2Q4sAWGbN/gotkCYxeYROJ3la9+8ARP6Bh5IMUSmOXm9GoJg==][IrKgzMCQpvC5yVBXj/1WQ/xWtC3ZxtPdPzaoovZgxy6JvUPS32l+QT2MhbfQZqMGjBndgmleGhyCAd9KUQTzPw==]}
{"logTime": "0502/155320", "correlationVector":"F2wWbNwOX70cZpfmeBEoQX.2","action":"EncryptionKeysManager::SetEncryptionKeysWithTimestamps:", "result":"Success", "context":Key timestamps[2]:[2025-10-11T10:39:28Z][2026-04-10T04:49:46Z]}
{"logTime": "0502/155320", "correlationVector":"XjU6zn2F1cKfPsWKjcBWmu","action":"Initial GetUpdates", "result":"", "context":Reason: NEW_CLIENT. cV=XjU6zn2F1cKfPsWKjcBWmu}
{"logTime": "0502/155320", "correlationVector":"XjU6zn2F1cKfPsWKjcBWmu.3","action":"GetUpdates Response", "result":"Success", "context":Received 1 update(s). cV=XjU6zn2F1cKfPsWKjcBWmu.0;server=akswtt00000000a;cloudType=Consumer;environment=Prod_southeastasia_prod-s01-065-apac-southeastasia;migrationStage=NotStarted}
{"logTime": "0502/155320", "correlationVector":"7hQY0pViODv0YSdn5i6AVD","action":"Initial GetUpdates", "result":"", "context":Reason: NEWLY_SUPPORTED_DATATYPE. cV=7hQY0pViODv0YSdn5i6AVD}
{"logTime": "0502/155320", "correlationVector":"7hQY0pViODv0YSdn5i6AVD.1","action":"SyncServerConnectionManagerRequest", "result":"SYNC_SERVER_OK", "context":{"environment":"Prod_southeastasia_prod-s01-065-apac-southeastasia", "migrationStage":"NotStarted", "server":"akswtt00000000u"}}
{"logTime": "0502/155320", "correlationVector":"7hQY0pViODv0YSdn5i6AVD.2","action":"ProcessGetUpdates", "result":"Done", "context":{"dataType":"Passwords", "deleted":"0", "process_failed_to_decrypt":"0", "process_pending_decryption":"0", "process_success":"13", "total":"13"}}
{"logTime": "0502/155320", "correlationVector":"7hQY0pViODv0YSdn5i6AVD.3","action":"GetUpdates Response", "result":"Success", "context":Received 13 update(s). cV=7hQY0pViODv0YSdn5i6AVD.0;server=akswtt00000000u;cloudType=Consumer;environment=Prod_southeastasia_prod-s01-065-apac-southeastasia;migrationStage=NotStarted}
{"logTime": "0502/155320", "correlationVector":"wabDGm8KzoxT0d0S5EDLho","action":"Normal GetUpdate request", "result":"", "context":cV=wabDGm8KzoxT0d0S5EDLho
Nudged types: Sessions, Device Info, History
Refresh requested types: Bookmarks, Preferences, Passwords, Autofill Profiles, Autofill, Extensions, Sessions, Extension settings, History Delete Directives, Device Info, User Consents, Send Tab To Self, Web Apps, History, Saved Tab Group, WebAuthn Credentials, Collection, Edge E Drop, Edge Hub App Usage, Edge Wallet, Edge Workspace, Encryption Keys}
{"logTime": "0502/155320", "correlationVector":"wabDGm8KzoxT0d0S5EDLho.1","action":"SyncServerConnectionManagerRequest", "result":"SYNC_SERVER_OK", "context":{"environment":"Prod_southeastasia_prod-s01-065-apac-southeastasia", "migrationStage":"NotStarted", "server":"akswtt00000000h"}}
{"logTime": "0502/155320", "correlationVector":"wabDGm8KzoxT0d0S5EDLho.2","action":"ProcessGetUpdates", "result":"Done", "context":{"dataType":"Sessions", "deleted":"0", "process_failed_to_decrypt":"0", "process_pending_decryption":"0", "process_success":"2", "total":"2"}}
{"logTime": "0502/155320", "correlationVector":"wabDGm8KzoxT0d0S5EDLho.3","action":"ProcessGetUpdates", "result":"Done", "context":{"dataType":"Device Info", "deleted":"0", "process_failed_to_decrypt":"0", "process_pending_decryption":"0", "process_success":"1", "total":"1"}}
{"logTime": "0502/155320", "correlationVector":"wabDGm8KzoxT0d0S5EDLho.4","action":"ProcessGetUpdates", "result":"Done", "context":{"dataType":"History", "deleted":"0", "process_failed_to_decrypt":"0", "process_pending_decryption":"0", "process_success":"6", "total":"6"}}
{"logTime": "0502/155320", "correlationVector":"wabDGm8KzoxT0d0S5EDLho.5","action":"GetUpdates Response", "result":"Success", "context":Received 9 update(s). cV=wabDGm8KzoxT0d0S5EDLho.0;server=akswtt00000000h;cloudType=Consumer;environment=Prod_southeastasia_prod-s01-065-apac-southeastasia;migrationStage=NotStarted}
{"logTime": "0502/155320", "correlationVector":"ACglQRr18twVi3wCCe+eHw","action":"Commit Request", "result":"", "context":Item count: 4
Contributing types: Sessions, Device Info, History}
{"logTime": "0502/155320", "correlationVector":"ACglQRr18twVi3wCCe+eHw.1","action":"SyncServerConnectionManagerRequest", "result":"SYNC_SERVER_OK", "context":{"environment":"Prod_southeastasia_prod-s01-065-apac-southeastasia", "migrationStage":"NotStarted", "server":"akswtt00000000q"}}
{"logTime": "0502/155320", "correlationVector":"ACglQRr18twVi3wCCe+eHw.2","action":"Commit Response", "result":"Success", "context":Result: Success. cV=ACglQRr18twVi3wCCe+eHw.0;server=akswtt00000000q;cloudType=Consumer;environment=Prod_southeastasia_prod-s01-065-apac-southeastasia;migrationStage=NotStarted}
{"logTime": "0502/155425", "correlationVector":"nuQJ/EgWPUp9GqtdNjlpq+","action":"Commit Request", "result":"", "context":Item count: 2
Contributing types: Sessions, History}
{"logTime": "0502/155426", "correlationVector":"nuQJ/EgWPUp9GqtdNjlpq+.1","action":"SyncServerConnectionManagerRequest", "result":"SYNC_SERVER_OK", "context":{"environment":"Prod_southeastasia_prod-s01-065-apac-southeastasia", "migrationStage":"NotStarted", "server":"akswtt00000000a"}}
{"logTime": "0502/155426", "correlationVector":"nuQJ/EgWPUp9GqtdNjlpq+.2","action":"Commit Response", "result":"Success", "context":Result: Success. cV=nuQJ/EgWPUp9GqtdNjlpq+.0;server=akswtt00000000a;cloudType=Consumer;environment=Prod_southeastasia_prod-s01-065-apac-southeastasia;migrationStage=NotStarted}
{"logTime": "0502/161220", "correlationVector":"jAkR27kpxQANJy/z1bzfHL","action":"Commit Request", "result":"", "context":Item count: 1
Contributing types: Sessions}
{"logTime": "0502/161220", "correlationVector":"jAkR27kpxQANJy/z1bzfHL.1","action":"SyncServerConnectionManagerRequest", "result":"SYNC_SERVER_OK", "context":{"environment":"Prod_southeastasia_prod-s01-064-apac-southeastasia", "migrationStage":"NotStarted", "server":"akswtt000000011"}}
{"logTime": "0502/161220", "correlationVector":"jAkR27kpxQANJy/z1bzfHL.2","action":"Commit Response", "result":"Success", "context":Result: Success. cV=jAkR27kpxQANJy/z1bzfHL.0;server=akswtt000000011;cloudType=Consumer;environment=Prod_southeastasia_prod-s01-064-apac-southeastasia;migrationStage=NotStarted}
