2026-05-02 14:32:52.898: [INFO][Sync] Reset engine, reason: 8
2026-05-02 14:32:52.898: [INFO][Sync] Stopped: Bookmarks
2026-05-02 14:32:52.898: [INFO][Sync] Stopped: Preferences
2026-05-02 14:32:52.898: [INFO][Sync] Stopped: Passwords
2026-05-02 14:32:52.898: [INFO][Sync] Stopped: Autofill Profiles
2026-05-02 14:32:52.898: [INFO][Sync] Stopped: Autofill
2026-05-02 14:32:52.898: [INFO][Sync] Stopped: Extensions
2026-05-02 14:32:52.898: [INFO][Sync] Stopped: Sessions
2026-05-02 14:32:52.898: [INFO][Sync] Stopped: Extension settings
2026-05-02 14:32:52.898: [INFO][Sync] Stopped: History Delete Directives
2026-05-02 14:32:52.898: [INFO][Sync] Stopped: Device Info
2026-05-02 14:32:52.898: [INFO][Sync] Stopped: User Consents
2026-05-02 14:32:52.898: [INFO][Sync] Stopped: Send Tab To Self
2026-05-02 14:32:52.898: [INFO][Sync] Stopped: Web Apps
2026-05-02 14:32:52.898: [INFO][Sync] Stopped: History
2026-05-02 14:32:52.898: [INFO][Sync] Stopped: Saved Tab Group
2026-05-02 14:32:52.898: [INFO][Sync] Stopped: WebAuthn Credentials
2026-05-02 14:32:52.898: [INFO][Sync] Stopped: Collection
2026-05-02 14:32:52.898: [INFO][Sync] Stopped: Edge E Drop
2026-05-02 14:32:52.898: [INFO][Sync] Stopped: Edge Hub App Usage
2026-05-02 14:32:52.898: [INFO][Sync] Stopped: Edge Wallet
2026-05-02 14:32:52.898: [INFO][Sync] Stopped: Edge Workspace
2026-05-02 14:32:52.899: [INFO][Sync] SyncState after authenticated was: NotSignedIn
2026-05-02 14:32:53.214: [INFO][Sync] Reset engine, reason: 8
2026-05-02 14:32:53.214: [INFO][Sync] Stopped: Bookmarks
2026-05-02 14:32:53.214: [INFO][Sync] Stopped: Preferences
2026-05-02 14:32:53.214: [INFO][Sync] Stopped: Passwords
2026-05-02 14:32:53.214: [INFO][Sync] Stopped: Autofill Profiles
2026-05-02 14:32:53.214: [INFO][Sync] Stopped: Autofill
2026-05-02 14:32:53.214: [INFO][Sync] Stopped: Extensions
2026-05-02 14:32:53.214: [INFO][Sync] Stopped: Sessions
2026-05-02 14:32:53.214: [INFO][Sync] Stopped: Extension settings
2026-05-02 14:32:53.214: [INFO][Sync] Stopped: History Delete Directives
2026-05-02 14:32:53.214: [INFO][Sync] Stopped: Device Info
2026-05-02 14:32:53.214: [INFO][Sync] Stopped: User Consents
2026-05-02 14:32:53.214: [INFO][Sync] Stopped: Send Tab To Self
2026-05-02 14:32:53.214: [INFO][Sync] Stopped: Web Apps
2026-05-02 14:32:53.214: [INFO][Sync] Stopped: History
2026-05-02 14:32:53.214: [INFO][Sync] Stopped: Saved Tab Group
2026-05-02 14:32:53.214: [INFO][Sync] Stopped: WebAuthn Credentials
2026-05-02 14:32:53.214: [INFO][Sync] Stopped: Collection
2026-05-02 14:32:53.214: [INFO][Sync] Stopped: Edge E Drop
2026-05-02 14:32:53.214: [INFO][Sync] Stopped: Edge Hub App Usage
2026-05-02 14:32:53.214: [INFO][Sync] Stopped: Edge Wallet
2026-05-02 14:32:53.214: [INFO][Sync] Stopped: Edge Workspace
2026-05-02 14:32:56.262: [INFO][Sync] Try to start sync engine
2026-05-02 14:32:56.271: [INFO][SyncManagerImpl::NudgeForInitialDownload] Initial download nudge for Encryption Keys
2026-05-02 14:32:56.271: [INFO][SyncEngineBackend::LoadAndConnectNigoriController] Load and connect Nigori controller
2026-05-02 14:32:56.271: [INFO][SyncEngineBackend::DoInitialize] Control Types added: Encryption Keys
2026-05-02 14:32:56.271: [INFO][SyncManagerImpl::ConfigureSyncer] Types to download: Encryption Keys with reason: 3
2026-05-02 14:32:56.271: [INFO][SyncSchedulerImpl::DoConfigurationSyncCycleJob] Configure job was blocked
2026-05-02 14:32:56.317: [INFO][SyncAuthManager::SetLastAuthError] Current auth error: None
2026-05-02 14:32:56.317: [INFO][SyncAuthManager::EdgeLogTokenErrorState] Token error with: None for account type: MSA
2026-05-02 14:32:56.317: [INFO][Sync] Credentials changed for: EdgeSyncScopeNew
2026-05-02 14:32:57.503: [INFO][SyncAuthManager::SetLastAuthError] Current auth error: None
2026-05-02 14:32:57.504: [INFO][SyncAuthManager::EdgeLogTokenErrorState] Token error with: None for account type: MSA
2026-05-02 14:32:57.504: [INFO][Sync] Credentials changed for: EdgeSyncKeyDataScope
2026-05-02 14:32:57.504: [INFO][SyncEngineBackend::DoUpdateKeyDataCredentials] Update key data credentials
2026-05-02 14:32:57.504: [INFO][SyncEngineBackend::DoUpdateCredentials] Update credentials
2026-05-02 14:32:57.504: [INFO][SyncSchedulerImpl::DoConfigurationSyncCycleJob] Blocked types:  and types to download: Encryption Keys
2026-05-02 14:32:57.707: [INFO][Sync] Started DataTypeManager configuration, reason: 4
2026-05-02 14:32:57.708: [INFO][Sync] Configuring for: Bookmarks, Preferences, Passwords, Autofill Profiles, Autofill, Extensions, Sessions, Extension settings, History Delete Directives, Device Info, User Consents, Send Tab To Self, Web Apps, History, Saved Tab Group, WebAuthn Credentials, Collection, Edge E Drop, Edge Hub App Usage, Edge Wallet, Edge Workspace, Encryption Keys, reason: 3, current state: 0
2026-05-02 14:32:57.708: [WARN][Sync] Crypto error data types: Passwords, Autofill Profiles, Autofill
2026-05-02 14:32:57.713: [INFO][Sync] Configure, desired: Bookmarks, Preferences, Extensions, Sessions, Extension settings, History Delete Directives, Device Info, User Consents, Send Tab To Self, Web Apps, History, Saved Tab Group, WebAuthn Credentials, Collection, Edge E Drop, Edge Hub App Usage, Edge Wallet, Edge Workspace, Encryption Keys; Allow fail: Passwords, Autofill Profiles, Autofill
2026-05-02 14:32:57.714: [INFO][Sync] Loading: Bookmarks
2026-05-02 14:32:57.714: [INFO][Sync] Loading: Preferences
2026-05-02 14:32:57.714: [INFO][Sync] Loading: Extensions
2026-05-02 14:32:57.715: [INFO][Sync] Loading: Sessions
2026-05-02 14:32:57.715: [INFO][Sync] Loading: Extension settings
2026-05-02 14:32:57.715: [INFO][Sync] Loading: History Delete Directives
2026-05-02 14:32:57.715: [INFO][Sync] Loading: Device Info
2026-05-02 14:32:57.715: [INFO][Sync] Loading: User Consents
2026-05-02 14:32:57.715: [INFO][Sync] Loading: Send Tab To Self
2026-05-02 14:32:57.715: [INFO][Sync] Loading: Web Apps
2026-05-02 14:32:57.716: [INFO][Sync] Loading: History
2026-05-02 14:32:57.716: [INFO][Sync] Loading: Saved Tab Group
2026-05-02 14:32:57.716: [INFO][Sync] Loading: WebAuthn Credentials
2026-05-02 14:32:57.716: [INFO][Sync] Loading: Collection
2026-05-02 14:32:57.716: [INFO][Sync] Loading: Edge E Drop
2026-05-02 14:32:57.716: [INFO][Sync] Loading: Edge Hub App Usage
2026-05-02 14:32:57.716: [INFO][Sync] Loading: Edge Wallet
2026-05-02 14:32:57.716: [INFO][Sync] Loading: Edge Workspace
2026-05-02 14:32:57.730: [INFO][Sync] All data types are ready for configure.
2026-05-02 14:32:58.166: [INFO][Sync] Started DataTypeManager configuration, reason: 5
2026-05-02 14:32:58.166: [INFO][Sync] Configuring for: Bookmarks, Preferences, Passwords, Autofill Profiles, Autofill, Extensions, Sessions, Extension settings, History Delete Directives, Device Info, User Consents, Send Tab To Self, Web Apps, History, Saved Tab Group, WebAuthn Credentials, Collection, Edge E Drop, Edge Hub App Usage, Edge Wallet, Edge Workspace, Encryption Keys, reason: 5, current state: 1
2026-05-02 14:32:58.168: [INFO][SyncEngineBackend::DoStartConfiguration] Start configuration
2026-05-02 14:32:58.168: [INFO][SyncManagerImpl::NudgeForInitialDownload] Initial download nudge for Bookmarks
2026-05-02 14:32:58.168: [INFO][SyncManagerImpl::NudgeForInitialDownload] Initial download nudge for Preferences
2026-05-02 14:32:58.168: [INFO][SyncManagerImpl::NudgeForInitialDownload] Initial download nudge for Extensions
2026-05-02 14:32:58.168: [INFO][SyncManagerImpl::NudgeForInitialDownload] Initial download nudge for Sessions
2026-05-02 14:32:58.169: [INFO][SyncManagerImpl::NudgeForInitialDownload] Initial download nudge for Extension settings
2026-05-02 14:32:58.169: [INFO][SyncManagerImpl::NudgeForInitialDownload] Initial download nudge for History Delete Directives
2026-05-02 14:32:58.169: [INFO][SyncManagerImpl::NudgeForInitialDownload] Initial download nudge for Device Info
2026-05-02 14:32:58.169: [INFO][SyncManagerImpl::NudgeForInitialDownload] Initial download nudge for Send Tab To Self
2026-05-02 14:32:58.169: [INFO][SyncManagerImpl::NudgeForInitialDownload] Initial download nudge for Web Apps
2026-05-02 14:32:58.169: [INFO][SyncManagerImpl::NudgeForInitialDownload] Initial download nudge for History
2026-05-02 14:32:58.169: [INFO][SyncManagerImpl::NudgeForInitialDownload] Initial download nudge for Saved Tab Group
2026-05-02 14:32:58.169: [INFO][SyncManagerImpl::NudgeForInitialDownload] Initial download nudge for WebAuthn Credentials
2026-05-02 14:32:58.169: [INFO][SyncManagerImpl::NudgeForInitialDownload] Initial download nudge for Collection
2026-05-02 14:32:58.169: [INFO][SyncManagerImpl::NudgeForInitialDownload] Initial download nudge for Edge E Drop
2026-05-02 14:32:58.169: [INFO][SyncManagerImpl::NudgeForInitialDownload] Initial download nudge for Edge Hub App Usage
2026-05-02 14:32:58.169: [INFO][SyncManagerImpl::NudgeForInitialDownload] Initial download nudge for Edge Wallet
2026-05-02 14:32:58.169: [INFO][SyncManagerImpl::NudgeForInitialDownload] Initial download nudge for Edge Workspace
2026-05-02 14:32:58.169: [INFO][SyncManagerImpl::ConfigureSyncer] Types to download:  with reason: 3
2026-05-02 14:32:58.169: [INFO][SyncEngineBackend::DoFinishConfigureDataTypes] Failed to download types:  and succeeded types: 
2026-05-02 14:32:58.170: [INFO][Sync] ConfigurationDone, failed: , succeeded: , remaining count: 4
2026-05-02 14:32:58.170: [WARN][Sync]     Reconfigure requested while configuration ongoing.
2026-05-02 14:32:58.170: [INFO][Sync] Configuring for: Bookmarks, Preferences, Passwords, Autofill Profiles, Autofill, Extensions, Sessions, Extension settings, History Delete Directives, Device Info, User Consents, Send Tab To Self, Web Apps, History, Saved Tab Group, WebAuthn Credentials, Collection, Edge E Drop, Edge Hub App Usage, Edge Wallet, Edge Workspace, Encryption Keys, reason: 5, current state: 2
2026-05-02 14:32:58.170: [INFO][Sync] Configure, desired: Bookmarks, Preferences, Passwords, Autofill Profiles, Autofill, Extensions, Sessions, Extension settings, History Delete Directives, Device Info, User Consents, Send Tab To Self, Web Apps, History, Saved Tab Group, WebAuthn Credentials, Collection, Edge E Drop, Edge Hub App Usage, Edge Wallet, Edge Workspace, Encryption Keys; Allow fail: 
2026-05-02 14:32:58.170: [INFO][Sync] Loading: Passwords
2026-05-02 14:32:58.170: [INFO][Sync] Loading: Autofill Profiles
2026-05-02 14:32:58.170: [INFO][Sync] Loading: Autofill
2026-05-02 14:32:58.170: [INFO][Sync] All data types are ready for configure.
2026-05-02 14:32:58.170: [INFO][SyncManagerImpl::NudgeForInitialDownload] Initial download nudge for Passwords
2026-05-02 14:32:58.170: [INFO][SyncManagerImpl::NudgeForInitialDownload] Initial download nudge for Autofill Profiles
2026-05-02 14:32:58.170: [INFO][SyncManagerImpl::NudgeForInitialDownload] Initial download nudge for Autofill
2026-05-02 14:32:58.170: [INFO][SyncManagerImpl::ConfigureSyncer] Types to download:  with reason: 5
2026-05-02 14:32:58.170: [INFO][SyncEngineBackend::DoFinishConfigureDataTypes] Failed to download types:  and succeeded types: 
2026-05-02 14:32:58.170: [INFO][Sync] ConfigurationDone, failed: , succeeded: , remaining count: 4
2026-05-02 14:32:58.170: [INFO][Sync] Prepare to configure types: Preferences, Passwords, Device Info, Send Tab To Self, Edge E Drop, Encryption Keys
2026-05-02 14:32:58.170: [INFO][SyncManagerImpl::ConfigureSyncer] Types to download: Preferences, Passwords, Device Info, Send Tab To Self, Edge E Drop, Encryption Keys with reason: 5
2026-05-02 14:32:58.171: [INFO][SyncSchedulerImpl::DoConfigurationSyncCycleJob] Blocked types:  and types to download: Preferences, Passwords, Device Info, Send Tab To Self, Edge E Drop, Encryption Keys
2026-05-02 14:32:58.353: [INFO][SyncEngineBackend::DoFinishConfigureDataTypes] Failed to download types:  and succeeded types: Preferences, Passwords, Device Info, Send Tab To Self, Edge E Drop, Encryption Keys
2026-05-02 14:32:58.357: [INFO][Sync] ConfigurationDone, failed: , succeeded: Preferences, Passwords, Device Info, Send Tab To Self, Edge E Drop, Encryption Keys, remaining count: 3
2026-05-02 14:32:58.357: [INFO][Sync] Prepare to configure types: Bookmarks, Encryption Keys
2026-05-02 14:32:58.358: [INFO][SyncManagerImpl::ConfigureSyncer] Types to download: Bookmarks, Encryption Keys with reason: 5
2026-05-02 14:32:58.358: [INFO][SyncSchedulerImpl::DoConfigurationSyncCycleJob] Blocked types:  and types to download: Bookmarks, Encryption Keys
2026-05-02 14:32:58.466: [INFO][SyncEngineBackend::DoFinishConfigureDataTypes] Failed to download types:  and succeeded types: Bookmarks, Encryption Keys
2026-05-02 14:32:58.470: [INFO][Sync] ConfigurationDone, failed: , succeeded: Bookmarks, Encryption Keys, remaining count: 2
2026-05-02 14:32:58.470: [INFO][Sync] Prepare to configure types: Autofill Profiles, Autofill, Extensions, Sessions, Extension settings, History Delete Directives, Web Apps, Saved Tab Group, WebAuthn Credentials, Collection, Edge Hub App Usage, Edge Wallet, Edge Workspace, Encryption Keys
2026-05-02 14:32:58.471: [INFO][SyncManagerImpl::ConfigureSyncer] Types to download: Autofill Profiles, Autofill, Extensions, Sessions, Extension settings, History Delete Directives, Web Apps, Saved Tab Group, WebAuthn Credentials, Collection, Edge Hub App Usage, Edge Wallet, Edge Workspace, Encryption Keys with reason: 5
2026-05-02 14:32:58.471: [INFO][SyncSchedulerImpl::DoConfigurationSyncCycleJob] Blocked types:  and types to download: Autofill Profiles, Autofill, Extensions, Sessions, Extension settings, History Delete Directives, Web Apps, Saved Tab Group, WebAuthn Credentials, Collection, Edge Hub App Usage, Edge Wallet, Edge Workspace, Encryption Keys
2026-05-02 14:32:58.740: [INFO][SyncEngineBackend::DoFinishConfigureDataTypes] Failed to download types:  and succeeded types: Autofill Profiles, Autofill, Extensions, Sessions, Extension settings, History Delete Directives, Web Apps, Saved Tab Group, WebAuthn Credentials, Collection, Edge Hub App Usage, Edge Wallet, Edge Workspace, Encryption Keys
2026-05-02 14:32:58.745: [INFO][Sync] ConfigurationDone, failed: , succeeded: Autofill Profiles, Autofill, Extensions, Sessions, Extension settings, History Delete Directives, Web Apps, Saved Tab Group, WebAuthn Credentials, Collection, Edge Hub App Usage, Edge Wallet, Edge Workspace, Encryption Keys, remaining count: 1
2026-05-02 14:32:58.750: [INFO][Sync] Prepare to configure types: History, Encryption Keys
2026-05-02 14:32:58.750: [INFO][SyncManagerImpl::ConfigureSyncer] Types to download: History, Encryption Keys with reason: 5
2026-05-02 14:32:58.750: [INFO][SyncSchedulerImpl::DoConfigurationSyncCycleJob] Blocked types:  and types to download: History, Encryption Keys
2026-05-02 14:32:59.196: [INFO][SyncEngineBackend::DoFinishConfigureDataTypes] Failed to download types:  and succeeded types: History, Encryption Keys
2026-05-02 14:32:59.200: [INFO][Sync] ConfigurationDone, failed: , succeeded: History, Encryption Keys, remaining count: 0
2026-05-02 14:32:59.203: [INFO][Sync]     Configuration completed, state: 7
2026-05-02 14:32:59.204: [INFO][Sync] Configured DataTypeManager: Ok
2026-05-02 14:32:59.210: [INFO][SyncEngineBackend::DoStartSyncing] Start syncing
2026-05-02 14:33:53.573: [INFO][Sync] Reset engine, reason: 0
2026-05-02 14:33:53.573: [INFO][Sync] Reset engine with reason: 0
2026-05-02 14:36:34.413: [INFO][Sync] SyncState after authenticated was: FeatureCanStart
2026-05-02 14:36:34.948: [INFO][SyncAuthManager::SetLastAuthError] Current auth error: None
2026-05-02 14:36:34.948: [INFO][SyncAuthManager::EdgeLogTokenErrorState] Token error with: None for account type: MSA
2026-05-02 14:36:34.948: [INFO][Sync] Credentials changed for: EdgeSyncKeyDataScope
2026-05-02 14:36:44.570: [INFO][Sync] Try to start sync engine
2026-05-02 14:36:44.783: [INFO][SyncManagerImpl::NudgeForInitialDownload] Initial download nudge for Encryption Keys
2026-05-02 14:36:44.783: [INFO][SyncEngineBackend::LoadAndConnectNigoriController] Load and connect Nigori controller
2026-05-02 14:36:44.783: [INFO][SyncEngineBackend::DoInitialize] Control Types added: Encryption Keys
2026-05-02 14:36:44.783: [INFO][SyncManagerImpl::ConfigureSyncer] Types to download: Encryption Keys with reason: 3
2026-05-02 14:36:44.783: [INFO][SyncEngineBackend::DoUpdateKeyDataCredentials] Update key data credentials
2026-05-02 14:36:44.783: [INFO][SyncSchedulerImpl::DoConfigurationSyncCycleJob] Configure job was blocked
2026-05-02 14:36:44.796: [INFO][SyncAuthManager::SetLastAuthError] Current auth error: None
2026-05-02 14:36:44.796: [INFO][SyncAuthManager::EdgeLogTokenErrorState] Token error with: None for account type: MSA
2026-05-02 14:36:44.796: [INFO][Sync] Credentials changed for: EdgeSyncScopeNew
2026-05-02 14:36:44.796: [INFO][SyncEngineBackend::DoUpdateCredentials] Update credentials
2026-05-02 14:36:44.796: [INFO][SyncSchedulerImpl::DoConfigurationSyncCycleJob] Blocked types:  and types to download: Encryption Keys
2026-05-02 14:36:44.994: [INFO][SyncEngineBackend::DoUpdateKeyDataCredentials] Update key data credentials
2026-05-02 14:36:45.010: [INFO][Sync] Started DataTypeManager configuration, reason: 4
2026-05-02 14:36:45.011: [INFO][Sync] Configuring for: Bookmarks, Preferences, Passwords, Autofill Profiles, Autofill, Extensions, Sessions, Extension settings, History Delete Directives, Device Info, User Consents, Send Tab To Self, Web Apps, History, Saved Tab Group, WebAuthn Credentials, Collection, Edge E Drop, Edge Hub App Usage, Edge Wallet, Edge Workspace, Encryption Keys, reason: 4, current state: 0
2026-05-02 14:36:45.011: [WARN][Sync] Crypto error data types: Passwords, Autofill Profiles, Autofill
2026-05-02 14:36:45.014: [INFO][Sync] Configure, desired: Bookmarks, Preferences, Extensions, Sessions, Extension settings, History Delete Directives, Device Info, User Consents, Send Tab To Self, Web Apps, History, Saved Tab Group, WebAuthn Credentials, Collection, Edge E Drop, Edge Hub App Usage, Edge Wallet, Edge Workspace, Encryption Keys; Allow fail: Passwords, Autofill Profiles, Autofill
2026-05-02 14:36:45.014: [INFO][Sync] Loading: Bookmarks
2026-05-02 14:36:45.014: [INFO][Sync] Loading: Preferences
2026-05-02 14:36:45.014: [INFO][Sync] Loading: Extensions
2026-05-02 14:36:45.014: [INFO][Sync] Loading: Sessions
2026-05-02 14:36:45.014: [INFO][Sync] Loading: Extension settings
2026-05-02 14:36:45.014: [INFO][Sync] Loading: History Delete Directives
2026-05-02 14:36:45.014: [INFO][Sync] Loading: Device Info
2026-05-02 14:36:45.014: [INFO][Sync] Loading: User Consents
2026-05-02 14:36:45.014: [INFO][Sync] Loading: Send Tab To Self
2026-05-02 14:36:45.014: [INFO][Sync] Loading: Web Apps
2026-05-02 14:36:45.014: [INFO][Sync] Loading: History
2026-05-02 14:36:45.014: [INFO][Sync] Loading: Saved Tab Group
2026-05-02 14:36:45.014: [INFO][Sync] Loading: WebAuthn Credentials
2026-05-02 14:36:45.014: [INFO][Sync] Loading: Collection
2026-05-02 14:36:45.014: [INFO][Sync] Loading: Edge E Drop
2026-05-02 14:36:45.014: [INFO][Sync] Loading: Edge Hub App Usage
2026-05-02 14:36:45.014: [INFO][Sync] Loading: Edge Wallet
2026-05-02 14:36:45.014: [INFO][Sync] Loading: Edge Workspace
2026-05-02 14:36:45.019: [INFO][Sync] All data types are ready for configure.
2026-05-02 14:36:45.604: [INFO][Sync] Started DataTypeManager configuration, reason: 5
2026-05-02 14:36:45.604: [INFO][Sync] Configuring for: Bookmarks, Preferences, Passwords, Autofill Profiles, Autofill, Extensions, Sessions, Extension settings, History Delete Directives, Device Info, User Consents, Send Tab To Self, Web Apps, History, Saved Tab Group, WebAuthn Credentials, Collection, Edge E Drop, Edge Hub App Usage, Edge Wallet, Edge Workspace, Encryption Keys, reason: 5, current state: 1
2026-05-02 14:36:45.605: [INFO][SyncEngineBackend::DoStartConfiguration] Start configuration
2026-05-02 14:36:45.605: [INFO][SyncManagerImpl::ConfigureSyncer] Types to download:  with reason: 4
2026-05-02 14:36:45.605: [INFO][SyncEngineBackend::DoFinishConfigureDataTypes] Failed to download types:  and succeeded types: 
2026-05-02 14:36:45.607: [INFO][Sync] ConfigurationDone, failed: , succeeded: , remaining count: 4
2026-05-02 14:36:45.607: [WARN][Sync]     Reconfigure requested while configuration ongoing.
2026-05-02 14:36:45.607: [INFO][Sync] Configuring for: Bookmarks, Preferences, Passwords, Autofill Profiles, Autofill, Extensions, Sessions, Extension settings, History Delete Directives, Device Info, User Consents, Send Tab To Self, Web Apps, History, Saved Tab Group, WebAuthn Credentials, Collection, Edge E Drop, Edge Hub App Usage, Edge Wallet, Edge Workspace, Encryption Keys, reason: 5, current state: 2
2026-05-02 14:36:45.607: [INFO][Sync] Configure, desired: Bookmarks, Preferences, Passwords, Autofill Profiles, Autofill, Extensions, Sessions, Extension settings, History Delete Directives, Device Info, User Consents, Send Tab To Self, Web Apps, History, Saved Tab Group, WebAuthn Credentials, Collection, Edge E Drop, Edge Hub App Usage, Edge Wallet, Edge Workspace, Encryption Keys; Allow fail: 
2026-05-02 14:36:45.607: [INFO][Sync] Loading: Passwords
2026-05-02 14:36:45.607: [INFO][Sync] Loading: Autofill Profiles
2026-05-02 14:36:45.607: [INFO][Sync] Loading: Autofill
2026-05-02 14:36:45.612: [INFO][Sync] All data types are ready for configure.
2026-05-02 14:36:45.612: [INFO][SyncManagerImpl::NudgeForInitialDownload] Initial download nudge for Passwords
2026-05-02 14:36:45.612: [INFO][SyncManagerImpl::ConfigureSyncer] Types to download:  with reason: 5
2026-05-02 14:36:45.612: [INFO][SyncEngineBackend::DoFinishConfigureDataTypes] Failed to download types:  and succeeded types: 
2026-05-02 14:36:45.613: [INFO][Sync] ConfigurationDone, failed: , succeeded: , remaining count: 4
2026-05-02 14:36:45.613: [INFO][Sync] Prepare to configure types: Passwords, Encryption Keys
2026-05-02 14:36:45.613: [INFO][SyncManagerImpl::ConfigureSyncer] Types to download: Passwords, Encryption Keys with reason: 5
2026-05-02 14:36:45.613: [INFO][SyncSchedulerImpl::DoConfigurationSyncCycleJob] Blocked types:  and types to download: Passwords, Encryption Keys
2026-05-02 14:36:45.799: [INFO][SyncEngineBackend::DoFinishConfigureDataTypes] Failed to download types:  and succeeded types: Passwords, Encryption Keys
2026-05-02 14:36:45.804: [INFO][Sync] ConfigurationDone, failed: , succeeded: Passwords, Encryption Keys, remaining count: 3
2026-05-02 14:36:45.804: [INFO][SyncManagerImpl::ConfigureSyncer] Types to download:  with reason: 5
2026-05-02 14:36:45.804: [INFO][SyncEngineBackend::DoFinishConfigureDataTypes] Failed to download types:  and succeeded types: 
2026-05-02 14:36:45.804: [INFO][Sync] ConfigurationDone, failed: , succeeded: , remaining count: 2
2026-05-02 14:36:45.804: [INFO][SyncManagerImpl::ConfigureSyncer] Types to download:  with reason: 5
2026-05-02 14:36:45.804: [INFO][SyncEngineBackend::DoFinishConfigureDataTypes] Failed to download types:  and succeeded types: 
2026-05-02 14:36:45.812: [INFO][Sync] ConfigurationDone, failed: , succeeded: , remaining count: 1
2026-05-02 14:36:45.818: [INFO][SyncManagerImpl::ConfigureSyncer] Types to download:  with reason: 5
2026-05-02 14:36:45.818: [INFO][SyncEngineBackend::DoFinishConfigureDataTypes] Failed to download types:  and succeeded types: 
2026-05-02 14:36:45.818: [INFO][Sync] ConfigurationDone, failed: , succeeded: , remaining count: 0
2026-05-02 14:36:45.823: [INFO][Sync]     Configuration completed, state: 7
2026-05-02 14:36:45.823: [INFO][Sync] Configured DataTypeManager: Ok
2026-05-02 14:36:45.829: [INFO][SyncEngineBackend::DoStartSyncing] Start syncing
2026-05-02 14:41:04.075: [INFO][Sync] Reset engine, reason: 0
2026-05-02 14:41:04.075: [INFO][Sync] Reset engine with reason: 0
2026-05-02 14:43:38.781: [INFO][Sync] Reset engine, reason: 8
2026-05-02 14:43:38.781: [INFO][Sync] Stopped: Bookmarks
2026-05-02 14:43:38.781: [INFO][Sync] Stopped: Preferences
2026-05-02 14:43:38.781: [INFO][Sync] Stopped: Passwords
2026-05-02 14:43:38.781: [INFO][Sync] Stopped: Autofill Profiles
2026-05-02 14:43:38.781: [INFO][Sync] Stopped: Autofill
2026-05-02 14:43:38.781: [INFO][Sync] Stopped: Extensions
2026-05-02 14:43:38.781: [INFO][Sync] Stopped: Sessions
2026-05-02 14:43:38.781: [INFO][Sync] Stopped: Extension settings
2026-05-02 14:43:38.781: [INFO][Sync] Stopped: History Delete Directives
2026-05-02 14:43:38.781: [INFO][Sync] Stopped: Device Info
2026-05-02 14:43:38.781: [INFO][Sync] Stopped: User Consents
2026-05-02 14:43:38.781: [INFO][Sync] Stopped: Send Tab To Self
2026-05-02 14:43:38.781: [INFO][Sync] Stopped: Web Apps
2026-05-02 14:43:38.781: [INFO][Sync] Stopped: History
2026-05-02 14:43:38.781: [INFO][Sync] Stopped: Saved Tab Group
2026-05-02 14:43:38.781: [INFO][Sync] Stopped: WebAuthn Credentials
2026-05-02 14:43:38.781: [INFO][Sync] Stopped: Collection
2026-05-02 14:43:38.781: [INFO][Sync] Stopped: Edge E Drop
2026-05-02 14:43:38.781: [INFO][Sync] Stopped: Edge Hub App Usage
2026-05-02 14:43:38.781: [INFO][Sync] Stopped: Edge Wallet
2026-05-02 14:43:38.781: [INFO][Sync] Stopped: Edge Workspace
2026-05-02 14:43:38.781: [INFO][Sync] SyncState after authenticated was: NotSignedIn
2026-05-02 14:43:39.089: [INFO][Sync] Reset engine, reason: 8
2026-05-02 14:43:39.089: [INFO][Sync] Stopped: Bookmarks
2026-05-02 14:43:39.089: [INFO][Sync] Stopped: Preferences
2026-05-02 14:43:39.089: [INFO][Sync] Stopped: Passwords
2026-05-02 14:43:39.089: [INFO][Sync] Stopped: Autofill Profiles
2026-05-02 14:43:39.089: [INFO][Sync] Stopped: Autofill
2026-05-02 14:43:39.089: [INFO][Sync] Stopped: Extensions
2026-05-02 14:43:39.089: [INFO][Sync] Stopped: Sessions
2026-05-02 14:43:39.089: [INFO][Sync] Stopped: Extension settings
2026-05-02 14:43:39.089: [INFO][Sync] Stopped: History Delete Directives
2026-05-02 14:43:39.089: [INFO][Sync] Stopped: Device Info
2026-05-02 14:43:39.089: [INFO][Sync] Stopped: User Consents
2026-05-02 14:43:39.089: [INFO][Sync] Stopped: Send Tab To Self
2026-05-02 14:43:39.089: [INFO][Sync] Stopped: Web Apps
2026-05-02 14:43:39.089: [INFO][Sync] Stopped: History
2026-05-02 14:43:39.089: [INFO][Sync] Stopped: Saved Tab Group
2026-05-02 14:43:39.089: [INFO][Sync] Stopped: WebAuthn Credentials
2026-05-02 14:43:39.089: [INFO][Sync] Stopped: Collection
2026-05-02 14:43:39.090: [INFO][Sync] Stopped: Edge E Drop
2026-05-02 14:43:39.090: [INFO][Sync] Stopped: Edge Hub App Usage
2026-05-02 14:43:39.090: [INFO][Sync] Stopped: Edge Wallet
2026-05-02 14:43:39.090: [INFO][Sync] Stopped: Edge Workspace
2026-05-02 14:43:41.771: [INFO][Sync] Try to start sync engine
2026-05-02 14:43:41.774: [INFO][SyncManagerImpl::NudgeForInitialDownload] Initial download nudge for Encryption Keys
2026-05-02 14:43:41.774: [INFO][SyncEngineBackend::LoadAndConnectNigoriController] Load and connect Nigori controller
2026-05-02 14:43:41.774: [INFO][SyncEngineBackend::DoInitialize] Control Types added: Encryption Keys
2026-05-02 14:43:41.774: [INFO][SyncManagerImpl::ConfigureSyncer] Types to download: Encryption Keys with reason: 3
2026-05-02 14:43:41.774: [INFO][SyncSchedulerImpl::DoConfigurationSyncCycleJob] Configure job was blocked
2026-05-02 14:43:41.845: [INFO][SyncAuthManager::SetLastAuthError] Current auth error: None
2026-05-02 14:43:41.845: [INFO][SyncAuthManager::EdgeLogTokenErrorState] Token error with: None for account type: MSA
2026-05-02 14:43:41.845: [INFO][Sync] Credentials changed for: EdgeSyncScopeNew
2026-05-02 14:43:43.018: [INFO][SyncAuthManager::SetLastAuthError] Current auth error: None
2026-05-02 14:43:43.018: [INFO][SyncAuthManager::EdgeLogTokenErrorState] Token error with: None for account type: MSA
2026-05-02 14:43:43.018: [INFO][Sync] Credentials changed for: EdgeSyncKeyDataScope
2026-05-02 14:43:43.019: [INFO][SyncEngineBackend::DoUpdateKeyDataCredentials] Update key data credentials
2026-05-02 14:43:43.019: [INFO][SyncEngineBackend::DoUpdateCredentials] Update credentials
2026-05-02 14:43:43.019: [INFO][SyncSchedulerImpl::DoConfigurationSyncCycleJob] Blocked types:  and types to download: Encryption Keys
2026-05-02 14:43:43.243: [INFO][Sync] Started DataTypeManager configuration, reason: 4
2026-05-02 14:43:43.243: [INFO][Sync] Configuring for: Bookmarks, Preferences, Passwords, Autofill Profiles, Autofill, Extensions, Sessions, Extension settings, History Delete Directives, Device Info, User Consents, Send Tab To Self, Web Apps, History, Saved Tab Group, WebAuthn Credentials, Collection, Edge E Drop, Edge Hub App Usage, Edge Wallet, Edge Workspace, Encryption Keys, reason: 4, current state: 0
2026-05-02 14:43:43.243: [WARN][Sync] Crypto error data types: Passwords, Autofill Profiles, Autofill
2026-05-02 14:43:43.247: [INFO][Sync] Configure, desired: Bookmarks, Preferences, Extensions, Sessions, Extension settings, History Delete Directives, Device Info, User Consents, Send Tab To Self, Web Apps, History, Saved Tab Group, WebAuthn Credentials, Collection, Edge E Drop, Edge Hub App Usage, Edge Wallet, Edge Workspace, Encryption Keys; Allow fail: Passwords, Autofill Profiles, Autofill
2026-05-02 14:43:43.247: [INFO][Sync] Loading: Bookmarks
2026-05-02 14:43:43.247: [INFO][Sync] Loading: Preferences
2026-05-02 14:43:43.247: [INFO][Sync] Loading: Extensions
2026-05-02 14:43:43.247: [INFO][Sync] Loading: Sessions
2026-05-02 14:43:43.247: [INFO][Sync] Loading: Extension settings
2026-05-02 14:43:43.247: [INFO][Sync] Loading: History Delete Directives
2026-05-02 14:43:43.247: [INFO][Sync] Loading: Device Info
2026-05-02 14:43:43.248: [INFO][Sync] Loading: User Consents
2026-05-02 14:43:43.248: [INFO][Sync] Loading: Send Tab To Self
2026-05-02 14:43:43.248: [INFO][Sync] Loading: Web Apps
2026-05-02 14:43:43.248: [INFO][Sync] Loading: History
2026-05-02 14:43:43.248: [INFO][Sync] Loading: Saved Tab Group
2026-05-02 14:43:43.248: [INFO][Sync] Loading: WebAuthn Credentials
2026-05-02 14:43:43.248: [INFO][Sync] Loading: Collection
2026-05-02 14:43:43.248: [INFO][Sync] Loading: Edge E Drop
2026-05-02 14:43:43.248: [INFO][Sync] Loading: Edge Hub App Usage
2026-05-02 14:43:43.248: [INFO][Sync] Loading: Edge Wallet
2026-05-02 14:43:43.248: [INFO][Sync] Loading: Edge Workspace
2026-05-02 14:43:43.255: [INFO][Sync] All data types are ready for configure.
2026-05-02 14:43:43.697: [INFO][Sync] Started DataTypeManager configuration, reason: 5
2026-05-02 14:43:43.697: [INFO][Sync] Configuring for: Bookmarks, Preferences, Passwords, Autofill Profiles, Autofill, Extensions, Sessions, Extension settings, History Delete Directives, Device Info, User Consents, Send Tab To Self, Web Apps, History, Saved Tab Group, WebAuthn Credentials, Collection, Edge E Drop, Edge Hub App Usage, Edge Wallet, Edge Workspace, Encryption Keys, reason: 5, current state: 1
2026-05-02 14:43:43.698: [INFO][SyncEngineBackend::DoStartConfiguration] Start configuration
2026-05-02 14:43:43.698: [INFO][SyncManagerImpl::NudgeForInitialDownload] Initial download nudge for Bookmarks
2026-05-02 14:43:43.698: [INFO][SyncManagerImpl::NudgeForInitialDownload] Initial download nudge for Preferences
2026-05-02 14:43:43.698: [INFO][SyncManagerImpl::NudgeForInitialDownload] Initial download nudge for Extensions
2026-05-02 14:43:43.698: [INFO][SyncManagerImpl::NudgeForInitialDownload] Initial download nudge for Sessions
2026-05-02 14:43:43.698: [INFO][SyncManagerImpl::NudgeForInitialDownload] Initial download nudge for Extension settings
2026-05-02 14:43:43.698: [INFO][SyncManagerImpl::NudgeForInitialDownload] Initial download nudge for History Delete Directives
2026-05-02 14:43:43.698: [INFO][SyncManagerImpl::NudgeForInitialDownload] Initial download nudge for Device Info
2026-05-02 14:43:43.698: [INFO][SyncManagerImpl::NudgeForInitialDownload] Initial download nudge for Send Tab To Self
2026-05-02 14:43:43.698: [INFO][SyncManagerImpl::NudgeForInitialDownload] Initial download nudge for Web Apps
2026-05-02 14:43:43.698: [INFO][SyncManagerImpl::NudgeForInitialDownload] Initial download nudge for History
2026-05-02 14:43:43.698: [INFO][SyncManagerImpl::NudgeForInitialDownload] Initial download nudge for Saved Tab Group
2026-05-02 14:43:43.698: [INFO][SyncManagerImpl::NudgeForInitialDownload] Initial download nudge for WebAuthn Credentials
2026-05-02 14:43:43.698: [INFO][SyncManagerImpl::NudgeForInitialDownload] Initial download nudge for Collection
2026-05-02 14:43:43.698: [INFO][SyncManagerImpl::NudgeForInitialDownload] Initial download nudge for Edge E Drop
2026-05-02 14:43:43.698: [INFO][SyncManagerImpl::NudgeForInitialDownload] Initial download nudge for Edge Hub App Usage
2026-05-02 14:43:43.698: [INFO][SyncManagerImpl::NudgeForInitialDownload] Initial download nudge for Edge Wallet
2026-05-02 14:43:43.698: [INFO][SyncManagerImpl::NudgeForInitialDownload] Initial download nudge for Edge Workspace
2026-05-02 14:43:43.698: [INFO][SyncManagerImpl::ConfigureSyncer] Types to download:  with reason: 4
2026-05-02 14:43:43.698: [INFO][SyncEngineBackend::DoFinishConfigureDataTypes] Failed to download types:  and succeeded types: 
2026-05-02 14:43:43.702: [INFO][Sync] ConfigurationDone, failed: , succeeded: , remaining count: 4
2026-05-02 14:43:43.702: [WARN][Sync]     Reconfigure requested while configuration ongoing.
2026-05-02 14:43:43.702: [INFO][Sync] Configuring for: Bookmarks, Preferences, Passwords, Autofill Profiles, Autofill, Extensions, Sessions, Extension settings, History Delete Directives, Device Info, User Consents, Send Tab To Self, Web Apps, History, Saved Tab Group, WebAuthn Credentials, Collection, Edge E Drop, Edge Hub App Usage, Edge Wallet, Edge Workspace, Encryption Keys, reason: 5, current state: 2
2026-05-02 14:43:43.702: [INFO][Sync] Configure, desired: Bookmarks, Preferences, Passwords, Autofill Profiles, Autofill, Extensions, Sessions, Extension settings, History Delete Directives, Device Info, User Consents, Send Tab To Self, Web Apps, History, Saved Tab Group, WebAuthn Credentials, Collection, Edge E Drop, Edge Hub App Usage, Edge Wallet, Edge Workspace, Encryption Keys; Allow fail: 
2026-05-02 14:43:43.702: [INFO][Sync] Loading: Passwords
2026-05-02 14:43:43.702: [INFO][Sync] Loading: Autofill Profiles
2026-05-02 14:43:43.702: [INFO][Sync] Loading: Autofill
2026-05-02 14:43:43.703: [INFO][Sync] All data types are ready for configure.
2026-05-02 14:43:43.703: [INFO][SyncManagerImpl::NudgeForInitialDownload] Initial download nudge for Passwords
2026-05-02 14:43:43.703: [INFO][SyncManagerImpl::NudgeForInitialDownload] Initial download nudge for Autofill Profiles
2026-05-02 14:43:43.703: [INFO][SyncManagerImpl::NudgeForInitialDownload] Initial download nudge for Autofill
2026-05-02 14:43:43.703: [INFO][SyncManagerImpl::ConfigureSyncer] Types to download:  with reason: 5
2026-05-02 14:43:43.703: [INFO][SyncEngineBackend::DoFinishConfigureDataTypes] Failed to download types:  and succeeded types: 
2026-05-02 14:43:43.704: [INFO][Sync] ConfigurationDone, failed: , succeeded: , remaining count: 4
2026-05-02 14:43:43.704: [INFO][Sync] Prepare to configure types: Preferences, Passwords, Device Info, Send Tab To Self, Edge E Drop, Encryption Keys
2026-05-02 14:43:43.704: [INFO][SyncManagerImpl::ConfigureSyncer] Types to download: Preferences, Passwords, Device Info, Send Tab To Self, Edge E Drop, Encryption Keys with reason: 5
2026-05-02 14:43:43.704: [INFO][SyncSchedulerImpl::DoConfigurationSyncCycleJob] Blocked types:  and types to download: Preferences, Passwords, Device Info, Send Tab To Self, Edge E Drop, Encryption Keys
2026-05-02 14:43:43.861: [INFO][SyncEngineBackend::DoFinishConfigureDataTypes] Failed to download types:  and succeeded types: Preferences, Passwords, Device Info, Send Tab To Self, Edge E Drop, Encryption Keys
2026-05-02 14:43:43.867: [INFO][Sync] ConfigurationDone, failed: , succeeded: Preferences, Passwords, Device Info, Send Tab To Self, Edge E Drop, Encryption Keys, remaining count: 3
2026-05-02 14:43:43.867: [INFO][Sync] Prepare to configure types: Bookmarks, Encryption Keys
2026-05-02 14:43:43.867: [INFO][SyncManagerImpl::ConfigureSyncer] Types to download: Bookmarks, Encryption Keys with reason: 5
2026-05-02 14:43:43.867: [INFO][SyncSchedulerImpl::DoConfigurationSyncCycleJob] Blocked types:  and types to download: Bookmarks, Encryption Keys
2026-05-02 14:43:43.979: [INFO][SyncEngineBackend::DoFinishConfigureDataTypes] Failed to download types:  and succeeded types: Bookmarks, Encryption Keys
2026-05-02 14:43:43.985: [INFO][Sync] ConfigurationDone, failed: , succeeded: Bookmarks, Encryption Keys, remaining count: 2
2026-05-02 14:43:43.985: [INFO][Sync] Prepare to configure types: Autofill Profiles, Autofill, Extensions, Sessions, Extension settings, History Delete Directives, Web Apps, Saved Tab Group, WebAuthn Credentials, Collection, Edge Hub App Usage, Edge Wallet, Edge Workspace, Encryption Keys
2026-05-02 14:43:43.985: [INFO][SyncManagerImpl::ConfigureSyncer] Types to download: Autofill Profiles, Autofill, Extensions, Sessions, Extension settings, History Delete Directives, Web Apps, Saved Tab Group, WebAuthn Credentials, Collection, Edge Hub App Usage, Edge Wallet, Edge Workspace, Encryption Keys with reason: 5
2026-05-02 14:43:43.985: [INFO][SyncSchedulerImpl::DoConfigurationSyncCycleJob] Blocked types:  and types to download: Autofill Profiles, Autofill, Extensions, Sessions, Extension settings, History Delete Directives, Web Apps, Saved Tab Group, WebAuthn Credentials, Collection, Edge Hub App Usage, Edge Wallet, Edge Workspace, Encryption Keys
2026-05-02 14:43:44.274: [INFO][SyncEngineBackend::DoFinishConfigureDataTypes] Failed to download types:  and succeeded types: Autofill Profiles, Autofill, Extensions, Sessions, Extension settings, History Delete Directives, Web Apps, Saved Tab Group, WebAuthn Credentials, Collection, Edge Hub App Usage, Edge Wallet, Edge Workspace, Encryption Keys
2026-05-02 14:43:44.284: [INFO][Sync] ConfigurationDone, failed: , succeeded: Autofill Profiles, Autofill, Extensions, Sessions, Extension settings, History Delete Directives, Web Apps, Saved Tab Group, WebAuthn Credentials, Collection, Edge Hub App Usage, Edge Wallet, Edge Workspace, Encryption Keys, remaining count: 1
2026-05-02 14:43:44.290: [INFO][Sync] Prepare to configure types: History, Encryption Keys
2026-05-02 14:43:44.290: [INFO][SyncManagerImpl::ConfigureSyncer] Types to download: History, Encryption Keys with reason: 5
2026-05-02 14:43:44.290: [INFO][SyncSchedulerImpl::DoConfigurationSyncCycleJob] Blocked types:  and types to download: History, Encryption Keys
2026-05-02 14:43:44.716: [INFO][SyncEngineBackend::DoFinishConfigureDataTypes] Failed to download types:  and succeeded types: History, Encryption Keys
2026-05-02 14:43:44.721: [INFO][Sync] ConfigurationDone, failed: , succeeded: History, Encryption Keys, remaining count: 0
2026-05-02 14:43:44.726: [INFO][Sync]     Configuration completed, state: 7
2026-05-02 14:43:44.726: [INFO][Sync] Configured DataTypeManager: Ok
2026-05-02 14:43:44.732: [INFO][SyncEngineBackend::DoStartSyncing] Start syncing
2026-05-02 14:51:05.134: [INFO][Sync] Reset engine, reason: 0
2026-05-02 14:51:05.134: [INFO][Sync] Reset engine with reason: 0
2026-05-02 14:53:06.029: [INFO][Sync] SyncState after authenticated was: FeatureCanStart
2026-05-02 14:53:07.691: [INFO][SyncAuthManager::SetLastAuthError] Current auth error: None
2026-05-02 14:53:07.691: [INFO][SyncAuthManager::EdgeLogTokenErrorState] Token error with: None for account type: MSA
2026-05-02 14:53:07.691: [INFO][Sync] Credentials changed for: EdgeSyncKeyDataScope
2026-05-02 14:53:16.069: [INFO][Sync] Try to start sync engine
2026-05-02 14:53:16.071: [INFO][SyncManagerImpl::NudgeForInitialDownload] Initial download nudge for Encryption Keys
2026-05-02 14:53:16.071: [INFO][SyncEngineBackend::LoadAndConnectNigoriController] Load and connect Nigori controller
2026-05-02 14:53:16.071: [INFO][SyncEngineBackend::DoInitialize] Control Types added: Encryption Keys
2026-05-02 14:53:16.071: [INFO][SyncManagerImpl::ConfigureSyncer] Types to download: Encryption Keys with reason: 3
2026-05-02 14:53:16.071: [INFO][SyncEngineBackend::DoUpdateKeyDataCredentials] Update key data credentials
2026-05-02 14:53:16.071: [INFO][SyncSchedulerImpl::DoConfigurationSyncCycleJob] Configure job was blocked
2026-05-02 14:53:16.084: [INFO][SyncAuthManager::SetLastAuthError] Current auth error: None
2026-05-02 14:53:16.084: [INFO][SyncAuthManager::EdgeLogTokenErrorState] Token error with: None for account type: MSA
2026-05-02 14:53:16.084: [INFO][Sync] Credentials changed for: EdgeSyncScopeNew
2026-05-02 14:53:16.084: [INFO][SyncEngineBackend::DoUpdateCredentials] Update credentials
2026-05-02 14:53:16.084: [INFO][SyncEngineBackend::DoUpdateKeyDataCredentials] Update key data credentials
2026-05-02 14:53:16.084: [INFO][SyncSchedulerImpl::DoConfigurationSyncCycleJob] Blocked types:  and types to download: Encryption Keys
2026-05-02 14:53:16.222: [INFO][Sync] Started DataTypeManager configuration, reason: 4
2026-05-02 14:53:16.222: [INFO][Sync] Configuring for: Bookmarks, Preferences, Passwords, Autofill Profiles, Autofill, Extensions, Sessions, Extension settings, History Delete Directives, Device Info, User Consents, Send Tab To Self, Web Apps, History, Saved Tab Group, WebAuthn Credentials, Collection, Edge E Drop, Edge Hub App Usage, Edge Wallet, Edge Workspace, Encryption Keys, reason: 4, current state: 0
2026-05-02 14:53:16.222: [WARN][Sync] Crypto error data types: Passwords, Autofill Profiles, Autofill
2026-05-02 14:53:16.226: [INFO][Sync] Configure, desired: Bookmarks, Preferences, Extensions, Sessions, Extension settings, History Delete Directives, Device Info, User Consents, Send Tab To Self, Web Apps, History, Saved Tab Group, WebAuthn Credentials, Collection, Edge E Drop, Edge Hub App Usage, Edge Wallet, Edge Workspace, Encryption Keys; Allow fail: Passwords, Autofill Profiles, Autofill
2026-05-02 14:53:16.226: [INFO][Sync] Loading: Bookmarks
2026-05-02 14:53:16.226: [INFO][Sync] Loading: Preferences
2026-05-02 14:53:16.226: [INFO][Sync] Loading: Extensions
2026-05-02 14:53:16.226: [INFO][Sync] Loading: Sessions
2026-05-02 14:53:16.226: [INFO][Sync] Loading: Extension settings
2026-05-02 14:53:16.226: [INFO][Sync] Loading: History Delete Directives
2026-05-02 14:53:16.226: [INFO][Sync] Loading: Device Info
2026-05-02 14:53:16.226: [INFO][Sync] Loading: User Consents
2026-05-02 14:53:16.226: [INFO][Sync] Loading: Send Tab To Self
2026-05-02 14:53:16.226: [INFO][Sync] Loading: Web Apps
2026-05-02 14:53:16.226: [INFO][Sync] Loading: History
2026-05-02 14:53:16.226: [INFO][Sync] Loading: Saved Tab Group
2026-05-02 14:53:16.226: [INFO][Sync] Loading: WebAuthn Credentials
2026-05-02 14:53:16.226: [INFO][Sync] Loading: Collection
2026-05-02 14:53:16.226: [INFO][Sync] Loading: Edge E Drop
2026-05-02 14:53:16.226: [INFO][Sync] Loading: Edge Hub App Usage
2026-05-02 14:53:16.226: [INFO][Sync] Loading: Edge Wallet
2026-05-02 14:53:16.226: [INFO][Sync] Loading: Edge Workspace
2026-05-02 14:53:16.236: [INFO][Sync] All data types are ready for configure.
2026-05-02 14:53:16.838: [INFO][Sync] Started DataTypeManager configuration, reason: 5
2026-05-02 14:53:16.838: [INFO][Sync] Configuring for: Bookmarks, Preferences, Passwords, Autofill Profiles, Autofill, Extensions, Sessions, Extension settings, History Delete Directives, Device Info, User Consents, Send Tab To Self, Web Apps, History, Saved Tab Group, WebAuthn Credentials, Collection, Edge E Drop, Edge Hub App Usage, Edge Wallet, Edge Workspace, Encryption Keys, reason: 5, current state: 1
2026-05-02 14:53:16.839: [INFO][SyncEngineBackend::DoStartConfiguration] Start configuration
2026-05-02 14:53:16.839: [INFO][SyncManagerImpl::ConfigureSyncer] Types to download:  with reason: 4
2026-05-02 14:53:16.839: [INFO][SyncEngineBackend::DoFinishConfigureDataTypes] Failed to download types:  and succeeded types: 
2026-05-02 14:53:16.841: [INFO][Sync] ConfigurationDone, failed: , succeeded: , remaining count: 4
2026-05-02 14:53:16.841: [WARN][Sync]     Reconfigure requested while configuration ongoing.
2026-05-02 14:53:16.841: [INFO][Sync] Configuring for: Bookmarks, Preferences, Passwords, Autofill Profiles, Autofill, Extensions, Sessions, Extension settings, History Delete Directives, Device Info, User Consents, Send Tab To Self, Web Apps, History, Saved Tab Group, WebAuthn Credentials, Collection, Edge E Drop, Edge Hub App Usage, Edge Wallet, Edge Workspace, Encryption Keys, reason: 5, current state: 2
2026-05-02 14:53:16.841: [INFO][Sync] Configure, desired: Bookmarks, Preferences, Passwords, Autofill Profiles, Autofill, Extensions, Sessions, Extension settings, History Delete Directives, Device Info, User Consents, Send Tab To Self, Web Apps, History, Saved Tab Group, WebAuthn Credentials, Collection, Edge E Drop, Edge Hub App Usage, Edge Wallet, Edge Workspace, Encryption Keys; Allow fail: 
2026-05-02 14:53:16.841: [INFO][Sync] Loading: Passwords
2026-05-02 14:53:16.841: [INFO][Sync] Loading: Autofill Profiles
2026-05-02 14:53:16.841: [INFO][Sync] Loading: Autofill
2026-05-02 14:53:16.846: [INFO][Sync] All data types are ready for configure.
2026-05-02 14:53:16.846: [INFO][SyncManagerImpl::NudgeForInitialDownload] Initial download nudge for Passwords
2026-05-02 14:53:16.846: [INFO][SyncManagerImpl::ConfigureSyncer] Types to download:  with reason: 5
2026-05-02 14:53:16.846: [INFO][SyncEngineBackend::DoFinishConfigureDataTypes] Failed to download types:  and succeeded types: 
2026-05-02 14:53:16.847: [INFO][Sync] ConfigurationDone, failed: , succeeded: , remaining count: 4
2026-05-02 14:53:16.847: [INFO][Sync] Prepare to configure types: Passwords, Encryption Keys
2026-05-02 14:53:16.847: [INFO][SyncManagerImpl::ConfigureSyncer] Types to download: Passwords, Encryption Keys with reason: 5
2026-05-02 14:53:16.847: [INFO][SyncSchedulerImpl::DoConfigurationSyncCycleJob] Blocked types:  and types to download: Passwords, Encryption Keys
2026-05-02 14:53:17.058: [INFO][SyncEngineBackend::DoFinishConfigureDataTypes] Failed to download types:  and succeeded types: Passwords, Encryption Keys
2026-05-02 14:53:17.061: [INFO][Sync] ConfigurationDone, failed: , succeeded: Passwords, Encryption Keys, remaining count: 3
2026-05-02 14:53:17.065: [INFO][SyncManagerImpl::ConfigureSyncer] Types to download:  with reason: 5
2026-05-02 14:53:17.065: [INFO][SyncEngineBackend::DoFinishConfigureDataTypes] Failed to download types:  and succeeded types: 
2026-05-02 14:53:17.069: [INFO][Sync] ConfigurationDone, failed: , succeeded: , remaining count: 2
2026-05-02 14:53:17.069: [INFO][SyncManagerImpl::ConfigureSyncer] Types to download:  with reason: 5
2026-05-02 14:53:17.069: [INFO][SyncEngineBackend::DoFinishConfigureDataTypes] Failed to download types:  and succeeded types: 
2026-05-02 14:53:17.070: [INFO][Sync] ConfigurationDone, failed: , succeeded: , remaining count: 1
2026-05-02 14:53:17.075: [INFO][SyncManagerImpl::ConfigureSyncer] Types to download:  with reason: 5
2026-05-02 14:53:17.075: [INFO][SyncEngineBackend::DoFinishConfigureDataTypes] Failed to download types:  and succeeded types: 
2026-05-02 14:53:17.084: [INFO][Sync] ConfigurationDone, failed: , succeeded: , remaining count: 0
2026-05-02 14:53:17.088: [INFO][Sync]     Configuration completed, state: 7
2026-05-02 14:53:17.088: [INFO][Sync] Configured DataTypeManager: Ok
2026-05-02 14:53:17.094: [INFO][SyncEngineBackend::DoStartSyncing] Start syncing
2026-05-02 14:55:49.046: [INFO][Sync] Reset engine, reason: 0
2026-05-02 14:55:49.046: [INFO][Sync] Reset engine with reason: 0
2026-05-02 14:59:16.187: [INFO][Sync] Reset engine, reason: 8
2026-05-02 14:59:16.187: [INFO][Sync] Stopped: Bookmarks
2026-05-02 14:59:16.187: [INFO][Sync] Stopped: Preferences
2026-05-02 14:59:16.187: [INFO][Sync] Stopped: Passwords
2026-05-02 14:59:16.187: [INFO][Sync] Stopped: Autofill Profiles
2026-05-02 14:59:16.187: [INFO][Sync] Stopped: Autofill
2026-05-02 14:59:16.187: [INFO][Sync] Stopped: Extensions
2026-05-02 14:59:16.187: [INFO][Sync] Stopped: Sessions
2026-05-02 14:59:16.187: [INFO][Sync] Stopped: Extension settings
2026-05-02 14:59:16.187: [INFO][Sync] Stopped: History Delete Directives
2026-05-02 14:59:16.187: [INFO][Sync] Stopped: Device Info
2026-05-02 14:59:16.187: [INFO][Sync] Stopped: User Consents
2026-05-02 14:59:16.187: [INFO][Sync] Stopped: Send Tab To Self
2026-05-02 14:59:16.187: [INFO][Sync] Stopped: Web Apps
2026-05-02 14:59:16.187: [INFO][Sync] Stopped: History
2026-05-02 14:59:16.187: [INFO][Sync] Stopped: Saved Tab Group
2026-05-02 14:59:16.187: [INFO][Sync] Stopped: WebAuthn Credentials
2026-05-02 14:59:16.187: [INFO][Sync] Stopped: Collection
2026-05-02 14:59:16.187: [INFO][Sync] Stopped: Edge E Drop
2026-05-02 14:59:16.187: [INFO][Sync] Stopped: Edge Hub App Usage
2026-05-02 14:59:16.187: [INFO][Sync] Stopped: Edge Wallet
2026-05-02 14:59:16.187: [INFO][Sync] Stopped: Edge Workspace
2026-05-02 14:59:16.187: [INFO][Sync] SyncState after authenticated was: NotSignedIn
2026-05-02 14:59:16.466: [INFO][Sync] Reset engine, reason: 8
2026-05-02 14:59:16.466: [INFO][Sync] Stopped: Bookmarks
2026-05-02 14:59:16.466: [INFO][Sync] Stopped: Preferences
2026-05-02 14:59:16.466: [INFO][Sync] Stopped: Passwords
2026-05-02 14:59:16.466: [INFO][Sync] Stopped: Autofill Profiles
2026-05-02 14:59:16.466: [INFO][Sync] Stopped: Autofill
2026-05-02 14:59:16.466: [INFO][Sync] Stopped: Extensions
2026-05-02 14:59:16.466: [INFO][Sync] Stopped: Sessions
2026-05-02 14:59:16.466: [INFO][Sync] Stopped: Extension settings
2026-05-02 14:59:16.466: [INFO][Sync] Stopped: History Delete Directives
2026-05-02 14:59:16.466: [INFO][Sync] Stopped: Device Info
2026-05-02 14:59:16.466: [INFO][Sync] Stopped: User Consents
2026-05-02 14:59:16.466: [INFO][Sync] Stopped: Send Tab To Self
2026-05-02 14:59:16.466: [INFO][Sync] Stopped: Web Apps
2026-05-02 14:59:16.466: [INFO][Sync] Stopped: History
2026-05-02 14:59:16.466: [INFO][Sync] Stopped: Saved Tab Group
2026-05-02 14:59:16.466: [INFO][Sync] Stopped: WebAuthn Credentials
2026-05-02 14:59:16.466: [INFO][Sync] Stopped: Collection
2026-05-02 14:59:16.466: [INFO][Sync] Stopped: Edge E Drop
2026-05-02 14:59:16.466: [INFO][Sync] Stopped: Edge Hub App Usage
2026-05-02 14:59:16.466: [INFO][Sync] Stopped: Edge Wallet
2026-05-02 14:59:16.466: [INFO][Sync] Stopped: Edge Workspace
2026-05-02 14:59:18.811: [INFO][Sync] Try to start sync engine
2026-05-02 14:59:18.813: [INFO][SyncManagerImpl::NudgeForInitialDownload] Initial download nudge for Encryption Keys
2026-05-02 14:59:18.813: [INFO][SyncEngineBackend::LoadAndConnectNigoriController] Load and connect Nigori controller
2026-05-02 14:59:18.813: [INFO][SyncEngineBackend::DoInitialize] Control Types added: Encryption Keys
2026-05-02 14:59:18.813: [INFO][SyncManagerImpl::ConfigureSyncer] Types to download: Encryption Keys with reason: 3
2026-05-02 14:59:18.813: [INFO][SyncSchedulerImpl::DoConfigurationSyncCycleJob] Configure job was blocked
2026-05-02 14:59:18.859: [INFO][SyncAuthManager::SetLastAuthError] Current auth error: None
2026-05-02 14:59:18.859: [INFO][SyncAuthManager::EdgeLogTokenErrorState] Token error with: None for account type: MSA
2026-05-02 14:59:18.859: [INFO][Sync] Credentials changed for: EdgeSyncScopeNew
2026-05-02 14:59:19.748: [INFO][SyncAuthManager::SetLastAuthError] Current auth error: None
2026-05-02 14:59:19.748: [INFO][SyncAuthManager::EdgeLogTokenErrorState] Token error with: None for account type: MSA
2026-05-02 14:59:19.748: [INFO][Sync] Credentials changed for: EdgeSyncKeyDataScope
2026-05-02 14:59:19.748: [INFO][SyncEngineBackend::DoUpdateKeyDataCredentials] Update key data credentials
2026-05-02 14:59:19.748: [INFO][SyncEngineBackend::DoUpdateCredentials] Update credentials
2026-05-02 14:59:19.748: [INFO][SyncSchedulerImpl::DoConfigurationSyncCycleJob] Blocked types:  and types to download: Encryption Keys
2026-05-02 14:59:19.984: [INFO][Sync] Started DataTypeManager configuration, reason: 4
2026-05-02 14:59:19.985: [INFO][Sync] Configuring for: Bookmarks, Preferences, Passwords, Autofill Profiles, Autofill, Extensions, Sessions, Extension settings, History Delete Directives, Device Info, User Consents, Send Tab To Self, Web Apps, History, Saved Tab Group, WebAuthn Credentials, Collection, Edge E Drop, Edge Hub App Usage, Edge Wallet, Edge Workspace, Encryption Keys, reason: 4, current state: 0
2026-05-02 14:59:19.985: [WARN][Sync] Crypto error data types: Passwords, Autofill Profiles, Autofill
2026-05-02 14:59:19.990: [INFO][Sync] Configure, desired: Bookmarks, Preferences, Extensions, Sessions, Extension settings, History Delete Directives, Device Info, User Consents, Send Tab To Self, Web Apps, History, Saved Tab Group, WebAuthn Credentials, Collection, Edge E Drop, Edge Hub App Usage, Edge Wallet, Edge Workspace, Encryption Keys; Allow fail: Passwords, Autofill Profiles, Autofill
2026-05-02 14:59:19.990: [INFO][Sync] Loading: Bookmarks
2026-05-02 14:59:19.990: [INFO][Sync] Loading: Preferences
2026-05-02 14:59:19.990: [INFO][Sync] Loading: Extensions
2026-05-02 14:59:19.990: [INFO][Sync] Loading: Sessions
2026-05-02 14:59:19.991: [INFO][Sync] Loading: Extension settings
2026-05-02 14:59:19.991: [INFO][Sync] Loading: History Delete Directives
2026-05-02 14:59:19.991: [INFO][Sync] Loading: Device Info
2026-05-02 14:59:19.991: [INFO][Sync] Loading: User Consents
2026-05-02 14:59:19.991: [INFO][Sync] Loading: Send Tab To Self
2026-05-02 14:59:19.991: [INFO][Sync] Loading: Web Apps
2026-05-02 14:59:19.991: [INFO][Sync] Loading: History
2026-05-02 14:59:19.991: [INFO][Sync] Loading: Saved Tab Group
2026-05-02 14:59:19.991: [INFO][Sync] Loading: WebAuthn Credentials
2026-05-02 14:59:19.991: [INFO][Sync] Loading: Collection
2026-05-02 14:59:19.991: [INFO][Sync] Loading: Edge E Drop
2026-05-02 14:59:19.991: [INFO][Sync] Loading: Edge Hub App Usage
2026-05-02 14:59:19.991: [INFO][Sync] Loading: Edge Wallet
2026-05-02 14:59:19.991: [INFO][Sync] Loading: Edge Workspace
2026-05-02 14:59:20.001: [INFO][Sync] All data types are ready for configure.
2026-05-02 14:59:20.467: [INFO][SyncEngineBackend::DoStartConfiguration] Start configuration
2026-05-02 14:59:20.467: [INFO][SyncManagerImpl::NudgeForInitialDownload] Initial download nudge for Bookmarks
2026-05-02 14:59:20.467: [INFO][SyncManagerImpl::NudgeForInitialDownload] Initial download nudge for Preferences
2026-05-02 14:59:20.467: [INFO][SyncManagerImpl::NudgeForInitialDownload] Initial download nudge for Extensions
2026-05-02 14:59:20.467: [INFO][SyncManagerImpl::NudgeForInitialDownload] Initial download nudge for Sessions
2026-05-02 14:59:20.467: [INFO][SyncManagerImpl::NudgeForInitialDownload] Initial download nudge for Extension settings
2026-05-02 14:59:20.467: [INFO][SyncManagerImpl::NudgeForInitialDownload] Initial download nudge for History Delete Directives
2026-05-02 14:59:20.467: [INFO][SyncManagerImpl::NudgeForInitialDownload] Initial download nudge for Device Info
2026-05-02 14:59:20.467: [INFO][SyncManagerImpl::NudgeForInitialDownload] Initial download nudge for Send Tab To Self
2026-05-02 14:59:20.467: [INFO][SyncManagerImpl::NudgeForInitialDownload] Initial download nudge for Web Apps
2026-05-02 14:59:20.467: [INFO][SyncManagerImpl::NudgeForInitialDownload] Initial download nudge for History
2026-05-02 14:59:20.467: [INFO][SyncManagerImpl::NudgeForInitialDownload] Initial download nudge for Saved Tab Group
2026-05-02 14:59:20.467: [INFO][SyncManagerImpl::NudgeForInitialDownload] Initial download nudge for WebAuthn Credentials
2026-05-02 14:59:20.467: [INFO][SyncManagerImpl::NudgeForInitialDownload] Initial download nudge for Collection
2026-05-02 14:59:20.467: [INFO][SyncManagerImpl::NudgeForInitialDownload] Initial download nudge for Edge E Drop
2026-05-02 14:59:20.467: [INFO][SyncManagerImpl::NudgeForInitialDownload] Initial download nudge for Edge Hub App Usage
2026-05-02 14:59:20.467: [INFO][SyncManagerImpl::NudgeForInitialDownload] Initial download nudge for Edge Wallet
2026-05-02 14:59:20.467: [INFO][SyncManagerImpl::NudgeForInitialDownload] Initial download nudge for Edge Workspace
2026-05-02 14:59:20.467: [INFO][SyncManagerImpl::ConfigureSyncer] Types to download:  with reason: 4
2026-05-02 14:59:20.467: [INFO][SyncEngineBackend::DoFinishConfigureDataTypes] Failed to download types:  and succeeded types: 
2026-05-02 14:59:20.479: [INFO][Sync] Started DataTypeManager configuration, reason: 5
2026-05-02 14:59:20.479: [INFO][Sync] Configuring for: Bookmarks, Preferences, Passwords, Autofill Profiles, Autofill, Extensions, Sessions, Extension settings, History Delete Directives, Device Info, User Consents, Send Tab To Self, Web Apps, History, Saved Tab Group, WebAuthn Credentials, Collection, Edge E Drop, Edge Hub App Usage, Edge Wallet, Edge Workspace, Encryption Keys, reason: 5, current state: 1
2026-05-02 14:59:20.485: [INFO][Sync] ConfigurationDone, failed: , succeeded: , remaining count: 4
2026-05-02 14:59:20.485: [WARN][Sync]     Reconfigure requested while configuration ongoing.
2026-05-02 14:59:20.485: [INFO][Sync] Configuring for: Bookmarks, Preferences, Passwords, Autofill Profiles, Autofill, Extensions, Sessions, Extension settings, History Delete Directives, Device Info, User Consents, Send Tab To Self, Web Apps, History, Saved Tab Group, WebAuthn Credentials, Collection, Edge E Drop, Edge Hub App Usage, Edge Wallet, Edge Workspace, Encryption Keys, reason: 5, current state: 2
2026-05-02 14:59:20.485: [INFO][Sync] Configure, desired: Bookmarks, Preferences, Passwords, Autofill Profiles, Autofill, Extensions, Sessions, Extension settings, History Delete Directives, Device Info, User Consents, Send Tab To Self, Web Apps, History, Saved Tab Group, WebAuthn Credentials, Collection, Edge E Drop, Edge Hub App Usage, Edge Wallet, Edge Workspace, Encryption Keys; Allow fail: 
2026-05-02 14:59:20.485: [INFO][Sync] Loading: Passwords
2026-05-02 14:59:20.485: [INFO][Sync] Loading: Autofill Profiles
2026-05-02 14:59:20.485: [INFO][Sync] Loading: Autofill
2026-05-02 14:59:20.485: [INFO][Sync] All data types are ready for configure.
2026-05-02 14:59:20.485: [INFO][SyncManagerImpl::NudgeForInitialDownload] Initial download nudge for Passwords
2026-05-02 14:59:20.485: [INFO][SyncManagerImpl::NudgeForInitialDownload] Initial download nudge for Autofill Profiles
2026-05-02 14:59:20.486: [INFO][SyncManagerImpl::NudgeForInitialDownload] Initial download nudge for Autofill
2026-05-02 14:59:20.486: [INFO][SyncManagerImpl::ConfigureSyncer] Types to download:  with reason: 5
2026-05-02 14:59:20.486: [INFO][SyncEngineBackend::DoFinishConfigureDataTypes] Failed to download types:  and succeeded types: 
2026-05-02 14:59:20.486: [INFO][Sync] ConfigurationDone, failed: , succeeded: , remaining count: 4
2026-05-02 14:59:20.486: [INFO][Sync] Prepare to configure types: Preferences, Passwords, Device Info, Send Tab To Self, Edge E Drop, Encryption Keys
2026-05-02 14:59:20.487: [INFO][SyncManagerImpl::ConfigureSyncer] Types to download: Preferences, Passwords, Device Info, Send Tab To Self, Edge E Drop, Encryption Keys with reason: 5
2026-05-02 14:59:20.487: [INFO][SyncSchedulerImpl::DoConfigurationSyncCycleJob] Blocked types:  and types to download: Preferences, Passwords, Device Info, Send Tab To Self, Edge E Drop, Encryption Keys
2026-05-02 14:59:20.639: [INFO][SyncEngineBackend::DoFinishConfigureDataTypes] Failed to download types:  and succeeded types: Preferences, Passwords, Device Info, Send Tab To Self, Edge E Drop, Encryption Keys
2026-05-02 14:59:20.644: [INFO][Sync] ConfigurationDone, failed: , succeeded: Preferences, Passwords, Device Info, Send Tab To Self, Edge E Drop, Encryption Keys, remaining count: 3
2026-05-02 14:59:20.644: [INFO][Sync] Prepare to configure types: Bookmarks, Encryption Keys
2026-05-02 14:59:20.644: [INFO][SyncManagerImpl::ConfigureSyncer] Types to download: Bookmarks, Encryption Keys with reason: 5
2026-05-02 14:59:20.644: [INFO][SyncSchedulerImpl::DoConfigurationSyncCycleJob] Blocked types:  and types to download: Bookmarks, Encryption Keys
2026-05-02 14:59:20.752: [INFO][SyncEngineBackend::DoFinishConfigureDataTypes] Failed to download types:  and succeeded types: Bookmarks, Encryption Keys
2026-05-02 14:59:20.757: [INFO][Sync] ConfigurationDone, failed: , succeeded: Bookmarks, Encryption Keys, remaining count: 2
2026-05-02 14:59:20.757: [INFO][Sync] Prepare to configure types: Autofill Profiles, Autofill, Extensions, Sessions, Extension settings, History Delete Directives, Web Apps, Saved Tab Group, WebAuthn Credentials, Collection, Edge Hub App Usage, Edge Wallet, Edge Workspace, Encryption Keys
2026-05-02 14:59:20.757: [INFO][SyncManagerImpl::ConfigureSyncer] Types to download: Autofill Profiles, Autofill, Extensions, Sessions, Extension settings, History Delete Directives, Web Apps, Saved Tab Group, WebAuthn Credentials, Collection, Edge Hub App Usage, Edge Wallet, Edge Workspace, Encryption Keys with reason: 5
2026-05-02 14:59:20.757: [INFO][SyncSchedulerImpl::DoConfigurationSyncCycleJob] Blocked types:  and types to download: Autofill Profiles, Autofill, Extensions, Sessions, Extension settings, History Delete Directives, Web Apps, Saved Tab Group, WebAuthn Credentials, Collection, Edge Hub App Usage, Edge Wallet, Edge Workspace, Encryption Keys
2026-05-02 14:59:21.018: [INFO][SyncEngineBackend::DoFinishConfigureDataTypes] Failed to download types:  and succeeded types: Autofill Profiles, Autofill, Extensions, Sessions, Extension settings, History Delete Directives, Web Apps, Saved Tab Group, WebAuthn Credentials, Collection, Edge Hub App Usage, Edge Wallet, Edge Workspace, Encryption Keys
2026-05-02 14:59:21.025: [INFO][Sync] ConfigurationDone, failed: , succeeded: Autofill Profiles, Autofill, Extensions, Sessions, Extension settings, History Delete Directives, Web Apps, Saved Tab Group, WebAuthn Credentials, Collection, Edge Hub App Usage, Edge Wallet, Edge Workspace, Encryption Keys, remaining count: 1
2026-05-02 14:59:21.031: [INFO][Sync] Prepare to configure types: History, Encryption Keys
2026-05-02 14:59:21.031: [INFO][SyncManagerImpl::ConfigureSyncer] Types to download: History, Encryption Keys with reason: 5
2026-05-02 14:59:21.031: [INFO][SyncSchedulerImpl::DoConfigurationSyncCycleJob] Blocked types:  and types to download: History, Encryption Keys
2026-05-02 14:59:21.440: [INFO][SyncEngineBackend::DoFinishConfigureDataTypes] Failed to download types:  and succeeded types: History, Encryption Keys
2026-05-02 14:59:21.445: [INFO][Sync] ConfigurationDone, failed: , succeeded: History, Encryption Keys, remaining count: 0
2026-05-02 14:59:21.451: [INFO][Sync]     Configuration completed, state: 7
2026-05-02 14:59:21.452: [INFO][Sync] Configured DataTypeManager: Ok
2026-05-02 14:59:21.458: [INFO][SyncEngineBackend::DoStartSyncing] Start syncing
2026-05-02 15:22:12.260: [INFO][Sync] Reset engine, reason: 0
2026-05-02 15:22:12.260: [INFO][Sync] Reset engine with reason: 0
2026-05-02 15:29:12.292: [INFO][Sync] SyncState after authenticated was: FeatureCanStart
2026-05-02 15:29:13.886: [INFO][SyncAuthManager::SetLastAuthError] Current auth error: None
2026-05-02 15:29:13.886: [INFO][SyncAuthManager::EdgeLogTokenErrorState] Token error with: None for account type: MSA
2026-05-02 15:29:13.887: [INFO][Sync] Credentials changed for: EdgeSyncKeyDataScope
2026-05-02 15:29:22.492: [INFO][Sync] Try to start sync engine
2026-05-02 15:29:22.495: [INFO][SyncManagerImpl::NudgeForInitialDownload] Initial download nudge for Encryption Keys
2026-05-02 15:29:22.495: [INFO][SyncEngineBackend::LoadAndConnectNigoriController] Load and connect Nigori controller
2026-05-02 15:29:22.495: [INFO][SyncEngineBackend::DoInitialize] Control Types added: Encryption Keys
2026-05-02 15:29:22.495: [INFO][SyncManagerImpl::ConfigureSyncer] Types to download: Encryption Keys with reason: 3
2026-05-02 15:29:22.495: [INFO][SyncEngineBackend::DoUpdateKeyDataCredentials] Update key data credentials
2026-05-02 15:29:22.496: [INFO][SyncSchedulerImpl::DoConfigurationSyncCycleJob] Configure job was blocked
2026-05-02 15:29:22.515: [INFO][SyncAuthManager::SetLastAuthError] Current auth error: None
2026-05-02 15:29:22.515: [INFO][SyncAuthManager::EdgeLogTokenErrorState] Token error with: None for account type: MSA
2026-05-02 15:29:22.515: [INFO][Sync] Credentials changed for: EdgeSyncScopeNew
2026-05-02 15:29:22.515: [INFO][SyncEngineBackend::DoUpdateCredentials] Update credentials
2026-05-02 15:29:22.515: [INFO][SyncSchedulerImpl::DoConfigurationSyncCycleJob] Blocked types:  and types to download: Encryption Keys
2026-05-02 15:29:22.781: [INFO][SyncEngineBackend::DoUpdateKeyDataCredentials] Update key data credentials
2026-05-02 15:29:22.796: [INFO][Sync] Started DataTypeManager configuration, reason: 4
2026-05-02 15:29:22.796: [INFO][Sync] Configuring for: Bookmarks, Preferences, Passwords, Autofill Profiles, Autofill, Extensions, Sessions, Extension settings, History Delete Directives, Device Info, User Consents, Send Tab To Self, Web Apps, History, Saved Tab Group, WebAuthn Credentials, Collection, Edge E Drop, Edge Hub App Usage, Edge Wallet, Edge Workspace, Encryption Keys, reason: 4, current state: 0
2026-05-02 15:29:22.796: [WARN][Sync] Crypto error data types: Passwords, Autofill Profiles, Autofill
2026-05-02 15:29:22.800: [INFO][Sync] Configure, desired: Bookmarks, Preferences, Extensions, Sessions, Extension settings, History Delete Directives, Device Info, User Consents, Send Tab To Self, Web Apps, History, Saved Tab Group, WebAuthn Credentials, Collection, Edge E Drop, Edge Hub App Usage, Edge Wallet, Edge Workspace, Encryption Keys; Allow fail: Passwords, Autofill Profiles, Autofill
2026-05-02 15:29:22.801: [INFO][Sync] Loading: Bookmarks
2026-05-02 15:29:22.801: [INFO][Sync] Loading: Preferences
2026-05-02 15:29:22.801: [INFO][Sync] Loading: Extensions
2026-05-02 15:29:22.801: [INFO][Sync] Loading: Sessions
2026-05-02 15:29:22.801: [INFO][Sync] Loading: Extension settings
2026-05-02 15:29:22.801: [INFO][Sync] Loading: History Delete Directives
2026-05-02 15:29:22.802: [INFO][Sync] Loading: Device Info
2026-05-02 15:29:22.802: [INFO][Sync] Loading: User Consents
2026-05-02 15:29:22.802: [INFO][Sync] Loading: Send Tab To Self
2026-05-02 15:29:22.802: [INFO][Sync] Loading: Web Apps
2026-05-02 15:29:22.802: [INFO][Sync] Loading: History
2026-05-02 15:29:22.802: [INFO][Sync] Loading: Saved Tab Group
2026-05-02 15:29:22.802: [INFO][Sync] Loading: WebAuthn Credentials
2026-05-02 15:29:22.802: [INFO][Sync] Loading: Collection
2026-05-02 15:29:22.802: [INFO][Sync] Loading: Edge E Drop
2026-05-02 15:29:22.802: [INFO][Sync] Loading: Edge Hub App Usage
2026-05-02 15:29:22.802: [INFO][Sync] Loading: Edge Wallet
2026-05-02 15:29:22.802: [INFO][Sync] Loading: Edge Workspace
2026-05-02 15:29:22.818: [INFO][Sync] All data types are ready for configure.
2026-05-02 15:29:23.486: [INFO][Sync] Started DataTypeManager configuration, reason: 5
2026-05-02 15:29:23.486: [INFO][Sync] Configuring for: Bookmarks, Preferences, Passwords, Autofill Profiles, Autofill, Extensions, Sessions, Extension settings, History Delete Directives, Device Info, User Consents, Send Tab To Self, Web Apps, History, Saved Tab Group, WebAuthn Credentials, Collection, Edge E Drop, Edge Hub App Usage, Edge Wallet, Edge Workspace, Encryption Keys, reason: 5, current state: 1
2026-05-02 15:29:23.490: [INFO][SyncEngineBackend::DoStartConfiguration] Start configuration
2026-05-02 15:29:23.491: [INFO][SyncManagerImpl::ConfigureSyncer] Types to download:  with reason: 4
2026-05-02 15:29:23.491: [INFO][SyncEngineBackend::DoFinishConfigureDataTypes] Failed to download types:  and succeeded types: 
2026-05-02 15:29:23.492: [INFO][Sync] ConfigurationDone, failed: , succeeded: , remaining count: 4
2026-05-02 15:29:23.492: [WARN][Sync]     Reconfigure requested while configuration ongoing.
2026-05-02 15:29:23.492: [INFO][Sync] Configuring for: Bookmarks, Preferences, Passwords, Autofill Profiles, Autofill, Extensions, Sessions, Extension settings, History Delete Directives, Device Info, User Consents, Send Tab To Self, Web Apps, History, Saved Tab Group, WebAuthn Credentials, Collection, Edge E Drop, Edge Hub App Usage, Edge Wallet, Edge Workspace, Encryption Keys, reason: 5, current state: 2
2026-05-02 15:29:23.492: [INFO][Sync] Configure, desired: Bookmarks, Preferences, Passwords, Autofill Profiles, Autofill, Extensions, Sessions, Extension settings, History Delete Directives, Device Info, User Consents, Send Tab To Self, Web Apps, History, Saved Tab Group, WebAuthn Credentials, Collection, Edge E Drop, Edge Hub App Usage, Edge Wallet, Edge Workspace, Encryption Keys; Allow fail: 
2026-05-02 15:29:23.492: [INFO][Sync] Loading: Passwords
2026-05-02 15:29:23.492: [INFO][Sync] Loading: Autofill Profiles
2026-05-02 15:29:23.492: [INFO][Sync] Loading: Autofill
2026-05-02 15:29:23.497: [INFO][Sync] All data types are ready for configure.
2026-05-02 15:29:23.497: [INFO][SyncManagerImpl::NudgeForInitialDownload] Initial download nudge for Passwords
2026-05-02 15:29:23.498: [INFO][SyncManagerImpl::ConfigureSyncer] Types to download:  with reason: 5
2026-05-02 15:29:23.498: [INFO][SyncEngineBackend::DoFinishConfigureDataTypes] Failed to download types:  and succeeded types: 
2026-05-02 15:29:23.507: [INFO][Sync] ConfigurationDone, failed: , succeeded: , remaining count: 4
2026-05-02 15:29:23.507: [INFO][Sync] Prepare to configure types: Passwords, Encryption Keys
2026-05-02 15:29:23.507: [INFO][SyncManagerImpl::ConfigureSyncer] Types to download: Passwords, Encryption Keys with reason: 5
2026-05-02 15:29:23.507: [INFO][SyncSchedulerImpl::DoConfigurationSyncCycleJob] Blocked types:  and types to download: Passwords, Encryption Keys
2026-05-02 15:29:23.710: [INFO][SyncEngineBackend::DoFinishConfigureDataTypes] Failed to download types:  and succeeded types: Passwords, Encryption Keys
2026-05-02 15:29:23.716: [INFO][Sync] ConfigurationDone, failed: , succeeded: Passwords, Encryption Keys, remaining count: 3
2026-05-02 15:29:23.716: [INFO][SyncManagerImpl::ConfigureSyncer] Types to download:  with reason: 5
2026-05-02 15:29:23.716: [INFO][SyncEngineBackend::DoFinishConfigureDataTypes] Failed to download types:  and succeeded types: 
2026-05-02 15:29:23.726: [INFO][Sync] ConfigurationDone, failed: , succeeded: , remaining count: 2
2026-05-02 15:29:23.726: [INFO][SyncManagerImpl::ConfigureSyncer] Types to download:  with reason: 5
2026-05-02 15:29:23.726: [INFO][SyncEngineBackend::DoFinishConfigureDataTypes] Failed to download types:  and succeeded types: 
2026-05-02 15:29:23.726: [INFO][Sync] ConfigurationDone, failed: , succeeded: , remaining count: 1
2026-05-02 15:29:23.731: [INFO][SyncManagerImpl::ConfigureSyncer] Types to download:  with reason: 5
2026-05-02 15:29:23.731: [INFO][SyncEngineBackend::DoFinishConfigureDataTypes] Failed to download types:  and succeeded types: 
2026-05-02 15:29:23.732: [INFO][Sync] ConfigurationDone, failed: , succeeded: , remaining count: 0
2026-05-02 15:29:23.737: [INFO][Sync]     Configuration completed, state: 7
2026-05-02 15:29:23.738: [INFO][Sync] Configured DataTypeManager: Ok
2026-05-02 15:29:23.745: [INFO][SyncEngineBackend::DoStartSyncing] Start syncing
2026-05-02 15:33:31.167: [INFO][Sync] Reset engine, reason: 0
2026-05-02 15:33:31.167: [INFO][Sync] Reset engine with reason: 0
2026-05-02 15:34:52.949: [INFO][Sync] Reset engine, reason: 8
2026-05-02 15:34:52.949: [INFO][Sync] Stopped: Bookmarks
2026-05-02 15:34:52.949: [INFO][Sync] Stopped: Preferences
2026-05-02 15:34:52.949: [INFO][Sync] Stopped: Passwords
2026-05-02 15:34:52.949: [INFO][Sync] Stopped: Autofill Profiles
2026-05-02 15:34:52.949: [INFO][Sync] Stopped: Autofill
2026-05-02 15:34:52.949: [INFO][Sync] Stopped: Extensions
2026-05-02 15:34:52.949: [INFO][Sync] Stopped: Sessions
2026-05-02 15:34:52.949: [INFO][Sync] Stopped: Extension settings
2026-05-02 15:34:52.949: [INFO][Sync] Stopped: History Delete Directives
2026-05-02 15:34:52.949: [INFO][Sync] Stopped: Device Info
2026-05-02 15:34:52.949: [INFO][Sync] Stopped: User Consents
2026-05-02 15:34:52.949: [INFO][Sync] Stopped: Send Tab To Self
2026-05-02 15:34:52.949: [INFO][Sync] Stopped: Web Apps
2026-05-02 15:34:52.949: [INFO][Sync] Stopped: History
2026-05-02 15:34:52.949: [INFO][Sync] Stopped: Saved Tab Group
2026-05-02 15:34:52.949: [INFO][Sync] Stopped: WebAuthn Credentials
2026-05-02 15:34:52.949: [INFO][Sync] Stopped: Collection
2026-05-02 15:34:52.949: [INFO][Sync] Stopped: Edge E Drop
2026-05-02 15:34:52.949: [INFO][Sync] Stopped: Edge Hub App Usage
2026-05-02 15:34:52.949: [INFO][Sync] Stopped: Edge Wallet
2026-05-02 15:34:52.949: [INFO][Sync] Stopped: Edge Workspace
2026-05-02 15:34:52.950: [INFO][Sync] SyncState after authenticated was: NotSignedIn
2026-05-02 15:34:53.243: [INFO][Sync] Reset engine, reason: 8
2026-05-02 15:34:53.243: [INFO][Sync] Stopped: Bookmarks
2026-05-02 15:34:53.243: [INFO][Sync] Stopped: Preferences
2026-05-02 15:34:53.243: [INFO][Sync] Stopped: Passwords
2026-05-02 15:34:53.243: [INFO][Sync] Stopped: Autofill Profiles
2026-05-02 15:34:53.243: [INFO][Sync] Stopped: Autofill
2026-05-02 15:34:53.243: [INFO][Sync] Stopped: Extensions
2026-05-02 15:34:53.243: [INFO][Sync] Stopped: Sessions
2026-05-02 15:34:53.243: [INFO][Sync] Stopped: Extension settings
2026-05-02 15:34:53.243: [INFO][Sync] Stopped: History Delete Directives
2026-05-02 15:34:53.243: [INFO][Sync] Stopped: Device Info
2026-05-02 15:34:53.243: [INFO][Sync] Stopped: User Consents
2026-05-02 15:34:53.243: [INFO][Sync] Stopped: Send Tab To Self
2026-05-02 15:34:53.243: [INFO][Sync] Stopped: Web Apps
2026-05-02 15:34:53.243: [INFO][Sync] Stopped: History
2026-05-02 15:34:53.243: [INFO][Sync] Stopped: Saved Tab Group
2026-05-02 15:34:53.243: [INFO][Sync] Stopped: WebAuthn Credentials
2026-05-02 15:34:53.243: [INFO][Sync] Stopped: Collection
2026-05-02 15:34:53.243: [INFO][Sync] Stopped: Edge E Drop
2026-05-02 15:34:53.243: [INFO][Sync] Stopped: Edge Hub App Usage
2026-05-02 15:34:53.243: [INFO][Sync] Stopped: Edge Wallet
2026-05-02 15:34:53.243: [INFO][Sync] Stopped: Edge Workspace
2026-05-02 15:34:55.672: [INFO][Sync] Try to start sync engine
2026-05-02 15:34:55.675: [INFO][SyncManagerImpl::NudgeForInitialDownload] Initial download nudge for Encryption Keys
2026-05-02 15:34:55.675: [INFO][SyncEngineBackend::LoadAndConnectNigoriController] Load and connect Nigori controller
2026-05-02 15:34:55.675: [INFO][SyncEngineBackend::DoInitialize] Control Types added: Encryption Keys
2026-05-02 15:34:55.675: [INFO][SyncManagerImpl::ConfigureSyncer] Types to download: Encryption Keys with reason: 3
2026-05-02 15:34:55.675: [INFO][SyncSchedulerImpl::DoConfigurationSyncCycleJob] Configure job was blocked
2026-05-02 15:34:55.734: [INFO][SyncAuthManager::SetLastAuthError] Current auth error: None
2026-05-02 15:34:55.734: [INFO][SyncAuthManager::EdgeLogTokenErrorState] Token error with: None for account type: MSA
2026-05-02 15:34:55.734: [INFO][Sync] Credentials changed for: EdgeSyncScopeNew
2026-05-02 15:34:56.756: [INFO][SyncAuthManager::SetLastAuthError] Current auth error: None
2026-05-02 15:34:56.756: [INFO][SyncAuthManager::EdgeLogTokenErrorState] Token error with: None for account type: MSA
2026-05-02 15:34:56.756: [INFO][Sync] Credentials changed for: EdgeSyncKeyDataScope
2026-05-02 15:34:56.757: [INFO][SyncEngineBackend::DoUpdateKeyDataCredentials] Update key data credentials
2026-05-02 15:34:56.757: [INFO][SyncEngineBackend::DoUpdateCredentials] Update credentials
2026-05-02 15:34:56.757: [INFO][SyncSchedulerImpl::DoConfigurationSyncCycleJob] Blocked types:  and types to download: Encryption Keys
2026-05-02 15:34:56.969: [INFO][Sync] Started DataTypeManager configuration, reason: 4
2026-05-02 15:34:56.969: [INFO][Sync] Configuring for: Bookmarks, Preferences, Passwords, Autofill Profiles, Autofill, Extensions, Sessions, Extension settings, History Delete Directives, Device Info, User Consents, Send Tab To Self, Web Apps, History, Saved Tab Group, WebAuthn Credentials, Collection, Edge E Drop, Edge Hub App Usage, Edge Wallet, Edge Workspace, Encryption Keys, reason: 4, current state: 0
2026-05-02 15:34:56.969: [WARN][Sync] Crypto error data types: Passwords, Autofill Profiles, Autofill
2026-05-02 15:34:56.975: [INFO][Sync] Configure, desired: Bookmarks, Preferences, Extensions, Sessions, Extension settings, History Delete Directives, Device Info, User Consents, Send Tab To Self, Web Apps, History, Saved Tab Group, WebAuthn Credentials, Collection, Edge E Drop, Edge Hub App Usage, Edge Wallet, Edge Workspace, Encryption Keys; Allow fail: Passwords, Autofill Profiles, Autofill
2026-05-02 15:34:56.975: [INFO][Sync] Loading: Bookmarks
2026-05-02 15:34:56.975: [INFO][Sync] Loading: Preferences
2026-05-02 15:34:56.975: [INFO][Sync] Loading: Extensions
2026-05-02 15:34:56.975: [INFO][Sync] Loading: Sessions
2026-05-02 15:34:56.976: [INFO][Sync] Loading: Extension settings
2026-05-02 15:34:56.976: [INFO][Sync] Loading: History Delete Directives
2026-05-02 15:34:56.976: [INFO][Sync] Loading: Device Info
2026-05-02 15:34:56.976: [INFO][Sync] Loading: User Consents
2026-05-02 15:34:56.976: [INFO][Sync] Loading: Send Tab To Self
2026-05-02 15:34:56.976: [INFO][Sync] Loading: Web Apps
2026-05-02 15:34:56.976: [INFO][Sync] Loading: History
2026-05-02 15:34:56.976: [INFO][Sync] Loading: Saved Tab Group
2026-05-02 15:34:56.976: [INFO][Sync] Loading: WebAuthn Credentials
2026-05-02 15:34:56.976: [INFO][Sync] Loading: Collection
2026-05-02 15:34:56.976: [INFO][Sync] Loading: Edge E Drop
2026-05-02 15:34:56.976: [INFO][Sync] Loading: Edge Hub App Usage
2026-05-02 15:34:56.976: [INFO][Sync] Loading: Edge Wallet
2026-05-02 15:34:56.976: [INFO][Sync] Loading: Edge Workspace
2026-05-02 15:34:57.012: [INFO][Sync] All data types are ready for configure.
2026-05-02 15:34:57.413: [INFO][SyncEngineBackend::DoStartConfiguration] Start configuration
2026-05-02 15:34:57.413: [INFO][SyncManagerImpl::NudgeForInitialDownload] Initial download nudge for Bookmarks
2026-05-02 15:34:57.413: [INFO][SyncManagerImpl::NudgeForInitialDownload] Initial download nudge for Preferences
2026-05-02 15:34:57.413: [INFO][SyncManagerImpl::NudgeForInitialDownload] Initial download nudge for Extensions
2026-05-02 15:34:57.413: [INFO][SyncManagerImpl::NudgeForInitialDownload] Initial download nudge for Sessions
2026-05-02 15:34:57.413: [INFO][SyncManagerImpl::NudgeForInitialDownload] Initial download nudge for Extension settings
2026-05-02 15:34:57.413: [INFO][SyncManagerImpl::NudgeForInitialDownload] Initial download nudge for History Delete Directives
2026-05-02 15:34:57.413: [INFO][SyncManagerImpl::NudgeForInitialDownload] Initial download nudge for Device Info
2026-05-02 15:34:57.413: [INFO][SyncManagerImpl::NudgeForInitialDownload] Initial download nudge for Send Tab To Self
2026-05-02 15:34:57.413: [INFO][SyncManagerImpl::NudgeForInitialDownload] Initial download nudge for Web Apps
2026-05-02 15:34:57.413: [INFO][SyncManagerImpl::NudgeForInitialDownload] Initial download nudge for History
2026-05-02 15:34:57.413: [INFO][SyncManagerImpl::NudgeForInitialDownload] Initial download nudge for Saved Tab Group
2026-05-02 15:34:57.413: [INFO][SyncManagerImpl::NudgeForInitialDownload] Initial download nudge for WebAuthn Credentials
2026-05-02 15:34:57.413: [INFO][SyncManagerImpl::NudgeForInitialDownload] Initial download nudge for Collection
2026-05-02 15:34:57.413: [INFO][SyncManagerImpl::NudgeForInitialDownload] Initial download nudge for Edge E Drop
2026-05-02 15:34:57.413: [INFO][SyncManagerImpl::NudgeForInitialDownload] Initial download nudge for Edge Hub App Usage
2026-05-02 15:34:57.413: [INFO][SyncManagerImpl::NudgeForInitialDownload] Initial download nudge for Edge Wallet
2026-05-02 15:34:57.413: [INFO][SyncManagerImpl::NudgeForInitialDownload] Initial download nudge for Edge Workspace
2026-05-02 15:34:57.413: [INFO][SyncManagerImpl::ConfigureSyncer] Types to download:  with reason: 4
2026-05-02 15:34:57.413: [INFO][SyncEngineBackend::DoFinishConfigureDataTypes] Failed to download types:  and succeeded types: 
2026-05-02 15:34:57.415: [INFO][Sync] Started DataTypeManager configuration, reason: 5
2026-05-02 15:34:57.415: [INFO][Sync] Configuring for: Bookmarks, Preferences, Passwords, Autofill Profiles, Autofill, Extensions, Sessions, Extension settings, History Delete Directives, Device Info, User Consents, Send Tab To Self, Web Apps, History, Saved Tab Group, WebAuthn Credentials, Collection, Edge E Drop, Edge Hub App Usage, Edge Wallet, Edge Workspace, Encryption Keys, reason: 5, current state: 1
2026-05-02 15:34:57.423: [INFO][Sync] ConfigurationDone, failed: , succeeded: , remaining count: 4
2026-05-02 15:34:57.423: [WARN][Sync]     Reconfigure requested while configuration ongoing.
2026-05-02 15:34:57.423: [INFO][Sync] Configuring for: Bookmarks, Preferences, Passwords, Autofill Profiles, Autofill, Extensions, Sessions, Extension settings, History Delete Directives, Device Info, User Consents, Send Tab To Self, Web Apps, History, Saved Tab Group, WebAuthn Credentials, Collection, Edge E Drop, Edge Hub App Usage, Edge Wallet, Edge Workspace, Encryption Keys, reason: 5, current state: 2
2026-05-02 15:34:57.423: [INFO][Sync] Configure, desired: Bookmarks, Preferences, Passwords, Autofill Profiles, Autofill, Extensions, Sessions, Extension settings, History Delete Directives, Device Info, User Consents, Send Tab To Self, Web Apps, History, Saved Tab Group, WebAuthn Credentials, Collection, Edge E Drop, Edge Hub App Usage, Edge Wallet, Edge Workspace, Encryption Keys; Allow fail: 
2026-05-02 15:34:57.423: [INFO][Sync] Loading: Passwords
2026-05-02 15:34:57.423: [INFO][Sync] Loading: Autofill Profiles
2026-05-02 15:34:57.423: [INFO][Sync] Loading: Autofill
2026-05-02 15:34:57.424: [INFO][Sync] All data types are ready for configure.
2026-05-02 15:34:57.424: [INFO][SyncManagerImpl::NudgeForInitialDownload] Initial download nudge for Passwords
2026-05-02 15:34:57.424: [INFO][SyncManagerImpl::NudgeForInitialDownload] Initial download nudge for Autofill Profiles
2026-05-02 15:34:57.424: [INFO][SyncManagerImpl::NudgeForInitialDownload] Initial download nudge for Autofill
2026-05-02 15:34:57.424: [INFO][SyncManagerImpl::ConfigureSyncer] Types to download:  with reason: 5
2026-05-02 15:34:57.424: [INFO][SyncEngineBackend::DoFinishConfigureDataTypes] Failed to download types:  and succeeded types: 
2026-05-02 15:34:57.424: [INFO][Sync] ConfigurationDone, failed: , succeeded: , remaining count: 4
2026-05-02 15:34:57.424: [INFO][Sync] Prepare to configure types: Preferences, Passwords, Device Info, Send Tab To Self, Edge E Drop, Encryption Keys
2026-05-02 15:34:57.424: [INFO][SyncManagerImpl::ConfigureSyncer] Types to download: Preferences, Passwords, Device Info, Send Tab To Self, Edge E Drop, Encryption Keys with reason: 5
2026-05-02 15:34:57.424: [INFO][SyncSchedulerImpl::DoConfigurationSyncCycleJob] Blocked types:  and types to download: Preferences, Passwords, Device Info, Send Tab To Self, Edge E Drop, Encryption Keys
2026-05-02 15:34:57.629: [INFO][SyncEngineBackend::DoFinishConfigureDataTypes] Failed to download types:  and succeeded types: Preferences, Passwords, Device Info, Send Tab To Self, Edge E Drop, Encryption Keys
2026-05-02 15:34:57.637: [INFO][Sync] ConfigurationDone, failed: , succeeded: Preferences, Passwords, Device Info, Send Tab To Self, Edge E Drop, Encryption Keys, remaining count: 3
2026-05-02 15:34:57.637: [INFO][Sync] Prepare to configure types: Bookmarks, Encryption Keys
2026-05-02 15:34:57.637: [INFO][SyncManagerImpl::ConfigureSyncer] Types to download: Bookmarks, Encryption Keys with reason: 5
2026-05-02 15:34:57.637: [INFO][SyncSchedulerImpl::DoConfigurationSyncCycleJob] Blocked types:  and types to download: Bookmarks, Encryption Keys
2026-05-02 15:34:57.762: [INFO][SyncEngineBackend::DoFinishConfigureDataTypes] Failed to download types:  and succeeded types: Bookmarks, Encryption Keys
2026-05-02 15:34:57.781: [INFO][Sync] ConfigurationDone, failed: , succeeded: Bookmarks, Encryption Keys, remaining count: 2
2026-05-02 15:34:57.781: [INFO][Sync] Prepare to configure types: Autofill Profiles, Autofill, Extensions, Sessions, Extension settings, History Delete Directives, Web Apps, Saved Tab Group, WebAuthn Credentials, Collection, Edge Hub App Usage, Edge Wallet, Edge Workspace, Encryption Keys
2026-05-02 15:34:57.781: [INFO][SyncManagerImpl::ConfigureSyncer] Types to download: Autofill Profiles, Autofill, Extensions, Sessions, Extension settings, History Delete Directives, Web Apps, Saved Tab Group, WebAuthn Credentials, Collection, Edge Hub App Usage, Edge Wallet, Edge Workspace, Encryption Keys with reason: 5
2026-05-02 15:34:57.781: [INFO][SyncSchedulerImpl::DoConfigurationSyncCycleJob] Blocked types:  and types to download: Autofill Profiles, Autofill, Extensions, Sessions, Extension settings, History Delete Directives, Web Apps, Saved Tab Group, WebAuthn Credentials, Collection, Edge Hub App Usage, Edge Wallet, Edge Workspace, Encryption Keys
2026-05-02 15:34:58.080: [INFO][SyncEngineBackend::DoFinishConfigureDataTypes] Failed to download types:  and succeeded types: Autofill Profiles, Autofill, Extensions, Sessions, Extension settings, History Delete Directives, Web Apps, Saved Tab Group, WebAuthn Credentials, Collection, Edge Hub App Usage, Edge Wallet, Edge Workspace, Encryption Keys
2026-05-02 15:34:58.088: [INFO][Sync] ConfigurationDone, failed: , succeeded: Autofill Profiles, Autofill, Extensions, Sessions, Extension settings, History Delete Directives, Web Apps, Saved Tab Group, WebAuthn Credentials, Collection, Edge Hub App Usage, Edge Wallet, Edge Workspace, Encryption Keys, remaining count: 1
2026-05-02 15:34:58.097: [INFO][Sync] Prepare to configure types: History, Encryption Keys
2026-05-02 15:34:58.097: [INFO][SyncManagerImpl::ConfigureSyncer] Types to download: History, Encryption Keys with reason: 5
2026-05-02 15:34:58.097: [INFO][SyncSchedulerImpl::DoConfigurationSyncCycleJob] Blocked types:  and types to download: History, Encryption Keys
2026-05-02 15:34:58.507: [INFO][SyncEngineBackend::DoFinishConfigureDataTypes] Failed to download types:  and succeeded types: History, Encryption Keys
2026-05-02 15:34:58.516: [INFO][Sync] ConfigurationDone, failed: , succeeded: History, Encryption Keys, remaining count: 0
2026-05-02 15:34:58.521: [INFO][Sync]     Configuration completed, state: 7
2026-05-02 15:34:58.522: [INFO][Sync] Configured DataTypeManager: Ok
2026-05-02 15:34:58.531: [INFO][SyncEngineBackend::DoStartSyncing] Start syncing
2026-05-02 15:52:22.073: [INFO][Sync] Reset engine, reason: 0
2026-05-02 15:52:22.073: [INFO][Sync] Reset engine with reason: 0
2026-05-02 15:53:09.167: [INFO][Sync] SyncState after authenticated was: FeatureCanStart
2026-05-02 15:53:10.893: [INFO][SyncAuthManager::SetLastAuthError] Current auth error: None
2026-05-02 15:53:10.893: [INFO][SyncAuthManager::EdgeLogTokenErrorState] Token error with: None for account type: MSA
2026-05-02 15:53:10.893: [INFO][Sync] Credentials changed for: EdgeSyncKeyDataScope
2026-05-02 15:53:19.135: [INFO][Sync] Try to start sync engine
2026-05-02 15:53:19.139: [INFO][SyncManagerImpl::NudgeForInitialDownload] Initial download nudge for Encryption Keys
2026-05-02 15:53:19.139: [INFO][SyncEngineBackend::LoadAndConnectNigoriController] Load and connect Nigori controller
2026-05-02 15:53:19.139: [INFO][SyncEngineBackend::DoInitialize] Control Types added: Encryption Keys
2026-05-02 15:53:19.139: [INFO][SyncManagerImpl::ConfigureSyncer] Types to download: Encryption Keys with reason: 3
2026-05-02 15:53:19.139: [INFO][SyncEngineBackend::DoUpdateKeyDataCredentials] Update key data credentials
2026-05-02 15:53:19.139: [INFO][SyncSchedulerImpl::DoConfigurationSyncCycleJob] Configure job was blocked
2026-05-02 15:53:19.153: [INFO][SyncAuthManager::SetLastAuthError] Current auth error: None
2026-05-02 15:53:19.153: [INFO][SyncAuthManager::EdgeLogTokenErrorState] Token error with: None for account type: MSA
2026-05-02 15:53:19.153: [INFO][Sync] Credentials changed for: EdgeSyncScopeNew
2026-05-02 15:53:19.153: [INFO][SyncEngineBackend::DoUpdateCredentials] Update credentials
2026-05-02 15:53:19.153: [INFO][SyncSchedulerImpl::DoConfigurationSyncCycleJob] Blocked types:  and types to download: Encryption Keys
2026-05-02 15:53:19.435: [INFO][SyncEngineBackend::DoUpdateKeyDataCredentials] Update key data credentials
2026-05-02 15:53:19.452: [INFO][Sync] Started DataTypeManager configuration, reason: 4
2026-05-02 15:53:19.453: [INFO][Sync] Configuring for: Bookmarks, Preferences, Passwords, Autofill Profiles, Autofill, Extensions, Sessions, Extension settings, History Delete Directives, Device Info, User Consents, Send Tab To Self, Web Apps, History, Saved Tab Group, WebAuthn Credentials, Collection, Edge E Drop, Edge Hub App Usage, Edge Wallet, Edge Workspace, Encryption Keys, reason: 4, current state: 0
2026-05-02 15:53:19.453: [WARN][Sync] Crypto error data types: Passwords, Autofill Profiles, Autofill
2026-05-02 15:53:19.457: [INFO][Sync] Configure, desired: Bookmarks, Preferences, Extensions, Sessions, Extension settings, History Delete Directives, Device Info, User Consents, Send Tab To Self, Web Apps, History, Saved Tab Group, WebAuthn Credentials, Collection, Edge E Drop, Edge Hub App Usage, Edge Wallet, Edge Workspace, Encryption Keys; Allow fail: Passwords, Autofill Profiles, Autofill
2026-05-02 15:53:19.458: [INFO][Sync] Loading: Bookmarks
2026-05-02 15:53:19.458: [INFO][Sync] Loading: Preferences
2026-05-02 15:53:19.458: [INFO][Sync] Loading: Extensions
2026-05-02 15:53:19.458: [INFO][Sync] Loading: Sessions
2026-05-02 15:53:19.458: [INFO][Sync] Loading: Extension settings
2026-05-02 15:53:19.458: [INFO][Sync] Loading: History Delete Directives
2026-05-02 15:53:19.458: [INFO][Sync] Loading: Device Info
2026-05-02 15:53:19.458: [INFO][Sync] Loading: User Consents
2026-05-02 15:53:19.458: [INFO][Sync] Loading: Send Tab To Self
2026-05-02 15:53:19.458: [INFO][Sync] Loading: Web Apps
2026-05-02 15:53:19.458: [INFO][Sync] Loading: History
2026-05-02 15:53:19.458: [INFO][Sync] Loading: Saved Tab Group
2026-05-02 15:53:19.458: [INFO][Sync] Loading: WebAuthn Credentials
2026-05-02 15:53:19.458: [INFO][Sync] Loading: Collection
2026-05-02 15:53:19.458: [INFO][Sync] Loading: Edge E Drop
2026-05-02 15:53:19.458: [INFO][Sync] Loading: Edge Hub App Usage
2026-05-02 15:53:19.458: [INFO][Sync] Loading: Edge Wallet
2026-05-02 15:53:19.458: [INFO][Sync] Loading: Edge Workspace
2026-05-02 15:53:19.471: [INFO][Sync] All data types are ready for configure.
2026-05-02 15:53:20.146: [INFO][SyncEngineBackend::DoStartConfiguration] Start configuration
2026-05-02 15:53:20.146: [INFO][SyncManagerImpl::ConfigureSyncer] Types to download:  with reason: 4
2026-05-02 15:53:20.147: [INFO][SyncEngineBackend::DoFinishConfigureDataTypes] Failed to download types:  and succeeded types: 
2026-05-02 15:53:20.150: [INFO][Sync] Started DataTypeManager configuration, reason: 5
2026-05-02 15:53:20.150: [INFO][Sync] Configuring for: Bookmarks, Preferences, Passwords, Autofill Profiles, Autofill, Extensions, Sessions, Extension settings, History Delete Directives, Device Info, User Consents, Send Tab To Self, Web Apps, History, Saved Tab Group, WebAuthn Credentials, Collection, Edge E Drop, Edge Hub App Usage, Edge Wallet, Edge Workspace, Encryption Keys, reason: 5, current state: 1
2026-05-02 15:53:20.155: [INFO][Sync] ConfigurationDone, failed: , succeeded: , remaining count: 4
2026-05-02 15:53:20.155: [WARN][Sync]     Reconfigure requested while configuration ongoing.
2026-05-02 15:53:20.155: [INFO][Sync] Configuring for: Bookmarks, Preferences, Passwords, Autofill Profiles, Autofill, Extensions, Sessions, Extension settings, History Delete Directives, Device Info, User Consents, Send Tab To Self, Web Apps, History, Saved Tab Group, WebAuthn Credentials, Collection, Edge E Drop, Edge Hub App Usage, Edge Wallet, Edge Workspace, Encryption Keys, reason: 5, current state: 2
2026-05-02 15:53:20.155: [INFO][Sync] Configure, desired: Bookmarks, Preferences, Passwords, Autofill Profiles, Autofill, Extensions, Sessions, Extension settings, History Delete Directives, Device Info, User Consents, Send Tab To Self, Web Apps, History, Saved Tab Group, WebAuthn Credentials, Collection, Edge E Drop, Edge Hub App Usage, Edge Wallet, Edge Workspace, Encryption Keys; Allow fail: 
2026-05-02 15:53:20.155: [INFO][Sync] Loading: Passwords
2026-05-02 15:53:20.155: [INFO][Sync] Loading: Autofill Profiles
2026-05-02 15:53:20.155: [INFO][Sync] Loading: Autofill
2026-05-02 15:53:20.155: [INFO][Sync] All data types are ready for configure.
2026-05-02 15:53:20.155: [INFO][SyncManagerImpl::NudgeForInitialDownload] Initial download nudge for Passwords
2026-05-02 15:53:20.155: [INFO][SyncManagerImpl::ConfigureSyncer] Types to download:  with reason: 5
2026-05-02 15:53:20.155: [INFO][SyncEngineBackend::DoFinishConfigureDataTypes] Failed to download types:  and succeeded types: 
2026-05-02 15:53:20.156: [INFO][Sync] ConfigurationDone, failed: , succeeded: , remaining count: 4
2026-05-02 15:53:20.156: [INFO][Sync] Prepare to configure types: Passwords, Encryption Keys
2026-05-02 15:53:20.156: [INFO][SyncManagerImpl::ConfigureSyncer] Types to download: Passwords, Encryption Keys with reason: 5
2026-05-02 15:53:20.156: [INFO][SyncSchedulerImpl::DoConfigurationSyncCycleJob] Blocked types:  and types to download: Passwords, Encryption Keys
2026-05-02 15:53:20.355: [INFO][SyncEngineBackend::DoFinishConfigureDataTypes] Failed to download types:  and succeeded types: Passwords, Encryption Keys
2026-05-02 15:53:20.358: [INFO][Sync] ConfigurationDone, failed: , succeeded: Passwords, Encryption Keys, remaining count: 3
2026-05-02 15:53:20.358: [INFO][SyncManagerImpl::ConfigureSyncer] Types to download:  with reason: 5
2026-05-02 15:53:20.358: [INFO][SyncEngineBackend::DoFinishConfigureDataTypes] Failed to download types:  and succeeded types: 
2026-05-02 15:53:20.358: [INFO][Sync] ConfigurationDone, failed: , succeeded: , remaining count: 2
2026-05-02 15:53:20.358: [INFO][SyncManagerImpl::ConfigureSyncer] Types to download:  with reason: 5
2026-05-02 15:53:20.358: [INFO][SyncEngineBackend::DoFinishConfigureDataTypes] Failed to download types:  and succeeded types: 
2026-05-02 15:53:20.365: [INFO][Sync] ConfigurationDone, failed: , succeeded: , remaining count: 1
2026-05-02 15:53:20.371: [INFO][SyncManagerImpl::ConfigureSyncer] Types to download:  with reason: 5
2026-05-02 15:53:20.371: [INFO][SyncEngineBackend::DoFinishConfigureDataTypes] Failed to download types:  and succeeded types: 
2026-05-02 15:53:20.372: [INFO][Sync] ConfigurationDone, failed: , succeeded: , remaining count: 0
2026-05-02 15:53:20.376: [INFO][Sync]     Configuration completed, state: 7
2026-05-02 15:53:20.376: [INFO][Sync] Configured DataTypeManager: Ok
2026-05-02 15:53:20.381: [INFO][SyncEngineBackend::DoStartSyncing] Start syncing
2026-05-02 16:30:13.019: [INFO][Sync] Reset engine, reason: 0
2026-05-02 16:30:13.019: [INFO][Sync] Reset engine with reason: 0
